                                      1 ;--------------------------------------------------------
                                      2 ; File Created by SDCC : free open source ISO C Compiler 
                                      3 ; Version 4.3.2 #14228 (MINGW64)
                                      4 ;--------------------------------------------------------
                                      5 	.module CustomFont
                                      6 	.optsdcc -msm83
                                      7 	
                                      8 ;--------------------------------------------------------
                                      9 ; Public variables in this module
                                     10 ;--------------------------------------------------------
                                     11 	.globl _CustomFont
                                     12 ;--------------------------------------------------------
                                     13 ; special function registers
                                     14 ;--------------------------------------------------------
                                     15 ;--------------------------------------------------------
                                     16 ; ram data
                                     17 ;--------------------------------------------------------
                                     18 	.area _DATA
                                     19 ;--------------------------------------------------------
                                     20 ; ram data
                                     21 ;--------------------------------------------------------
                                     22 	.area _INITIALIZED
                                     23 ;--------------------------------------------------------
                                     24 ; absolute external ram data
                                     25 ;--------------------------------------------------------
                                     26 	.area _DABS (ABS)
                                     27 ;--------------------------------------------------------
                                     28 ; global & static initialisations
                                     29 ;--------------------------------------------------------
                                     30 	.area _HOME
                                     31 	.area _GSINIT
                                     32 	.area _GSFINAL
                                     33 	.area _GSINIT
                                     34 ;--------------------------------------------------------
                                     35 ; Home
                                     36 ;--------------------------------------------------------
                                     37 	.area _HOME
                                     38 	.area _HOME
                                     39 ;--------------------------------------------------------
                                     40 ; code
                                     41 ;--------------------------------------------------------
                                     42 	.area _CODE
                                     43 	.area _CODE
      000000                         44 _CustomFont:
      000000 FF                      45 	.db #0xff	; 255
      000001 FF                      46 	.db #0xff	; 255
      000002 FF                      47 	.db #0xff	; 255
      000003 FF                      48 	.db #0xff	; 255
      000004 FF                      49 	.db #0xff	; 255
      000005 FF                      50 	.db #0xff	; 255
      000006 FF                      51 	.db #0xff	; 255
      000007 FF                      52 	.db #0xff	; 255
      000008 FF                      53 	.db #0xff	; 255
      000009 FF                      54 	.db #0xff	; 255
      00000A FF                      55 	.db #0xff	; 255
      00000B FF                      56 	.db #0xff	; 255
      00000C FF                      57 	.db #0xff	; 255
      00000D FF                      58 	.db #0xff	; 255
      00000E FF                      59 	.db #0xff	; 255
      00000F FF                      60 	.db #0xff	; 255
      000010 9F                      61 	.db #0x9f	; 159
      000011 9F                      62 	.db #0x9f	; 159
      000012 9F                      63 	.db #0x9f	; 159
      000013 9F                      64 	.db #0x9f	; 159
      000014 9F                      65 	.db #0x9f	; 159
      000015 9F                      66 	.db #0x9f	; 159
      000016 9F                      67 	.db #0x9f	; 159
      000017 9F                      68 	.db #0x9f	; 159
      000018 BF                      69 	.db #0xbf	; 191
      000019 BF                      70 	.db #0xbf	; 191
      00001A FF                      71 	.db #0xff	; 255
      00001B FF                      72 	.db #0xff	; 255
      00001C BF                      73 	.db #0xbf	; 191
      00001D BF                      74 	.db #0xbf	; 191
      00001E FF                      75 	.db #0xff	; 255
      00001F FF                      76 	.db #0xff	; 255
      000020 D7                      77 	.db #0xd7	; 215
      000021 D7                      78 	.db #0xd7	; 215
      000022 D7                      79 	.db #0xd7	; 215
      000023 D7                      80 	.db #0xd7	; 215
      000024 FF                      81 	.db #0xff	; 255
      000025 FF                      82 	.db #0xff	; 255
      000026 FF                      83 	.db #0xff	; 255
      000027 FF                      84 	.db #0xff	; 255
      000028 FF                      85 	.db #0xff	; 255
      000029 FF                      86 	.db #0xff	; 255
      00002A FF                      87 	.db #0xff	; 255
      00002B FF                      88 	.db #0xff	; 255
      00002C FF                      89 	.db #0xff	; 255
      00002D FF                      90 	.db #0xff	; 255
      00002E FF                      91 	.db #0xff	; 255
      00002F FF                      92 	.db #0xff	; 255
      000030 FF                      93 	.db #0xff	; 255
      000031 FF                      94 	.db #0xff	; 255
      000032 FF                      95 	.db #0xff	; 255
      000033 FF                      96 	.db #0xff	; 255
      000034 FF                      97 	.db #0xff	; 255
      000035 FF                      98 	.db #0xff	; 255
      000036 FF                      99 	.db #0xff	; 255
      000037 FF                     100 	.db #0xff	; 255
      000038 FF                     101 	.db #0xff	; 255
      000039 FF                     102 	.db #0xff	; 255
      00003A FF                     103 	.db #0xff	; 255
      00003B FF                     104 	.db #0xff	; 255
      00003C 57                     105 	.db #0x57	; 87	'W'
      00003D 57                     106 	.db #0x57	; 87	'W'
      00003E FF                     107 	.db #0xff	; 255
      00003F FF                     108 	.db #0xff	; 255
      000040 EF                     109 	.db #0xef	; 239
      000041 C3                     110 	.db #0xc3	; 195
      000042 DD                     111 	.db #0xdd	; 221
      000043 81                     112 	.db #0x81	; 129
      000044 A3                     113 	.db #0xa3	; 163
      000045 1C                     114 	.db #0x1c	; 28
      000046 56                     115 	.db #0x56	; 86	'V'
      000047 20                     116 	.db #0x20	; 32
      000048 E5                     117 	.db #0xe5	; 229
      000049 18                     118 	.db #0x18	; 24
      00004A DB                     119 	.db #0xdb	; 219
      00004B 04                     120 	.db #0x04	; 4
      00004C 87                     121 	.db #0x87	; 135
      00004D B9                     122 	.db #0xb9	; 185
      00004E EF                     123 	.db #0xef	; 239
      00004F C3                     124 	.db #0xc3	; 195
      000050 FF                     125 	.db #0xff	; 255
      000051 FF                     126 	.db #0xff	; 255
      000052 9D                     127 	.db #0x9d	; 157
      000053 9D                     128 	.db #0x9d	; 157
      000054 9B                     129 	.db #0x9b	; 155
      000055 9B                     130 	.db #0x9b	; 155
      000056 F7                     131 	.db #0xf7	; 247
      000057 F7                     132 	.db #0xf7	; 247
      000058 EF                     133 	.db #0xef	; 239
      000059 EF                     134 	.db #0xef	; 239
      00005A D9                     135 	.db #0xd9	; 217
      00005B D9                     136 	.db #0xd9	; 217
      00005C B9                     137 	.db #0xb9	; 185
      00005D B9                     138 	.db #0xb9	; 185
      00005E FF                     139 	.db #0xff	; 255
      00005F FF                     140 	.db #0xff	; 255
      000060 FF                     141 	.db #0xff	; 255
      000061 FF                     142 	.db #0xff	; 255
      000062 FF                     143 	.db #0xff	; 255
      000063 FF                     144 	.db #0xff	; 255
      000064 FF                     145 	.db #0xff	; 255
      000065 FF                     146 	.db #0xff	; 255
      000066 C1                     147 	.db #0xc1	; 193
      000067 FF                     148 	.db #0xff	; 255
      000068 E3                     149 	.db #0xe3	; 227
      000069 DD                     150 	.db #0xdd	; 221
      00006A D5                     151 	.db #0xd5	; 213
      00006B C9                     152 	.db #0xc9	; 201
      00006C EB                     153 	.db #0xeb	; 235
      00006D E3                     154 	.db #0xe3	; 227
      00006E F7                     155 	.db #0xf7	; 247
      00006F F7                     156 	.db #0xf7	; 247
      000070 EF                     157 	.db #0xef	; 239
      000071 EF                     158 	.db #0xef	; 239
      000072 EF                     159 	.db #0xef	; 239
      000073 EF                     160 	.db #0xef	; 239
      000074 FF                     161 	.db #0xff	; 255
      000075 FF                     162 	.db #0xff	; 255
      000076 FF                     163 	.db #0xff	; 255
      000077 FF                     164 	.db #0xff	; 255
      000078 FF                     165 	.db #0xff	; 255
      000079 FF                     166 	.db #0xff	; 255
      00007A FF                     167 	.db #0xff	; 255
      00007B FF                     168 	.db #0xff	; 255
      00007C FF                     169 	.db #0xff	; 255
      00007D FF                     170 	.db #0xff	; 255
      00007E FF                     171 	.db #0xff	; 255
      00007F FF                     172 	.db #0xff	; 255
      000080 FB                     173 	.db #0xfb	; 251
      000081 FB                     174 	.db #0xfb	; 251
      000082 F7                     175 	.db #0xf7	; 247
      000083 F7                     176 	.db #0xf7	; 247
      000084 F7                     177 	.db #0xf7	; 247
      000085 F7                     178 	.db #0xf7	; 247
      000086 F7                     179 	.db #0xf7	; 247
      000087 F7                     180 	.db #0xf7	; 247
      000088 F7                     181 	.db #0xf7	; 247
      000089 F7                     182 	.db #0xf7	; 247
      00008A F7                     183 	.db #0xf7	; 247
      00008B F7                     184 	.db #0xf7	; 247
      00008C FB                     185 	.db #0xfb	; 251
      00008D FB                     186 	.db #0xfb	; 251
      00008E FF                     187 	.db #0xff	; 255
      00008F FF                     188 	.db #0xff	; 255
      000090 DF                     189 	.db #0xdf	; 223
      000091 DF                     190 	.db #0xdf	; 223
      000092 EF                     191 	.db #0xef	; 239
      000093 EF                     192 	.db #0xef	; 239
      000094 EF                     193 	.db #0xef	; 239
      000095 EF                     194 	.db #0xef	; 239
      000096 EF                     195 	.db #0xef	; 239
      000097 EF                     196 	.db #0xef	; 239
      000098 EF                     197 	.db #0xef	; 239
      000099 EF                     198 	.db #0xef	; 239
      00009A EF                     199 	.db #0xef	; 239
      00009B EF                     200 	.db #0xef	; 239
      00009C DF                     201 	.db #0xdf	; 223
      00009D DF                     202 	.db #0xdf	; 223
      00009E FF                     203 	.db #0xff	; 255
      00009F FF                     204 	.db #0xff	; 255
      0000A0 FF                     205 	.db #0xff	; 255
      0000A1 FF                     206 	.db #0xff	; 255
      0000A2 C3                     207 	.db #0xc3	; 195
      0000A3 C3                     208 	.db #0xc3	; 195
      0000A4 C3                     209 	.db #0xc3	; 195
      0000A5 C1                     210 	.db #0xc1	; 193
      0000A6 C2                     211 	.db #0xc2	; 194
      0000A7 C1                     212 	.db #0xc1	; 193
      0000A8 C2                     213 	.db #0xc2	; 194
      0000A9 C1                     214 	.db #0xc1	; 193
      0000AA FE                     215 	.db #0xfe	; 254
      0000AB E1                     216 	.db #0xe1	; 225
      0000AC F0                     217 	.db #0xf0	; 240
      0000AD FF                     218 	.db #0xff	; 255
      0000AE FF                     219 	.db #0xff	; 255
      0000AF FF                     220 	.db #0xff	; 255
      0000B0 FF                     221 	.db #0xff	; 255
      0000B1 FF                     222 	.db #0xff	; 255
      0000B2 E7                     223 	.db #0xe7	; 231
      0000B3 E7                     224 	.db #0xe7	; 231
      0000B4 E7                     225 	.db #0xe7	; 231
      0000B5 E7                     226 	.db #0xe7	; 231
      0000B6 81                     227 	.db #0x81	; 129
      0000B7 81                     228 	.db #0x81	; 129
      0000B8 E7                     229 	.db #0xe7	; 231
      0000B9 E7                     230 	.db #0xe7	; 231
      0000BA E7                     231 	.db #0xe7	; 231
      0000BB E7                     232 	.db #0xe7	; 231
      0000BC FF                     233 	.db #0xff	; 255
      0000BD FF                     234 	.db #0xff	; 255
      0000BE FF                     235 	.db #0xff	; 255
      0000BF FF                     236 	.db #0xff	; 255
      0000C0 FF                     237 	.db #0xff	; 255
      0000C1 FF                     238 	.db #0xff	; 255
      0000C2 FF                     239 	.db #0xff	; 255
      0000C3 FF                     240 	.db #0xff	; 255
      0000C4 FF                     241 	.db #0xff	; 255
      0000C5 FF                     242 	.db #0xff	; 255
      0000C6 FF                     243 	.db #0xff	; 255
      0000C7 FF                     244 	.db #0xff	; 255
      0000C8 DF                     245 	.db #0xdf	; 223
      0000C9 DF                     246 	.db #0xdf	; 223
      0000CA DF                     247 	.db #0xdf	; 223
      0000CB DF                     248 	.db #0xdf	; 223
      0000CC BF                     249 	.db #0xbf	; 191
      0000CD BF                     250 	.db #0xbf	; 191
      0000CE FF                     251 	.db #0xff	; 255
      0000CF FF                     252 	.db #0xff	; 255
      0000D0 FF                     253 	.db #0xff	; 255
      0000D1 FF                     254 	.db #0xff	; 255
      0000D2 FF                     255 	.db #0xff	; 255
      0000D3 FF                     256 	.db #0xff	; 255
      0000D4 FF                     257 	.db #0xff	; 255
      0000D5 FF                     258 	.db #0xff	; 255
      0000D6 81                     259 	.db #0x81	; 129
      0000D7 81                     260 	.db #0x81	; 129
      0000D8 FF                     261 	.db #0xff	; 255
      0000D9 FF                     262 	.db #0xff	; 255
      0000DA FF                     263 	.db #0xff	; 255
      0000DB FF                     264 	.db #0xff	; 255
      0000DC FF                     265 	.db #0xff	; 255
      0000DD FF                     266 	.db #0xff	; 255
      0000DE FF                     267 	.db #0xff	; 255
      0000DF FF                     268 	.db #0xff	; 255
      0000E0 FF                     269 	.db #0xff	; 255
      0000E1 FF                     270 	.db #0xff	; 255
      0000E2 FF                     271 	.db #0xff	; 255
      0000E3 FF                     272 	.db #0xff	; 255
      0000E4 FF                     273 	.db #0xff	; 255
      0000E5 FF                     274 	.db #0xff	; 255
      0000E6 FF                     275 	.db #0xff	; 255
      0000E7 FF                     276 	.db #0xff	; 255
      0000E8 FF                     277 	.db #0xff	; 255
      0000E9 FF                     278 	.db #0xff	; 255
      0000EA 9F                     279 	.db #0x9f	; 159
      0000EB 9F                     280 	.db #0x9f	; 159
      0000EC 9F                     281 	.db #0x9f	; 159
      0000ED 9F                     282 	.db #0x9f	; 159
      0000EE FF                     283 	.db #0xff	; 255
      0000EF FF                     284 	.db #0xff	; 255
      0000F0 C7                     285 	.db #0xc7	; 199
      0000F1 C7                     286 	.db #0xc7	; 199
      0000F2 01                     287 	.db #0x01	; 1
      0000F3 01                     288 	.db #0x01	; 1
      0000F4 39                     289 	.db #0x39	; 57	'9'
      0000F5 39                     290 	.db #0x39	; 57	'9'
      0000F6 FB                     291 	.db #0xfb	; 251
      0000F7 FB                     292 	.db #0xfb	; 251
      0000F8 E7                     293 	.db #0xe7	; 231
      0000F9 E7                     294 	.db #0xe7	; 231
      0000FA E7                     295 	.db #0xe7	; 231
      0000FB E7                     296 	.db #0xe7	; 231
      0000FC FF                     297 	.db #0xff	; 255
      0000FD FF                     298 	.db #0xff	; 255
      0000FE E7                     299 	.db #0xe7	; 231
      0000FF E7                     300 	.db #0xe7	; 231
      000100 C3                     301 	.db #0xc3	; 195
      000101 C3                     302 	.db #0xc3	; 195
      000102 B9                     303 	.db #0xb9	; 185
      000103 B9                     304 	.db #0xb9	; 185
      000104 B5                     305 	.db #0xb5	; 181
      000105 B5                     306 	.db #0xb5	; 181
      000106 AD                     307 	.db #0xad	; 173
      000107 AD                     308 	.db #0xad	; 173
      000108 AD                     309 	.db #0xad	; 173
      000109 AD                     310 	.db #0xad	; 173
      00010A 9D                     311 	.db #0x9d	; 157
      00010B 9D                     312 	.db #0x9d	; 157
      00010C C3                     313 	.db #0xc3	; 195
      00010D C3                     314 	.db #0xc3	; 195
      00010E FF                     315 	.db #0xff	; 255
      00010F FF                     316 	.db #0xff	; 255
      000110 E7                     317 	.db #0xe7	; 231
      000111 E7                     318 	.db #0xe7	; 231
      000112 D7                     319 	.db #0xd7	; 215
      000113 D7                     320 	.db #0xd7	; 215
      000114 F7                     321 	.db #0xf7	; 247
      000115 F7                     322 	.db #0xf7	; 247
      000116 F7                     323 	.db #0xf7	; 247
      000117 F7                     324 	.db #0xf7	; 247
      000118 F7                     325 	.db #0xf7	; 247
      000119 F7                     326 	.db #0xf7	; 247
      00011A F7                     327 	.db #0xf7	; 247
      00011B F7                     328 	.db #0xf7	; 247
      00011C C3                     329 	.db #0xc3	; 195
      00011D C3                     330 	.db #0xc3	; 195
      00011E FF                     331 	.db #0xff	; 255
      00011F FF                     332 	.db #0xff	; 255
      000120 C3                     333 	.db #0xc3	; 195
      000121 C3                     334 	.db #0xc3	; 195
      000122 BD                     335 	.db #0xbd	; 189
      000123 BD                     336 	.db #0xbd	; 189
      000124 FD                     337 	.db #0xfd	; 253
      000125 FD                     338 	.db #0xfd	; 253
      000126 F3                     339 	.db #0xf3	; 243
      000127 F3                     340 	.db #0xf3	; 243
      000128 CF                     341 	.db #0xcf	; 207
      000129 CF                     342 	.db #0xcf	; 207
      00012A BF                     343 	.db #0xbf	; 191
      00012B BF                     344 	.db #0xbf	; 191
      00012C 81                     345 	.db #0x81	; 129
      00012D 81                     346 	.db #0x81	; 129
      00012E FF                     347 	.db #0xff	; 255
      00012F FF                     348 	.db #0xff	; 255
      000130 C3                     349 	.db #0xc3	; 195
      000131 C3                     350 	.db #0xc3	; 195
      000132 BD                     351 	.db #0xbd	; 189
      000133 BD                     352 	.db #0xbd	; 189
      000134 FD                     353 	.db #0xfd	; 253
      000135 FD                     354 	.db #0xfd	; 253
      000136 F3                     355 	.db #0xf3	; 243
      000137 F3                     356 	.db #0xf3	; 243
      000138 FD                     357 	.db #0xfd	; 253
      000139 FD                     358 	.db #0xfd	; 253
      00013A BD                     359 	.db #0xbd	; 189
      00013B BD                     360 	.db #0xbd	; 189
      00013C C3                     361 	.db #0xc3	; 195
      00013D C3                     362 	.db #0xc3	; 195
      00013E FF                     363 	.db #0xff	; 255
      00013F FF                     364 	.db #0xff	; 255
      000140 F3                     365 	.db #0xf3	; 243
      000141 F3                     366 	.db #0xf3	; 243
      000142 EB                     367 	.db #0xeb	; 235
      000143 EB                     368 	.db #0xeb	; 235
      000144 DB                     369 	.db #0xdb	; 219
      000145 DB                     370 	.db #0xdb	; 219
      000146 BB                     371 	.db #0xbb	; 187
      000147 BB                     372 	.db #0xbb	; 187
      000148 81                     373 	.db #0x81	; 129
      000149 81                     374 	.db #0x81	; 129
      00014A FB                     375 	.db #0xfb	; 251
      00014B FB                     376 	.db #0xfb	; 251
      00014C FB                     377 	.db #0xfb	; 251
      00014D FB                     378 	.db #0xfb	; 251
      00014E FF                     379 	.db #0xff	; 255
      00014F FF                     380 	.db #0xff	; 255
      000150 81                     381 	.db #0x81	; 129
      000151 81                     382 	.db #0x81	; 129
      000152 BF                     383 	.db #0xbf	; 191
      000153 BF                     384 	.db #0xbf	; 191
      000154 BF                     385 	.db #0xbf	; 191
      000155 BF                     386 	.db #0xbf	; 191
      000156 83                     387 	.db #0x83	; 131
      000157 83                     388 	.db #0x83	; 131
      000158 FD                     389 	.db #0xfd	; 253
      000159 FD                     390 	.db #0xfd	; 253
      00015A FD                     391 	.db #0xfd	; 253
      00015B FD                     392 	.db #0xfd	; 253
      00015C 83                     393 	.db #0x83	; 131
      00015D 83                     394 	.db #0x83	; 131
      00015E FF                     395 	.db #0xff	; 255
      00015F FF                     396 	.db #0xff	; 255
      000160 C3                     397 	.db #0xc3	; 195
      000161 C3                     398 	.db #0xc3	; 195
      000162 BD                     399 	.db #0xbd	; 189
      000163 BD                     400 	.db #0xbd	; 189
      000164 BF                     401 	.db #0xbf	; 191
      000165 BF                     402 	.db #0xbf	; 191
      000166 83                     403 	.db #0x83	; 131
      000167 83                     404 	.db #0x83	; 131
      000168 BD                     405 	.db #0xbd	; 189
      000169 BD                     406 	.db #0xbd	; 189
      00016A BD                     407 	.db #0xbd	; 189
      00016B BD                     408 	.db #0xbd	; 189
      00016C C3                     409 	.db #0xc3	; 195
      00016D C3                     410 	.db #0xc3	; 195
      00016E FF                     411 	.db #0xff	; 255
      00016F FF                     412 	.db #0xff	; 255
      000170 81                     413 	.db #0x81	; 129
      000171 81                     414 	.db #0x81	; 129
      000172 BD                     415 	.db #0xbd	; 189
      000173 BD                     416 	.db #0xbd	; 189
      000174 FD                     417 	.db #0xfd	; 253
      000175 FD                     418 	.db #0xfd	; 253
      000176 FB                     419 	.db #0xfb	; 251
      000177 FB                     420 	.db #0xfb	; 251
      000178 FB                     421 	.db #0xfb	; 251
      000179 FB                     422 	.db #0xfb	; 251
      00017A F7                     423 	.db #0xf7	; 247
      00017B F7                     424 	.db #0xf7	; 247
      00017C F7                     425 	.db #0xf7	; 247
      00017D F7                     426 	.db #0xf7	; 247
      00017E FF                     427 	.db #0xff	; 255
      00017F FF                     428 	.db #0xff	; 255
      000180 C3                     429 	.db #0xc3	; 195
      000181 C3                     430 	.db #0xc3	; 195
      000182 BD                     431 	.db #0xbd	; 189
      000183 BD                     432 	.db #0xbd	; 189
      000184 BD                     433 	.db #0xbd	; 189
      000185 BD                     434 	.db #0xbd	; 189
      000186 C3                     435 	.db #0xc3	; 195
      000187 C3                     436 	.db #0xc3	; 195
      000188 BD                     437 	.db #0xbd	; 189
      000189 BD                     438 	.db #0xbd	; 189
      00018A BD                     439 	.db #0xbd	; 189
      00018B BD                     440 	.db #0xbd	; 189
      00018C C3                     441 	.db #0xc3	; 195
      00018D C3                     442 	.db #0xc3	; 195
      00018E FF                     443 	.db #0xff	; 255
      00018F FF                     444 	.db #0xff	; 255
      000190 C3                     445 	.db #0xc3	; 195
      000191 C3                     446 	.db #0xc3	; 195
      000192 BD                     447 	.db #0xbd	; 189
      000193 BD                     448 	.db #0xbd	; 189
      000194 BD                     449 	.db #0xbd	; 189
      000195 BD                     450 	.db #0xbd	; 189
      000196 C1                     451 	.db #0xc1	; 193
      000197 C1                     452 	.db #0xc1	; 193
      000198 FD                     453 	.db #0xfd	; 253
      000199 FD                     454 	.db #0xfd	; 253
      00019A FD                     455 	.db #0xfd	; 253
      00019B FD                     456 	.db #0xfd	; 253
      00019C FD                     457 	.db #0xfd	; 253
      00019D FD                     458 	.db #0xfd	; 253
      00019E FF                     459 	.db #0xff	; 255
      00019F FF                     460 	.db #0xff	; 255
      0001A0 C3                     461 	.db #0xc3	; 195
      0001A1 C3                     462 	.db #0xc3	; 195
      0001A2 99                     463 	.db #0x99	; 153
      0001A3 99                     464 	.db #0x99	; 153
      0001A4 B9                     465 	.db #0xb9	; 185
      0001A5 B9                     466 	.db #0xb9	; 185
      0001A6 01                     467 	.db #0x01	; 1
      0001A7 01                     468 	.db #0x01	; 1
      0001A8 B9                     469 	.db #0xb9	; 185
      0001A9 B9                     470 	.db #0xb9	; 185
      0001AA B9                     471 	.db #0xb9	; 185
      0001AB B9                     472 	.db #0xb9	; 185
      0001AC 99                     473 	.db #0x99	; 153
      0001AD 99                     474 	.db #0x99	; 153
      0001AE FF                     475 	.db #0xff	; 255
      0001AF FF                     476 	.db #0xff	; 255
      0001B0 01                     477 	.db #0x01	; 1
      0001B1 01                     478 	.db #0x01	; 1
      0001B2 79                     479 	.db #0x79	; 121	'y'
      0001B3 79                     480 	.db #0x79	; 121	'y'
      0001B4 65                     481 	.db #0x65	; 101	'e'
      0001B5 65                     482 	.db #0x65	; 101	'e'
      0001B6 79                     483 	.db #0x79	; 121	'y'
      0001B7 79                     484 	.db #0x79	; 121	'y'
      0001B8 65                     485 	.db #0x65	; 101	'e'
      0001B9 65                     486 	.db #0x65	; 101	'e'
      0001BA 79                     487 	.db #0x79	; 121	'y'
      0001BB 79                     488 	.db #0x79	; 121	'y'
      0001BC 01                     489 	.db #0x01	; 1
      0001BD 01                     490 	.db #0x01	; 1
      0001BE FF                     491 	.db #0xff	; 255
      0001BF FF                     492 	.db #0xff	; 255
      0001C0 83                     493 	.db #0x83	; 131
      0001C1 83                     494 	.db #0x83	; 131
      0001C2 19                     495 	.db #0x19	; 25
      0001C3 19                     496 	.db #0x19	; 25
      0001C4 3D                     497 	.db #0x3d	; 61
      0001C5 3D                     498 	.db #0x3d	; 61
      0001C6 3F                     499 	.db #0x3f	; 63
      0001C7 3F                     500 	.db #0x3f	; 63
      0001C8 3D                     501 	.db #0x3d	; 61
      0001C9 3D                     502 	.db #0x3d	; 61
      0001CA 19                     503 	.db #0x19	; 25
      0001CB 19                     504 	.db #0x19	; 25
      0001CC 83                     505 	.db #0x83	; 131
      0001CD 83                     506 	.db #0x83	; 131
      0001CE FF                     507 	.db #0xff	; 255
      0001CF FF                     508 	.db #0xff	; 255
      0001D0 03                     509 	.db #0x03	; 3
      0001D1 03                     510 	.db #0x03	; 3
      0001D2 99                     511 	.db #0x99	; 153
      0001D3 99                     512 	.db #0x99	; 153
      0001D4 99                     513 	.db #0x99	; 153
      0001D5 99                     514 	.db #0x99	; 153
      0001D6 0D                     515 	.db #0x0d	; 13
      0001D7 0D                     516 	.db #0x0d	; 13
      0001D8 9D                     517 	.db #0x9d	; 157
      0001D9 9D                     518 	.db #0x9d	; 157
      0001DA 9D                     519 	.db #0x9d	; 157
      0001DB 9D                     520 	.db #0x9d	; 157
      0001DC 01                     521 	.db #0x01	; 1
      0001DD 01                     522 	.db #0x01	; 1
      0001DE FF                     523 	.db #0xff	; 255
      0001DF FF                     524 	.db #0xff	; 255
      0001E0 01                     525 	.db #0x01	; 1
      0001E1 01                     526 	.db #0x01	; 1
      0001E2 B9                     527 	.db #0xb9	; 185
      0001E3 B9                     528 	.db #0xb9	; 185
      0001E4 A3                     529 	.db #0xa3	; 163
      0001E5 A3                     530 	.db #0xa3	; 163
      0001E6 33                     531 	.db #0x33	; 51	'3'
      0001E7 33                     532 	.db #0x33	; 51	'3'
      0001E8 A3                     533 	.db #0xa3	; 163
      0001E9 A3                     534 	.db #0xa3	; 163
      0001EA B9                     535 	.db #0xb9	; 185
      0001EB B9                     536 	.db #0xb9	; 185
      0001EC 01                     537 	.db #0x01	; 1
      0001ED 01                     538 	.db #0x01	; 1
      0001EE FF                     539 	.db #0xff	; 255
      0001EF FF                     540 	.db #0xff	; 255
      0001F0 81                     541 	.db #0x81	; 129
      0001F1 81                     542 	.db #0x81	; 129
      0001F2 BD                     543 	.db #0xbd	; 189
      0001F3 BD                     544 	.db #0xbd	; 189
      0001F4 A1                     545 	.db #0xa1	; 161
      0001F5 A1                     546 	.db #0xa1	; 161
      0001F6 37                     547 	.db #0x37	; 55	'7'
      0001F7 37                     548 	.db #0x37	; 55	'7'
      0001F8 A7                     549 	.db #0xa7	; 167
      0001F9 A7                     550 	.db #0xa7	; 167
      0001FA AF                     551 	.db #0xaf	; 175
      0001FB AF                     552 	.db #0xaf	; 175
      0001FC 8F                     553 	.db #0x8f	; 143
      0001FD 8F                     554 	.db #0x8f	; 143
      0001FE FF                     555 	.db #0xff	; 255
      0001FF FF                     556 	.db #0xff	; 255
      000200 81                     557 	.db #0x81	; 129
      000201 81                     558 	.db #0x81	; 129
      000202 39                     559 	.db #0x39	; 57	'9'
      000203 39                     560 	.db #0x39	; 57	'9'
      000204 3F                     561 	.db #0x3f	; 63
      000205 3F                     562 	.db #0x3f	; 63
      000206 21                     563 	.db #0x21	; 33
      000207 21                     564 	.db #0x21	; 33
      000208 39                     565 	.db #0x39	; 57	'9'
      000209 39                     566 	.db #0x39	; 57	'9'
      00020A 39                     567 	.db #0x39	; 57	'9'
      00020B 39                     568 	.db #0x39	; 57	'9'
      00020C 81                     569 	.db #0x81	; 129
      00020D 81                     570 	.db #0x81	; 129
      00020E FF                     571 	.db #0xff	; 255
      00020F FF                     572 	.db #0xff	; 255
      000210 11                     573 	.db #0x11	; 17
      000211 11                     574 	.db #0x11	; 17
      000212 99                     575 	.db #0x99	; 153
      000213 99                     576 	.db #0x99	; 153
      000214 99                     577 	.db #0x99	; 153
      000215 99                     578 	.db #0x99	; 153
      000216 01                     579 	.db #0x01	; 1
      000217 01                     580 	.db #0x01	; 1
      000218 99                     581 	.db #0x99	; 153
      000219 99                     582 	.db #0x99	; 153
      00021A 99                     583 	.db #0x99	; 153
      00021B 99                     584 	.db #0x99	; 153
      00021C 11                     585 	.db #0x11	; 17
      00021D 11                     586 	.db #0x11	; 17
      00021E FF                     587 	.db #0xff	; 255
      00021F FF                     588 	.db #0xff	; 255
      000220 01                     589 	.db #0x01	; 1
      000221 01                     590 	.db #0x01	; 1
      000222 BB                     591 	.db #0xbb	; 187
      000223 BB                     592 	.db #0xbb	; 187
      000224 D7                     593 	.db #0xd7	; 215
      000225 D7                     594 	.db #0xd7	; 215
      000226 D7                     595 	.db #0xd7	; 215
      000227 D7                     596 	.db #0xd7	; 215
      000228 D7                     597 	.db #0xd7	; 215
      000229 D7                     598 	.db #0xd7	; 215
      00022A BB                     599 	.db #0xbb	; 187
      00022B BB                     600 	.db #0xbb	; 187
      00022C 01                     601 	.db #0x01	; 1
      00022D 01                     602 	.db #0x01	; 1
      00022E FF                     603 	.db #0xff	; 255
      00022F FF                     604 	.db #0xff	; 255
      000230 F1                     605 	.db #0xf1	; 241
      000231 F1                     606 	.db #0xf1	; 241
      000232 F5                     607 	.db #0xf5	; 245
      000233 F5                     608 	.db #0xf5	; 245
      000234 F5                     609 	.db #0xf5	; 245
      000235 F5                     610 	.db #0xf5	; 245
      000236 95                     611 	.db #0x95	; 149
      000237 95                     612 	.db #0x95	; 149
      000238 6D                     613 	.db #0x6d	; 109	'm'
      000239 6D                     614 	.db #0x6d	; 109	'm'
      00023A BB                     615 	.db #0xbb	; 187
      00023B BB                     616 	.db #0xbb	; 187
      00023C C7                     617 	.db #0xc7	; 199
      00023D C7                     618 	.db #0xc7	; 199
      00023E FF                     619 	.db #0xff	; 255
      00023F FF                     620 	.db #0xff	; 255
      000240 39                     621 	.db #0x39	; 57	'9'
      000241 39                     622 	.db #0x39	; 57	'9'
      000242 B3                     623 	.db #0xb3	; 179
      000243 B3                     624 	.db #0xb3	; 179
      000244 87                     625 	.db #0x87	; 135
      000245 87                     626 	.db #0x87	; 135
      000246 8F                     627 	.db #0x8f	; 143
      000247 8F                     628 	.db #0x8f	; 143
      000248 A7                     629 	.db #0xa7	; 167
      000249 A7                     630 	.db #0xa7	; 167
      00024A 33                     631 	.db #0x33	; 51	'3'
      00024B 33                     632 	.db #0x33	; 51	'3'
      00024C 39                     633 	.db #0x39	; 57	'9'
      00024D 39                     634 	.db #0x39	; 57	'9'
      00024E FF                     635 	.db #0xff	; 255
      00024F FF                     636 	.db #0xff	; 255
      000250 03                     637 	.db #0x03	; 3
      000251 03                     638 	.db #0x03	; 3
      000252 43                     639 	.db #0x43	; 67	'C'
      000253 43                     640 	.db #0x43	; 67	'C'
      000254 43                     641 	.db #0x43	; 67	'C'
      000255 43                     642 	.db #0x43	; 67	'C'
      000256 43                     643 	.db #0x43	; 67	'C'
      000257 43                     644 	.db #0x43	; 67	'C'
      000258 43                     645 	.db #0x43	; 67	'C'
      000259 43                     646 	.db #0x43	; 67	'C'
      00025A 7B                     647 	.db #0x7b	; 123
      00025B 7B                     648 	.db #0x7b	; 123
      00025C 03                     649 	.db #0x03	; 3
      00025D 03                     650 	.db #0x03	; 3
      00025E FF                     651 	.db #0xff	; 255
      00025F FF                     652 	.db #0xff	; 255
      000260 03                     653 	.db #0x03	; 3
      000261 03                     654 	.db #0x03	; 3
      000262 69                     655 	.db #0x69	; 105	'i'
      000263 69                     656 	.db #0x69	; 105	'i'
      000264 55                     657 	.db #0x55	; 85	'U'
      000265 55                     658 	.db #0x55	; 85	'U'
      000266 55                     659 	.db #0x55	; 85	'U'
      000267 55                     660 	.db #0x55	; 85	'U'
      000268 45                     661 	.db #0x45	; 69	'E'
      000269 45                     662 	.db #0x45	; 69	'E'
      00026A 55                     663 	.db #0x55	; 85	'U'
      00026B 55                     664 	.db #0x55	; 85	'U'
      00026C 11                     665 	.db #0x11	; 17
      00026D 11                     666 	.db #0x11	; 17
      00026E FF                     667 	.db #0xff	; 255
      00026F FF                     668 	.db #0xff	; 255
      000270 39                     669 	.db #0x39	; 57	'9'
      000271 39                     670 	.db #0x39	; 57	'9'
      000272 19                     671 	.db #0x19	; 25
      000273 19                     672 	.db #0x19	; 25
      000274 AD                     673 	.db #0xad	; 173
      000275 AD                     674 	.db #0xad	; 173
      000276 AD                     675 	.db #0xad	; 173
      000277 AD                     676 	.db #0xad	; 173
      000278 B5                     677 	.db #0xb5	; 181
      000279 B5                     678 	.db #0xb5	; 181
      00027A 31                     679 	.db #0x31	; 49	'1'
      00027B 31                     680 	.db #0x31	; 49	'1'
      00027C 39                     681 	.db #0x39	; 57	'9'
      00027D 39                     682 	.db #0x39	; 57	'9'
      00027E FF                     683 	.db #0xff	; 255
      00027F FF                     684 	.db #0xff	; 255
      000280 81                     685 	.db #0x81	; 129
      000281 81                     686 	.db #0x81	; 129
      000282 7D                     687 	.db #0x7d	; 125
      000283 7D                     688 	.db #0x7d	; 125
      000284 4D                     689 	.db #0x4d	; 77	'M'
      000285 4D                     690 	.db #0x4d	; 77	'M'
      000286 55                     691 	.db #0x55	; 85	'U'
      000287 55                     692 	.db #0x55	; 85	'U'
      000288 65                     693 	.db #0x65	; 101	'e'
      000289 65                     694 	.db #0x65	; 101	'e'
      00028A 7D                     695 	.db #0x7d	; 125
      00028B 7D                     696 	.db #0x7d	; 125
      00028C 03                     697 	.db #0x03	; 3
      00028D 03                     698 	.db #0x03	; 3
      00028E FF                     699 	.db #0xff	; 255
      00028F FF                     700 	.db #0xff	; 255
      000290 03                     701 	.db #0x03	; 3
      000291 03                     702 	.db #0x03	; 3
      000292 99                     703 	.db #0x99	; 153
      000293 99                     704 	.db #0x99	; 153
      000294 09                     705 	.db #0x09	; 9
      000295 09                     706 	.db #0x09	; 9
      000296 99                     707 	.db #0x99	; 153
      000297 99                     708 	.db #0x99	; 153
      000298 83                     709 	.db #0x83	; 131
      000299 83                     710 	.db #0x83	; 131
      00029A 9F                     711 	.db #0x9f	; 159
      00029B 9F                     712 	.db #0x9f	; 159
      00029C 0F                     713 	.db #0x0f	; 15
      00029D 0F                     714 	.db #0x0f	; 15
      00029E FF                     715 	.db #0xff	; 255
      00029F FF                     716 	.db #0xff	; 255
      0002A0 83                     717 	.db #0x83	; 131
      0002A1 83                     718 	.db #0x83	; 131
      0002A2 39                     719 	.db #0x39	; 57	'9'
      0002A3 39                     720 	.db #0x39	; 57	'9'
      0002A4 7D                     721 	.db #0x7d	; 125
      0002A5 7D                     722 	.db #0x7d	; 125
      0002A6 69                     723 	.db #0x69	; 105	'i'
      0002A7 69                     724 	.db #0x69	; 105	'i'
      0002A8 71                     725 	.db #0x71	; 113	'q'
      0002A9 71                     726 	.db #0x71	; 113	'q'
      0002AA 23                     727 	.db #0x23	; 35
      0002AB 23                     728 	.db #0x23	; 35
      0002AC 85                     729 	.db #0x85	; 133
      0002AD 85                     730 	.db #0x85	; 133
      0002AE FF                     731 	.db #0xff	; 255
      0002AF FF                     732 	.db #0xff	; 255
      0002B0 03                     733 	.db #0x03	; 3
      0002B1 03                     734 	.db #0x03	; 3
      0002B2 99                     735 	.db #0x99	; 153
      0002B3 99                     736 	.db #0x99	; 153
      0002B4 99                     737 	.db #0x99	; 153
      0002B5 99                     738 	.db #0x99	; 153
      0002B6 83                     739 	.db #0x83	; 131
      0002B7 83                     740 	.db #0x83	; 131
      0002B8 9B                     741 	.db #0x9b	; 155
      0002B9 9B                     742 	.db #0x9b	; 155
      0002BA 99                     743 	.db #0x99	; 153
      0002BB 99                     744 	.db #0x99	; 153
      0002BC 19                     745 	.db #0x19	; 25
      0002BD 19                     746 	.db #0x19	; 25
      0002BE FF                     747 	.db #0xff	; 255
      0002BF FF                     748 	.db #0xff	; 255
      0002C0 01                     749 	.db #0x01	; 1
      0002C1 01                     750 	.db #0x01	; 1
      0002C2 3D                     751 	.db #0x3d	; 61
      0002C3 3D                     752 	.db #0x3d	; 61
      0002C4 41                     753 	.db #0x41	; 65	'A'
      0002C5 41                     754 	.db #0x41	; 65	'A'
      0002C6 39                     755 	.db #0x39	; 57	'9'
      0002C7 39                     756 	.db #0x39	; 57	'9'
      0002C8 05                     757 	.db #0x05	; 5
      0002C9 05                     758 	.db #0x05	; 5
      0002CA 79                     759 	.db #0x79	; 121	'y'
      0002CB 79                     760 	.db #0x79	; 121	'y'
      0002CC 01                     761 	.db #0x01	; 1
      0002CD 01                     762 	.db #0x01	; 1
      0002CE FF                     763 	.db #0xff	; 255
      0002CF FF                     764 	.db #0xff	; 255
      0002D0 01                     765 	.db #0x01	; 1
      0002D1 01                     766 	.db #0x01	; 1
      0002D2 7D                     767 	.db #0x7d	; 125
      0002D3 7D                     768 	.db #0x7d	; 125
      0002D4 55                     769 	.db #0x55	; 85	'U'
      0002D5 55                     770 	.db #0x55	; 85	'U'
      0002D6 11                     771 	.db #0x11	; 17
      0002D7 11                     772 	.db #0x11	; 17
      0002D8 11                     773 	.db #0x11	; 17
      0002D9 11                     774 	.db #0x11	; 17
      0002DA 11                     775 	.db #0x11	; 17
      0002DB 11                     776 	.db #0x11	; 17
      0002DC 01                     777 	.db #0x01	; 1
      0002DD 01                     778 	.db #0x01	; 1
      0002DE FF                     779 	.db #0xff	; 255
      0002DF FF                     780 	.db #0xff	; 255
      0002E0 19                     781 	.db #0x19	; 25
      0002E1 19                     782 	.db #0x19	; 25
      0002E2 99                     783 	.db #0x99	; 153
      0002E3 99                     784 	.db #0x99	; 153
      0002E4 9D                     785 	.db #0x9d	; 157
      0002E5 9D                     786 	.db #0x9d	; 157
      0002E6 99                     787 	.db #0x99	; 153
      0002E7 99                     788 	.db #0x99	; 153
      0002E8 95                     789 	.db #0x95	; 149
      0002E9 95                     790 	.db #0x95	; 149
      0002EA AD                     791 	.db #0xad	; 173
      0002EB AD                     792 	.db #0xad	; 173
      0002EC C1                     793 	.db #0xc1	; 193
      0002ED C1                     794 	.db #0xc1	; 193
      0002EE FF                     795 	.db #0xff	; 255
      0002EF FF                     796 	.db #0xff	; 255
      0002F0 19                     797 	.db #0x19	; 25
      0002F1 19                     798 	.db #0x19	; 25
      0002F2 99                     799 	.db #0x99	; 153
      0002F3 99                     800 	.db #0x99	; 153
      0002F4 99                     801 	.db #0x99	; 153
      0002F5 99                     802 	.db #0x99	; 153
      0002F6 9B                     803 	.db #0x9b	; 155
      0002F7 9B                     804 	.db #0x9b	; 155
      0002F8 D3                     805 	.db #0xd3	; 211
      0002F9 D3                     806 	.db #0xd3	; 211
      0002FA C7                     807 	.db #0xc7	; 199
      0002FB C7                     808 	.db #0xc7	; 199
      0002FC EF                     809 	.db #0xef	; 239
      0002FD EF                     810 	.db #0xef	; 239
      0002FE FF                     811 	.db #0xff	; 255
      0002FF FF                     812 	.db #0xff	; 255
      000300 39                     813 	.db #0x39	; 57	'9'
      000301 39                     814 	.db #0x39	; 57	'9'
      000302 39                     815 	.db #0x39	; 57	'9'
      000303 39                     816 	.db #0x39	; 57	'9'
      000304 BD                     817 	.db #0xbd	; 189
      000305 BD                     818 	.db #0xbd	; 189
      000306 A5                     819 	.db #0xa5	; 165
      000307 A5                     820 	.db #0xa5	; 165
      000308 A5                     821 	.db #0xa5	; 165
      000309 A5                     822 	.db #0xa5	; 165
      00030A 81                     823 	.db #0x81	; 129
      00030B 81                     824 	.db #0x81	; 129
      00030C 99                     825 	.db #0x99	; 153
      00030D 99                     826 	.db #0x99	; 153
      00030E FF                     827 	.db #0xff	; 255
      00030F FF                     828 	.db #0xff	; 255
      000310 39                     829 	.db #0x39	; 57	'9'
      000311 39                     830 	.db #0x39	; 57	'9'
      000312 BB                     831 	.db #0xbb	; 187
      000313 BB                     832 	.db #0xbb	; 187
      000314 D7                     833 	.db #0xd7	; 215
      000315 D7                     834 	.db #0xd7	; 215
      000316 01                     835 	.db #0x01	; 1
      000317 01                     836 	.db #0x01	; 1
      000318 D7                     837 	.db #0xd7	; 215
      000319 D7                     838 	.db #0xd7	; 215
      00031A BB                     839 	.db #0xbb	; 187
      00031B BB                     840 	.db #0xbb	; 187
      00031C 39                     841 	.db #0x39	; 57	'9'
      00031D 39                     842 	.db #0x39	; 57	'9'
      00031E FF                     843 	.db #0xff	; 255
      00031F FF                     844 	.db #0xff	; 255
      000320 E7                     845 	.db #0xe7	; 231
      000321 E7                     846 	.db #0xe7	; 231
      000322 EF                     847 	.db #0xef	; 239
      000323 EF                     848 	.db #0xef	; 239
      000324 01                     849 	.db #0x01	; 1
      000325 01                     850 	.db #0x01	; 1
      000326 83                     851 	.db #0x83	; 131
      000327 83                     852 	.db #0x83	; 131
      000328 C7                     853 	.db #0xc7	; 199
      000329 C7                     854 	.db #0xc7	; 199
      00032A EF                     855 	.db #0xef	; 239
      00032B EF                     856 	.db #0xef	; 239
      00032C C7                     857 	.db #0xc7	; 199
      00032D C7                     858 	.db #0xc7	; 199
      00032E FF                     859 	.db #0xff	; 255
      00032F FF                     860 	.db #0xff	; 255
      000330 01                     861 	.db #0x01	; 1
      000331 01                     862 	.db #0x01	; 1
      000332 7D                     863 	.db #0x7d	; 125
      000333 7D                     864 	.db #0x7d	; 125
      000334 49                     865 	.db #0x49	; 73	'I'
      000335 49                     866 	.db #0x49	; 73	'I'
      000336 11                     867 	.db #0x11	; 17
      000337 11                     868 	.db #0x11	; 17
      000338 25                     869 	.db #0x25	; 37
      000339 25                     870 	.db #0x25	; 37
      00033A 7D                     871 	.db #0x7d	; 125
      00033B 7D                     872 	.db #0x7d	; 125
      00033C 01                     873 	.db #0x01	; 1
      00033D 01                     874 	.db #0x01	; 1
      00033E FF                     875 	.db #0xff	; 255
      00033F FF                     876 	.db #0xff	; 255
                                    877 	.area _INITIALIZER
                                    878 	.area _CABS (ABS)
