                                      1 ;--------------------------------------------------------
                                      2 ; File Created by SDCC : free open source ISO C Compiler 
                                      3 ; Version 4.3.2 #14228 (MINGW64)
                                      4 ;--------------------------------------------------------
                                      5 	.module Dialog_Border_sprite
                                      6 	.optsdcc -msm83
                                      7 	
                                      8 ;--------------------------------------------------------
                                      9 ; Public variables in this module
                                     10 ;--------------------------------------------------------
                                     11 	.globl _Dialog_Border_sprite
                                     12 ;--------------------------------------------------------
                                     13 ; special function registers
                                     14 ;--------------------------------------------------------
                                     15 ;--------------------------------------------------------
                                     16 ; ram data
                                     17 ;--------------------------------------------------------
                                     18 	.area _DATA
                                     19 ;--------------------------------------------------------
                                     20 ; ram data
                                     21 ;--------------------------------------------------------
                                     22 	.area _INITIALIZED
                                     23 ;--------------------------------------------------------
                                     24 ; absolute external ram data
                                     25 ;--------------------------------------------------------
                                     26 	.area _DABS (ABS)
                                     27 ;--------------------------------------------------------
                                     28 ; global & static initialisations
                                     29 ;--------------------------------------------------------
                                     30 	.area _HOME
                                     31 	.area _GSINIT
                                     32 	.area _GSFINAL
                                     33 	.area _GSINIT
                                     34 ;--------------------------------------------------------
                                     35 ; Home
                                     36 ;--------------------------------------------------------
                                     37 	.area _HOME
                                     38 	.area _HOME
                                     39 ;--------------------------------------------------------
                                     40 ; code
                                     41 ;--------------------------------------------------------
                                     42 	.area _CODE
                                     43 	.area _CODE
      000000                         44 _Dialog_Border_sprite:
      000000 FF                      45 	.db #0xff	; 255
      000001 C7                      46 	.db #0xc7	; 199
      000002 DF                      47 	.db #0xdf	; 223
      000003 A3                      48 	.db #0xa3	; 163
      000004 FF                      49 	.db #0xff	; 255
      000005 83                      50 	.db #0x83	; 131
      000006 54                      51 	.db #0x54	; 84	'T'
      000007 A8                      52 	.db #0xa8	; 168
      000008 B8                      53 	.db #0xb8	; 184
      000009 C0                      54 	.db #0xc0	; 192
      00000A C3                      55 	.db #0xc3	; 195
      00000B E0                      56 	.db #0xe0	; 224
      00000C E4                      57 	.db #0xe4	; 228
      00000D E3                      58 	.db #0xe3	; 227
      00000E E5                      59 	.db #0xe5	; 229
      00000F E3                      60 	.db #0xe3	; 227
      000010 FD                      61 	.db #0xfd	; 253
      000011 FD                      62 	.db #0xfd	; 253
      000012 F9                      63 	.db #0xf9	; 249
      000013 F9                      64 	.db #0xf9	; 249
      000014 F1                      65 	.db #0xf1	; 241
      000015 F1                      66 	.db #0xf1	; 241
      000016 03                      67 	.db #0x03	; 3
      000017 01                      68 	.db #0x01	; 1
      000018 03                      69 	.db #0x03	; 3
      000019 01                      70 	.db #0x01	; 1
      00001A C5                      71 	.db #0xc5	; 197
      00001B 03                      72 	.db #0x03	; 3
      00001C 23                      73 	.db #0x23	; 35
      00001D C7                      74 	.db #0xc7	; 199
      00001E A7                      75 	.db #0xa7	; 167
      00001F C7                      76 	.db #0xc7	; 199
      000020 A7                      77 	.db #0xa7	; 167
      000021 C7                      78 	.db #0xc7	; 199
      000022 27                      79 	.db #0x27	; 39
      000023 C7                      80 	.db #0xc7	; 199
      000024 C7                      81 	.db #0xc7	; 199
      000025 0B                      82 	.db #0x0b	; 11
      000026 0F                      83 	.db #0x0f	; 15
      000027 10                      84 	.db #0x10	; 16
      000028 15                      85 	.db #0x15	; 21
      000029 2A                      86 	.db #0x2a	; 42
      00002A FF                      87 	.db #0xff	; 255
      00002B C0                      88 	.db #0xc0	; 192
      00002C F7                      89 	.db #0xf7	; 247
      00002D E9                      90 	.db #0xe9	; 233
      00002E FF                      91 	.db #0xff	; 255
      00002F E3                      92 	.db #0xe3	; 227
      000030 E5                      93 	.db #0xe5	; 229
      000031 E3                      94 	.db #0xe3	; 227
      000032 E4                      95 	.db #0xe4	; 228
      000033 D3                      96 	.db #0xd3	; 211
      000034 E3                      97 	.db #0xe3	; 227
      000035 D0                      98 	.db #0xd0	; 208
      000036 F0                      99 	.db #0xf0	; 240
      000037 EC                     100 	.db #0xec	; 236
      000038 F0                     101 	.db #0xf0	; 240
      000039 EE                     102 	.db #0xee	; 238
      00003A FB                     103 	.db #0xfb	; 251
      00003B F7                     104 	.db #0xf7	; 247
      00003C FB                     105 	.db #0xfb	; 251
      00003D F7                     106 	.db #0xf7	; 247
      00003E F7                     107 	.db #0xf7	; 247
      00003F FF                     108 	.db #0xff	; 255
      000040 FF                     109 	.db #0xff	; 255
      000041 FF                     110 	.db #0xff	; 255
      000042 00                     111 	.db #0x00	; 0
      000043 FF                     112 	.db #0xff	; 255
      000044 FF                     113 	.db #0xff	; 255
      000045 00                     114 	.db #0x00	; 0
      000046 00                     115 	.db #0x00	; 0
      000047 00                     116 	.db #0x00	; 0
      000048 00                     117 	.db #0x00	; 0
      000049 00                     118 	.db #0x00	; 0
      00004A FF                     119 	.db #0xff	; 255
      00004B FF                     120 	.db #0xff	; 255
      00004C FF                     121 	.db #0xff	; 255
      00004D FF                     122 	.db #0xff	; 255
      00004E FF                     123 	.db #0xff	; 255
      00004F FF                     124 	.db #0xff	; 255
      000050 FF                     125 	.db #0xff	; 255
      000051 FF                     126 	.db #0xff	; 255
      000052 FF                     127 	.db #0xff	; 255
      000053 FF                     128 	.db #0xff	; 255
      000054 FF                     129 	.db #0xff	; 255
      000055 FF                     130 	.db #0xff	; 255
      000056 00                     131 	.db #0x00	; 0
      000057 00                     132 	.db #0x00	; 0
      000058 00                     133 	.db #0x00	; 0
      000059 00                     134 	.db #0x00	; 0
      00005A FF                     135 	.db #0xff	; 255
      00005B 00                     136 	.db #0x00	; 0
      00005C 00                     137 	.db #0x00	; 0
      00005D FF                     138 	.db #0xff	; 255
      00005E FF                     139 	.db #0xff	; 255
      00005F FF                     140 	.db #0xff	; 255
      000060 E5                     141 	.db #0xe5	; 229
      000061 E3                     142 	.db #0xe3	; 227
      000062 E5                     143 	.db #0xe5	; 229
      000063 E3                     144 	.db #0xe3	; 227
      000064 E5                     145 	.db #0xe5	; 229
      000065 E3                     146 	.db #0xe3	; 227
      000066 E5                     147 	.db #0xe5	; 229
      000067 E3                     148 	.db #0xe3	; 227
      000068 E5                     149 	.db #0xe5	; 229
      000069 E3                     150 	.db #0xe3	; 227
      00006A E5                     151 	.db #0xe5	; 229
      00006B E3                     152 	.db #0xe3	; 227
      00006C E5                     153 	.db #0xe5	; 229
      00006D E3                     154 	.db #0xe3	; 227
      00006E E5                     155 	.db #0xe5	; 229
      00006F E3                     156 	.db #0xe3	; 227
      000070 A7                     157 	.db #0xa7	; 167
      000071 C7                     158 	.db #0xc7	; 199
      000072 A7                     159 	.db #0xa7	; 167
      000073 C7                     160 	.db #0xc7	; 199
      000074 A7                     161 	.db #0xa7	; 167
      000075 C7                     162 	.db #0xc7	; 199
      000076 A7                     163 	.db #0xa7	; 167
      000077 C7                     164 	.db #0xc7	; 199
      000078 A7                     165 	.db #0xa7	; 167
      000079 C7                     166 	.db #0xc7	; 199
      00007A A7                     167 	.db #0xa7	; 167
      00007B C7                     168 	.db #0xc7	; 199
      00007C A7                     169 	.db #0xa7	; 167
      00007D C7                     170 	.db #0xc7	; 199
      00007E A7                     171 	.db #0xa7	; 167
      00007F C7                     172 	.db #0xc7	; 199
                                    173 	.area _INITIALIZER
                                    174 	.area _CABS (ABS)
