                                      1 ;--------------------------------------------------------
                                      2 ; File Created by SDCC : free open source ISO C Compiler 
                                      3 ; Version 4.3.2 #14228 (MINGW64)
                                      4 ;--------------------------------------------------------
                                      5 	.module Level1_1_map
                                      6 	.optsdcc -msm83
                                      7 	
                                      8 ;--------------------------------------------------------
                                      9 ; Public variables in this module
                                     10 ;--------------------------------------------------------
                                     11 	.globl _Level1_1_map
                                     12 ;--------------------------------------------------------
                                     13 ; special function registers
                                     14 ;--------------------------------------------------------
                                     15 ;--------------------------------------------------------
                                     16 ; ram data
                                     17 ;--------------------------------------------------------
                                     18 	.area _DATA
                                     19 ;--------------------------------------------------------
                                     20 ; ram data
                                     21 ;--------------------------------------------------------
                                     22 	.area _INITIALIZED
                                     23 ;--------------------------------------------------------
                                     24 ; absolute external ram data
                                     25 ;--------------------------------------------------------
                                     26 	.area _DABS (ABS)
                                     27 ;--------------------------------------------------------
                                     28 ; global & static initialisations
                                     29 ;--------------------------------------------------------
                                     30 	.area _HOME
                                     31 	.area _GSINIT
                                     32 	.area _GSFINAL
                                     33 	.area _GSINIT
                                     34 ;--------------------------------------------------------
                                     35 ; Home
                                     36 ;--------------------------------------------------------
                                     37 	.area _HOME
                                     38 	.area _HOME
                                     39 ;--------------------------------------------------------
                                     40 ; code
                                     41 ;--------------------------------------------------------
                                     42 	.area _CODE
                                     43 	.area _CODE
      000000                         44 _Level1_1_map:
      000000 47                      45 	.db #0x47	; 71	'G'
      000001 13                      46 	.db #0x13	; 19
      000002 09                      47 	.db #0x09	; 9
      000003 0B                      48 	.db #0x0b	; 11
      000004 11                      49 	.db #0x11	; 17
      000005 13                      50 	.db #0x13	; 19
      000006 11                      51 	.db #0x11	; 17
      000007 13                      52 	.db #0x13	; 19
      000008 11                      53 	.db #0x11	; 17
      000009 13                      54 	.db #0x13	; 19
      00000A 09                      55 	.db #0x09	; 9
      00000B 0B                      56 	.db #0x0b	; 11
      00000C 11                      57 	.db #0x11	; 17
      00000D 13                      58 	.db #0x13	; 19
      00000E 11                      59 	.db #0x11	; 17
      00000F 09                      60 	.db #0x09	; 9
      000010 0B                      61 	.db #0x0b	; 11
      000011 13                      62 	.db #0x13	; 19
      000012 11                      63 	.db #0x11	; 17
      000013 44                      64 	.db #0x44	; 68	'D'
      000014 48                      65 	.db #0x48	; 72	'H'
      000015 14                      66 	.db #0x14	; 20
      000016 0A                      67 	.db #0x0a	; 10
      000017 0C                      68 	.db #0x0c	; 12
      000018 12                      69 	.db #0x12	; 18
      000019 14                      70 	.db #0x14	; 20
      00001A 12                      71 	.db #0x12	; 18
      00001B 14                      72 	.db #0x14	; 20
      00001C 12                      73 	.db #0x12	; 18
      00001D 14                      74 	.db #0x14	; 20
      00001E 0A                      75 	.db #0x0a	; 10
      00001F 0C                      76 	.db #0x0c	; 12
      000020 12                      77 	.db #0x12	; 18
      000021 14                      78 	.db #0x14	; 20
      000022 12                      79 	.db #0x12	; 18
      000023 0A                      80 	.db #0x0a	; 10
      000024 0C                      81 	.db #0x0c	; 12
      000025 14                      82 	.db #0x14	; 20
      000026 14                      83 	.db #0x14	; 20
      000027 45                      84 	.db #0x45	; 69	'E'
      000028 49                      85 	.db #0x49	; 73	'I'
      000029 16                      86 	.db #0x16	; 22
      00002A 0D                      87 	.db #0x0d	; 13
      00002B 0F                      88 	.db #0x0f	; 15
      00002C 15                      89 	.db #0x15	; 21
      00002D 16                      90 	.db #0x16	; 22
      00002E 15                      91 	.db #0x15	; 21
      00002F 16                      92 	.db #0x16	; 22
      000030 15                      93 	.db #0x15	; 21
      000031 16                      94 	.db #0x16	; 22
      000032 0D                      95 	.db #0x0d	; 13
      000033 0F                      96 	.db #0x0f	; 15
      000034 15                      97 	.db #0x15	; 21
      000035 16                      98 	.db #0x16	; 22
      000036 15                      99 	.db #0x15	; 21
      000037 0D                     100 	.db #0x0d	; 13
      000038 0F                     101 	.db #0x0f	; 15
      000039 16                     102 	.db #0x16	; 22
      00003A 16                     103 	.db #0x16	; 22
      00003B 46                     104 	.db #0x46	; 70	'F'
      00003C 3E                     105 	.db #0x3e	; 62
      00003D 04                     106 	.db #0x04	; 4
      00003E 03                     107 	.db #0x03	; 3
      00003F 04                     108 	.db #0x04	; 4
      000040 03                     109 	.db #0x03	; 3
      000041 04                     110 	.db #0x04	; 4
      000042 03                     111 	.db #0x03	; 3
      000043 04                     112 	.db #0x04	; 4
      000044 03                     113 	.db #0x03	; 3
      000045 04                     114 	.db #0x04	; 4
      000046 03                     115 	.db #0x03	; 3
      000047 04                     116 	.db #0x04	; 4
      000048 03                     117 	.db #0x03	; 3
      000049 04                     118 	.db #0x04	; 4
      00004A 03                     119 	.db #0x03	; 3
      00004B 04                     120 	.db #0x04	; 4
      00004C 03                     121 	.db #0x03	; 3
      00004D 04                     122 	.db #0x04	; 4
      00004E 03                     123 	.db #0x03	; 3
      00004F 40                     124 	.db #0x40	; 64
      000050 3F                     125 	.db #0x3f	; 63
      000051 02                     126 	.db #0x02	; 2
      000052 01                     127 	.db #0x01	; 1
      000053 02                     128 	.db #0x02	; 2
      000054 01                     129 	.db #0x01	; 1
      000055 02                     130 	.db #0x02	; 2
      000056 01                     131 	.db #0x01	; 1
      000057 02                     132 	.db #0x02	; 2
      000058 01                     133 	.db #0x01	; 1
      000059 02                     134 	.db #0x02	; 2
      00005A 01                     135 	.db #0x01	; 1
      00005B 02                     136 	.db #0x02	; 2
      00005C 01                     137 	.db #0x01	; 1
      00005D 02                     138 	.db #0x02	; 2
      00005E 01                     139 	.db #0x01	; 1
      00005F 02                     140 	.db #0x02	; 2
      000060 01                     141 	.db #0x01	; 1
      000061 02                     142 	.db #0x02	; 2
      000062 01                     143 	.db #0x01	; 1
      000063 41                     144 	.db #0x41	; 65	'A'
      000064 3E                     145 	.db #0x3e	; 62
      000065 04                     146 	.db #0x04	; 4
      000066 03                     147 	.db #0x03	; 3
      000067 04                     148 	.db #0x04	; 4
      000068 03                     149 	.db #0x03	; 3
      000069 04                     150 	.db #0x04	; 4
      00006A 03                     151 	.db #0x03	; 3
      00006B 04                     152 	.db #0x04	; 4
      00006C 03                     153 	.db #0x03	; 3
      00006D 04                     154 	.db #0x04	; 4
      00006E 03                     155 	.db #0x03	; 3
      00006F 04                     156 	.db #0x04	; 4
      000070 03                     157 	.db #0x03	; 3
      000071 04                     158 	.db #0x04	; 4
      000072 03                     159 	.db #0x03	; 3
      000073 04                     160 	.db #0x04	; 4
      000074 03                     161 	.db #0x03	; 3
      000075 04                     162 	.db #0x04	; 4
      000076 03                     163 	.db #0x03	; 3
      000077 40                     164 	.db #0x40	; 64
      000078 3F                     165 	.db #0x3f	; 63
      000079 02                     166 	.db #0x02	; 2
      00007A 01                     167 	.db #0x01	; 1
      00007B 02                     168 	.db #0x02	; 2
      00007C 01                     169 	.db #0x01	; 1
      00007D 02                     170 	.db #0x02	; 2
      00007E 01                     171 	.db #0x01	; 1
      00007F 02                     172 	.db #0x02	; 2
      000080 01                     173 	.db #0x01	; 1
      000081 02                     174 	.db #0x02	; 2
      000082 01                     175 	.db #0x01	; 1
      000083 02                     176 	.db #0x02	; 2
      000084 01                     177 	.db #0x01	; 1
      000085 02                     178 	.db #0x02	; 2
      000086 01                     179 	.db #0x01	; 1
      000087 02                     180 	.db #0x02	; 2
      000088 01                     181 	.db #0x01	; 1
      000089 02                     182 	.db #0x02	; 2
      00008A 01                     183 	.db #0x01	; 1
      00008B 41                     184 	.db #0x41	; 65	'A'
      00008C 3E                     185 	.db #0x3e	; 62
      00008D 04                     186 	.db #0x04	; 4
      00008E 03                     187 	.db #0x03	; 3
      00008F 05                     188 	.db #0x05	; 5
      000090 07                     189 	.db #0x07	; 7
      000091 04                     190 	.db #0x04	; 4
      000092 03                     191 	.db #0x03	; 3
      000093 04                     192 	.db #0x04	; 4
      000094 03                     193 	.db #0x03	; 3
      000095 04                     194 	.db #0x04	; 4
      000096 03                     195 	.db #0x03	; 3
      000097 04                     196 	.db #0x04	; 4
      000098 03                     197 	.db #0x03	; 3
      000099 04                     198 	.db #0x04	; 4
      00009A 03                     199 	.db #0x03	; 3
      00009B 05                     200 	.db #0x05	; 5
      00009C 07                     201 	.db #0x07	; 7
      00009D 04                     202 	.db #0x04	; 4
      00009E 03                     203 	.db #0x03	; 3
      00009F 40                     204 	.db #0x40	; 64
      0000A0 3F                     205 	.db #0x3f	; 63
      0000A1 01                     206 	.db #0x01	; 1
      0000A2 01                     207 	.db #0x01	; 1
      0000A3 06                     208 	.db #0x06	; 6
      0000A4 08                     209 	.db #0x08	; 8
      0000A5 02                     210 	.db #0x02	; 2
      0000A6 01                     211 	.db #0x01	; 1
      0000A7 02                     212 	.db #0x02	; 2
      0000A8 01                     213 	.db #0x01	; 1
      0000A9 02                     214 	.db #0x02	; 2
      0000AA 01                     215 	.db #0x01	; 1
      0000AB 02                     216 	.db #0x02	; 2
      0000AC 01                     217 	.db #0x01	; 1
      0000AD 02                     218 	.db #0x02	; 2
      0000AE 01                     219 	.db #0x01	; 1
      0000AF 06                     220 	.db #0x06	; 6
      0000B0 08                     221 	.db #0x08	; 8
      0000B1 02                     222 	.db #0x02	; 2
      0000B2 01                     223 	.db #0x01	; 1
      0000B3 41                     224 	.db #0x41	; 65	'A'
      0000B4 1F                     225 	.db #0x1f	; 31
      0000B5 21                     226 	.db #0x21	; 33
      0000B6 33                     227 	.db #0x33	; 51	'3'
      0000B7 35                     228 	.db #0x35	; 53	'5'
      0000B8 39                     229 	.db #0x39	; 57	'9'
      0000B9 03                     230 	.db #0x03	; 3
      0000BA 04                     231 	.db #0x04	; 4
      0000BB 03                     232 	.db #0x03	; 3
      0000BC 03                     233 	.db #0x03	; 3
      0000BD 04                     234 	.db #0x04	; 4
      0000BE 03                     235 	.db #0x03	; 3
      0000BF 04                     236 	.db #0x04	; 4
      0000C0 03                     237 	.db #0x03	; 3
      0000C1 04                     238 	.db #0x04	; 4
      0000C2 03                     239 	.db #0x03	; 3
      0000C3 04                     240 	.db #0x04	; 4
      0000C4 03                     241 	.db #0x03	; 3
      0000C5 04                     242 	.db #0x04	; 4
      0000C6 03                     243 	.db #0x03	; 3
      0000C7 40                     244 	.db #0x40	; 64
      0000C8 20                     245 	.db #0x20	; 32
      0000C9 22                     246 	.db #0x22	; 34
      0000CA 34                     247 	.db #0x34	; 52	'4'
      0000CB 36                     248 	.db #0x36	; 54	'6'
      0000CC 3A                     249 	.db #0x3a	; 58
      0000CD 3B                     250 	.db #0x3b	; 59
      0000CE 01                     251 	.db #0x01	; 1
      0000CF 2F                     252 	.db #0x2f	; 47
      0000D0 2D                     253 	.db #0x2d	; 45
      0000D1 29                     254 	.db #0x29	; 41
      0000D2 27                     255 	.db #0x27	; 39
      0000D3 02                     256 	.db #0x02	; 2
      0000D4 01                     257 	.db #0x01	; 1
      0000D5 02                     258 	.db #0x02	; 2
      0000D6 01                     259 	.db #0x01	; 1
      0000D7 02                     260 	.db #0x02	; 2
      0000D8 01                     261 	.db #0x01	; 1
      0000D9 02                     262 	.db #0x02	; 2
      0000DA 01                     263 	.db #0x01	; 1
      0000DB 41                     264 	.db #0x41	; 65	'A'
      0000DC 23                     265 	.db #0x23	; 35
      0000DD 25                     266 	.db #0x25	; 37
      0000DE 3A                     267 	.db #0x3a	; 58
      0000DF 36                     268 	.db #0x36	; 54	'6'
      0000E0 3A                     269 	.db #0x3a	; 58
      0000E1 3C                     270 	.db #0x3c	; 60
      0000E2 03                     271 	.db #0x03	; 3
      0000E3 30                     272 	.db #0x30	; 48	'0'
      0000E4 2E                     273 	.db #0x2e	; 46
      0000E5 2A                     274 	.db #0x2a	; 42
      0000E6 28                     275 	.db #0x28	; 40
      0000E7 04                     276 	.db #0x04	; 4
      0000E8 03                     277 	.db #0x03	; 3
      0000E9 04                     278 	.db #0x04	; 4
      0000EA 03                     279 	.db #0x03	; 3
      0000EB 04                     280 	.db #0x04	; 4
      0000EC 03                     281 	.db #0x03	; 3
      0000ED 04                     282 	.db #0x04	; 4
      0000EE 03                     283 	.db #0x03	; 3
      0000EF 40                     284 	.db #0x40	; 64
      0000F0 24                     285 	.db #0x24	; 36
      0000F1 26                     286 	.db #0x26	; 38
      0000F2 37                     287 	.db #0x37	; 55	'7'
      0000F3 38                     288 	.db #0x38	; 56	'8'
      0000F4 3C                     289 	.db #0x3c	; 60
      0000F5 3D                     290 	.db #0x3d	; 61
      0000F6 01                     291 	.db #0x01	; 1
      0000F7 32                     292 	.db #0x32	; 50	'2'
      0000F8 31                     293 	.db #0x31	; 49	'1'
      0000F9 2C                     294 	.db #0x2c	; 44
      0000FA 2B                     295 	.db #0x2b	; 43
      0000FB 02                     296 	.db #0x02	; 2
      0000FC 01                     297 	.db #0x01	; 1
      0000FD 02                     298 	.db #0x02	; 2
      0000FE 01                     299 	.db #0x01	; 1
      0000FF 05                     300 	.db #0x05	; 5
      000100 07                     301 	.db #0x07	; 7
      000101 02                     302 	.db #0x02	; 2
      000102 01                     303 	.db #0x01	; 1
      000103 41                     304 	.db #0x41	; 65	'A'
      000104 3E                     305 	.db #0x3e	; 62
      000105 04                     306 	.db #0x04	; 4
      000106 03                     307 	.db #0x03	; 3
      000107 06                     308 	.db #0x06	; 6
      000108 08                     309 	.db #0x08	; 8
      000109 04                     310 	.db #0x04	; 4
      00010A 03                     311 	.db #0x03	; 3
      00010B 04                     312 	.db #0x04	; 4
      00010C 03                     313 	.db #0x03	; 3
      00010D 04                     314 	.db #0x04	; 4
      00010E 03                     315 	.db #0x03	; 3
      00010F 04                     316 	.db #0x04	; 4
      000110 03                     317 	.db #0x03	; 3
      000111 04                     318 	.db #0x04	; 4
      000112 03                     319 	.db #0x03	; 3
      000113 06                     320 	.db #0x06	; 6
      000114 08                     321 	.db #0x08	; 8
      000115 04                     322 	.db #0x04	; 4
      000116 03                     323 	.db #0x03	; 3
      000117 40                     324 	.db #0x40	; 64
      000118 3F                     325 	.db #0x3f	; 63
      000119 02                     326 	.db #0x02	; 2
      00011A 01                     327 	.db #0x01	; 1
      00011B 02                     328 	.db #0x02	; 2
      00011C 01                     329 	.db #0x01	; 1
      00011D 02                     330 	.db #0x02	; 2
      00011E 01                     331 	.db #0x01	; 1
      00011F 02                     332 	.db #0x02	; 2
      000120 01                     333 	.db #0x01	; 1
      000121 02                     334 	.db #0x02	; 2
      000122 01                     335 	.db #0x01	; 1
      000123 02                     336 	.db #0x02	; 2
      000124 01                     337 	.db #0x01	; 1
      000125 02                     338 	.db #0x02	; 2
      000126 01                     339 	.db #0x01	; 1
      000127 02                     340 	.db #0x02	; 2
      000128 01                     341 	.db #0x01	; 1
      000129 02                     342 	.db #0x02	; 2
      00012A 01                     343 	.db #0x01	; 1
      00012B 41                     344 	.db #0x41	; 65	'A'
      00012C 3E                     345 	.db #0x3e	; 62
      00012D 04                     346 	.db #0x04	; 4
      00012E 03                     347 	.db #0x03	; 3
      00012F 04                     348 	.db #0x04	; 4
      000130 03                     349 	.db #0x03	; 3
      000131 04                     350 	.db #0x04	; 4
      000132 03                     351 	.db #0x03	; 3
      000133 04                     352 	.db #0x04	; 4
      000134 03                     353 	.db #0x03	; 3
      000135 04                     354 	.db #0x04	; 4
      000136 03                     355 	.db #0x03	; 3
      000137 04                     356 	.db #0x04	; 4
      000138 03                     357 	.db #0x03	; 3
      000139 04                     358 	.db #0x04	; 4
      00013A 03                     359 	.db #0x03	; 3
      00013B 04                     360 	.db #0x04	; 4
      00013C 03                     361 	.db #0x03	; 3
      00013D 04                     362 	.db #0x04	; 4
      00013E 03                     363 	.db #0x03	; 3
      00013F 40                     364 	.db #0x40	; 64
      000140 3F                     365 	.db #0x3f	; 63
      000141 02                     366 	.db #0x02	; 2
      000142 01                     367 	.db #0x01	; 1
      000143 02                     368 	.db #0x02	; 2
      000144 01                     369 	.db #0x01	; 1
      000145 02                     370 	.db #0x02	; 2
      000146 01                     371 	.db #0x01	; 1
      000147 02                     372 	.db #0x02	; 2
      000148 01                     373 	.db #0x01	; 1
      000149 01                     374 	.db #0x01	; 1
      00014A 02                     375 	.db #0x02	; 2
      00014B 01                     376 	.db #0x01	; 1
      00014C 02                     377 	.db #0x02	; 2
      00014D 01                     378 	.db #0x01	; 1
      00014E 02                     379 	.db #0x02	; 2
      00014F 01                     380 	.db #0x01	; 1
      000150 02                     381 	.db #0x02	; 2
      000151 01                     382 	.db #0x01	; 1
      000152 01                     383 	.db #0x01	; 1
      000153 41                     384 	.db #0x41	; 65	'A'
      000154 4B                     385 	.db #0x4b	; 75	'K'
      000155 42                     386 	.db #0x42	; 66	'B'
      000156 43                     387 	.db #0x43	; 67	'C'
      000157 42                     388 	.db #0x42	; 66	'B'
      000158 43                     389 	.db #0x43	; 67	'C'
      000159 42                     390 	.db #0x42	; 66	'B'
      00015A 43                     391 	.db #0x43	; 67	'C'
      00015B 42                     392 	.db #0x42	; 66	'B'
      00015C 43                     393 	.db #0x43	; 67	'C'
      00015D 42                     394 	.db #0x42	; 66	'B'
      00015E 43                     395 	.db #0x43	; 67	'C'
      00015F 42                     396 	.db #0x42	; 66	'B'
      000160 43                     397 	.db #0x43	; 67	'C'
      000161 42                     398 	.db #0x42	; 66	'B'
      000162 43                     399 	.db #0x43	; 67	'C'
      000163 42                     400 	.db #0x42	; 66	'B'
      000164 43                     401 	.db #0x43	; 67	'C'
      000165 42                     402 	.db #0x42	; 66	'B'
      000166 43                     403 	.db #0x43	; 67	'C'
      000167 4A                     404 	.db #0x4a	; 74	'J'
                                    405 	.area _INITIALIZER
                                    406 	.area _CABS (ABS)
