                                      1 ;--------------------------------------------------------
                                      2 ; File Created by SDCC : free open source ISO C Compiler 
                                      3 ; Version 4.3.2 #14228 (MINGW64)
                                      4 ;--------------------------------------------------------
                                      5 	.module Level1_1_sprite
                                      6 	.optsdcc -msm83
                                      7 	
                                      8 ;--------------------------------------------------------
                                      9 ; Public variables in this module
                                     10 ;--------------------------------------------------------
                                     11 	.globl _Level1_1_sprite
                                     12 ;--------------------------------------------------------
                                     13 ; special function registers
                                     14 ;--------------------------------------------------------
                                     15 ;--------------------------------------------------------
                                     16 ; ram data
                                     17 ;--------------------------------------------------------
                                     18 	.area _DATA
                                     19 ;--------------------------------------------------------
                                     20 ; ram data
                                     21 ;--------------------------------------------------------
                                     22 	.area _INITIALIZED
                                     23 ;--------------------------------------------------------
                                     24 ; absolute external ram data
                                     25 ;--------------------------------------------------------
                                     26 	.area _DABS (ABS)
                                     27 ;--------------------------------------------------------
                                     28 ; global & static initialisations
                                     29 ;--------------------------------------------------------
                                     30 	.area _HOME
                                     31 	.area _GSINIT
                                     32 	.area _GSFINAL
                                     33 	.area _GSINIT
                                     34 ;--------------------------------------------------------
                                     35 ; Home
                                     36 ;--------------------------------------------------------
                                     37 	.area _HOME
                                     38 	.area _HOME
                                     39 ;--------------------------------------------------------
                                     40 ; code
                                     41 ;--------------------------------------------------------
                                     42 	.area _CODE
                                     43 	.area _CODE
      000000                         44 _Level1_1_sprite:
      000000 00                      45 	.db #0x00	; 0
      000001 00                      46 	.db #0x00	; 0
      000002 00                      47 	.db #0x00	; 0
      000003 00                      48 	.db #0x00	; 0
      000004 00                      49 	.db #0x00	; 0
      000005 00                      50 	.db #0x00	; 0
      000006 00                      51 	.db #0x00	; 0
      000007 00                      52 	.db #0x00	; 0
      000008 00                      53 	.db #0x00	; 0
      000009 00                      54 	.db #0x00	; 0
      00000A 00                      55 	.db #0x00	; 0
      00000B 00                      56 	.db #0x00	; 0
      00000C 00                      57 	.db #0x00	; 0
      00000D 00                      58 	.db #0x00	; 0
      00000E 00                      59 	.db #0x00	; 0
      00000F 00                      60 	.db #0x00	; 0
      000010 88                      61 	.db #0x88	; 136
      000011 00                      62 	.db #0x00	; 0
      000012 88                      63 	.db #0x88	; 136
      000013 00                      64 	.db #0x00	; 0
      000014 08                      65 	.db #0x08	; 8
      000015 80                      66 	.db #0x80	; 128
      000016 6C                      67 	.db #0x6c	; 108	'l'
      000017 93                      68 	.db #0x93	; 147
      000018 00                      69 	.db #0x00	; 0
      000019 88                      70 	.db #0x88	; 136
      00001A 88                      71 	.db #0x88	; 136
      00001B 00                      72 	.db #0x00	; 0
      00001C 88                      73 	.db #0x88	; 136
      00001D 00                      74 	.db #0x00	; 0
      00001E FB                      75 	.db #0xfb	; 251
      00001F 04                      76 	.db #0x04	; 4
      000020 00                      77 	.db #0x00	; 0
      000021 88                      78 	.db #0x88	; 136
      000022 00                      79 	.db #0x00	; 0
      000023 88                      80 	.db #0x88	; 136
      000024 00                      81 	.db #0x00	; 0
      000025 88                      82 	.db #0x88	; 136
      000026 E1                      83 	.db #0xe1	; 225
      000027 1E                      84 	.db #0x1e	; 30
      000028 00                      85 	.db #0x00	; 0
      000029 88                      86 	.db #0x88	; 136
      00002A 00                      87 	.db #0x00	; 0
      00002B 88                      88 	.db #0x88	; 136
      00002C 00                      89 	.db #0x00	; 0
      00002D 88                      90 	.db #0x88	; 136
      00002E 00                      91 	.db #0x00	; 0
      00002F FF                      92 	.db #0xff	; 255
      000030 88                      93 	.db #0x88	; 136
      000031 00                      94 	.db #0x00	; 0
      000032 08                      95 	.db #0x08	; 8
      000033 80                      96 	.db #0x80	; 128
      000034 80                      97 	.db #0x80	; 128
      000035 08                      98 	.db #0x08	; 8
      000036 0E                      99 	.db #0x0e	; 14
      000037 F1                     100 	.db #0xf1	; 241
      000038 08                     101 	.db #0x08	; 8
      000039 80                     102 	.db #0x80	; 128
      00003A 00                     103 	.db #0x00	; 0
      00003B 88                     104 	.db #0x88	; 136
      00003C 00                     105 	.db #0x00	; 0
      00003D 88                     106 	.db #0x88	; 136
      00003E 83                     107 	.db #0x83	; 131
      00003F 7C                     108 	.db #0x7c	; 124
      000040 88                     109 	.db #0x88	; 136
      000041 00                     110 	.db #0x00	; 0
      000042 80                     111 	.db #0x80	; 128
      000043 08                     112 	.db #0x08	; 8
      000044 88                     113 	.db #0x88	; 136
      000045 00                     114 	.db #0x00	; 0
      000046 DD                     115 	.db #0xdd	; 221
      000047 22                     116 	.db #0x22	; 34
      000048 88                     117 	.db #0x88	; 136
      000049 00                     118 	.db #0x00	; 0
      00004A 08                     119 	.db #0x08	; 8
      00004B 80                     120 	.db #0x80	; 128
      00004C 88                     121 	.db #0x88	; 136
      00004D 00                     122 	.db #0x00	; 0
      00004E FE                     123 	.db #0xfe	; 254
      00004F 01                     124 	.db #0x01	; 1
      000050 00                     125 	.db #0x00	; 0
      000051 E1                     126 	.db #0xe1	; 225
      000052 00                     127 	.db #0x00	; 0
      000053 E1                     128 	.db #0xe1	; 225
      000054 00                     129 	.db #0x00	; 0
      000055 B1                     130 	.db #0xb1	; 177
      000056 0C                     131 	.db #0x0c	; 12
      000057 BE                     132 	.db #0xbe	; 190
      000058 04                     133 	.db #0x04	; 4
      000059 8E                     134 	.db #0x8e	; 142
      00005A 00                     135 	.db #0x00	; 0
      00005B FC                     136 	.db #0xfc	; 252
      00005C 00                     137 	.db #0x00	; 0
      00005D FC                     138 	.db #0xfc	; 252
      00005E 0D                     139 	.db #0x0d	; 13
      00005F CC                     140 	.db #0xcc	; 204
      000060 0C                     141 	.db #0x0c	; 12
      000061 EF                     142 	.db #0xef	; 239
      000062 00                     143 	.db #0x00	; 0
      000063 F0                     144 	.db #0xf0	; 240
      000064 00                     145 	.db #0x00	; 0
      000065 90                     146 	.db #0x90	; 144
      000066 0C                     147 	.db #0x0c	; 12
      000067 9C                     148 	.db #0x9c	; 156
      000068 04                     149 	.db #0x04	; 4
      000069 9C                     150 	.db #0x9c	; 156
      00006A 00                     151 	.db #0x00	; 0
      00006B 9C                     152 	.db #0x9c	; 156
      00006C 00                     153 	.db #0x00	; 0
      00006D 80                     154 	.db #0x80	; 128
      00006E 01                     155 	.db #0x01	; 1
      00006F FE                     156 	.db #0xfe	; 254
      000070 00                     157 	.db #0x00	; 0
      000071 88                     158 	.db #0x88	; 136
      000072 00                     159 	.db #0x00	; 0
      000073 88                     160 	.db #0x88	; 136
      000074 00                     161 	.db #0x00	; 0
      000075 C8                     162 	.db #0xc8	; 200
      000076 8C                     163 	.db #0x8c	; 140
      000077 CC                     164 	.db #0xcc	; 204
      000078 CC                     165 	.db #0xcc	; 204
      000079 CC                     166 	.db #0xcc	; 204
      00007A 00                     167 	.db #0x00	; 0
      00007B 00                     168 	.db #0x00	; 0
      00007C 00                     169 	.db #0x00	; 0
      00007D 01                     170 	.db #0x01	; 1
      00007E CC                     171 	.db #0xcc	; 204
      00007F EF                     172 	.db #0xef	; 239
      000080 4C                     173 	.db #0x4c	; 76	'L'
      000081 EC                     174 	.db #0xec	; 236
      000082 00                     175 	.db #0x00	; 0
      000083 E0                     176 	.db #0xe0	; 224
      000084 00                     177 	.db #0x00	; 0
      000085 E0                     178 	.db #0xe0	; 224
      000086 CC                     179 	.db #0xcc	; 204
      000087 FC                     180 	.db #0xfc	; 252
      000088 CC                     181 	.db #0xcc	; 204
      000089 FC                     182 	.db #0xfc	; 252
      00008A 00                     183 	.db #0x00	; 0
      00008B 3C                     184 	.db #0x3c	; 60
      00008C 00                     185 	.db #0x00	; 0
      00008D 7C                     186 	.db #0x7c	; 124
      00008E 00                     187 	.db #0x00	; 0
      00008F FF                     188 	.db #0xff	; 255
      000090 04                     189 	.db #0x04	; 4
      000091 04                     190 	.db #0x04	; 4
      000092 D8                     191 	.db #0xd8	; 216
      000093 D8                     192 	.db #0xd8	; 216
      000094 21                     193 	.db #0x21	; 33
      000095 21                     194 	.db #0x21	; 33
      000096 1E                     195 	.db #0x1e	; 30
      000097 1E                     196 	.db #0x1e	; 30
      000098 07                     197 	.db #0x07	; 7
      000099 F8                     198 	.db #0xf8	; 248
      00009A 03                     199 	.db #0x03	; 3
      00009B EC                     200 	.db #0xec	; 236
      00009C 01                     201 	.db #0x01	; 1
      00009D FE                     202 	.db #0xfe	; 254
      00009E 01                     203 	.db #0x01	; 1
      00009F E2                     204 	.db #0xe2	; 226
      0000A0 21                     205 	.db #0x21	; 33
      0000A1 63                     206 	.db #0x63	; 99	'c'
      0000A2 20                     207 	.db #0x20	; 32
      0000A3 A1                     208 	.db #0xa1	; 161
      0000A4 12                     209 	.db #0x12	; 18
      0000A5 93                     210 	.db #0x93	; 147
      0000A6 1C                     211 	.db #0x1c	; 28
      0000A7 9D                     212 	.db #0x9d	; 157
      0000A8 24                     213 	.db #0x24	; 36
      0000A9 24                     214 	.db #0x24	; 36
      0000AA 42                     215 	.db #0x42	; 66	'B'
      0000AB 42                     216 	.db #0x42	; 66	'B'
      0000AC 81                     217 	.db #0x81	; 129
      0000AD 81                     218 	.db #0x81	; 129
      0000AE 81                     219 	.db #0x81	; 129
      0000AF 81                     220 	.db #0x81	; 129
      0000B0 01                     221 	.db #0x01	; 1
      0000B1 01                     222 	.db #0x01	; 1
      0000B2 6E                     223 	.db #0x6e	; 110	'n'
      0000B3 6E                     224 	.db #0x6e	; 110	'n'
      0000B4 90                     225 	.db #0x90	; 144
      0000B5 90                     226 	.db #0x90	; 144
      0000B6 10                     227 	.db #0x10	; 16
      0000B7 10                     228 	.db #0x10	; 16
      0000B8 FC                     229 	.db #0xfc	; 252
      0000B9 03                     230 	.db #0x03	; 3
      0000BA F8                     231 	.db #0xf8	; 248
      0000BB 03                     232 	.db #0x03	; 3
      0000BC F0                     233 	.db #0xf0	; 240
      0000BD 0F                     234 	.db #0x0f	; 15
      0000BE F0                     235 	.db #0xf0	; 240
      0000BF 0B                     236 	.db #0x0b	; 11
      0000C0 E4                     237 	.db #0xe4	; 228
      0000C1 04                     238 	.db #0x04	; 4
      0000C2 F8                     239 	.db #0xf8	; 248
      0000C3 18                     240 	.db #0x18	; 24
      0000C4 E8                     241 	.db #0xe8	; 232
      0000C5 08                     242 	.db #0x08	; 8
      0000C6 E8                     243 	.db #0xe8	; 232
      0000C7 08                     244 	.db #0x08	; 8
      0000C8 F8                     245 	.db #0xf8	; 248
      0000C9 58                     246 	.db #0x58	; 88	'X'
      0000CA A4                     247 	.db #0xa4	; 164
      0000CB 04                     248 	.db #0x04	; 4
      0000CC E2                     249 	.db #0xe2	; 226
      0000CD 42                     250 	.db #0x42	; 66	'B'
      0000CE 83                     251 	.db #0x83	; 131
      0000CF 03                     252 	.db #0x03	; 3
      0000D0 00                     253 	.db #0x00	; 0
      0000D1 57                     254 	.db #0x57	; 87	'W'
      0000D2 10                     255 	.db #0x10	; 16
      0000D3 6D                     256 	.db #0x6d	; 109	'm'
      0000D4 3C                     257 	.db #0x3c	; 60
      0000D5 83                     258 	.db #0x83	; 131
      0000D6 FE                     259 	.db #0xfe	; 254
      0000D7 00                     260 	.db #0x00	; 0
      0000D8 88                     261 	.db #0x88	; 136
      0000D9 00                     262 	.db #0x00	; 0
      0000DA 88                     263 	.db #0x88	; 136
      0000DB 00                     264 	.db #0x00	; 0
      0000DC 08                     265 	.db #0x08	; 8
      0000DD 80                     266 	.db #0x80	; 128
      0000DE 6C                     267 	.db #0x6c	; 108	'l'
      0000DF 93                     268 	.db #0x93	; 147
      0000E0 00                     269 	.db #0x00	; 0
      0000E1 88                     270 	.db #0x88	; 136
      0000E2 88                     271 	.db #0x88	; 136
      0000E3 00                     272 	.db #0x00	; 0
      0000E4 88                     273 	.db #0x88	; 136
      0000E5 00                     274 	.db #0x00	; 0
      0000E6 FB                     275 	.db #0xfb	; 251
      0000E7 04                     276 	.db #0x04	; 4
      0000E8 00                     277 	.db #0x00	; 0
      0000E9 88                     278 	.db #0x88	; 136
      0000EA 00                     279 	.db #0x00	; 0
      0000EB 88                     280 	.db #0x88	; 136
      0000EC 00                     281 	.db #0x00	; 0
      0000ED 88                     282 	.db #0x88	; 136
      0000EE 01                     283 	.db #0x01	; 1
      0000EF FE                     284 	.db #0xfe	; 254
      0000F0 00                     285 	.db #0x00	; 0
      0000F1 22                     286 	.db #0x22	; 34
      0000F2 01                     287 	.db #0x01	; 1
      0000F3 54                     288 	.db #0x54	; 84	'T'
      0000F4 00                     289 	.db #0x00	; 0
      0000F5 DB                     290 	.db #0xdb	; 219
      0000F6 00                     291 	.db #0x00	; 0
      0000F7 FF                     292 	.db #0xff	; 255
      0000F8 88                     293 	.db #0x88	; 136
      0000F9 00                     294 	.db #0x00	; 0
      0000FA 08                     295 	.db #0x08	; 8
      0000FB 80                     296 	.db #0x80	; 128
      0000FC 80                     297 	.db #0x80	; 128
      0000FD 08                     298 	.db #0x08	; 8
      0000FE 0E                     299 	.db #0x0e	; 14
      0000FF F1                     300 	.db #0xf1	; 241
      000100 08                     301 	.db #0x08	; 8
      000101 80                     302 	.db #0x80	; 128
      000102 00                     303 	.db #0x00	; 0
      000103 88                     304 	.db #0x88	; 136
      000104 00                     305 	.db #0x00	; 0
      000105 88                     306 	.db #0x88	; 136
      000106 83                     307 	.db #0x83	; 131
      000107 7C                     308 	.db #0x7c	; 124
      000108 88                     309 	.db #0x88	; 136
      000109 00                     310 	.db #0x00	; 0
      00010A 80                     311 	.db #0x80	; 128
      00010B 08                     312 	.db #0x08	; 8
      00010C 88                     313 	.db #0x88	; 136
      00010D 00                     314 	.db #0x00	; 0
      00010E FE                     315 	.db #0xfe	; 254
      00010F 01                     316 	.db #0x01	; 1
      000110 04                     317 	.db #0x04	; 4
      000111 04                     318 	.db #0x04	; 4
      000112 D8                     319 	.db #0xd8	; 216
      000113 D8                     320 	.db #0xd8	; 216
      000114 21                     321 	.db #0x21	; 33
      000115 21                     322 	.db #0x21	; 33
      000116 1E                     323 	.db #0x1e	; 30
      000117 1E                     324 	.db #0x1e	; 30
      000118 10                     325 	.db #0x10	; 16
      000119 FF                     326 	.db #0xff	; 255
      00011A 20                     327 	.db #0x20	; 32
      00011B FF                     328 	.db #0xff	; 255
      00011C C4                     329 	.db #0xc4	; 196
      00011D C5                     330 	.db #0xc5	; 197
      00011E 02                     331 	.db #0x02	; 2
      00011F C2                     332 	.db #0xc2	; 194
      000120 21                     333 	.db #0x21	; 33
      000121 A1                     334 	.db #0xa1	; 161
      000122 21                     335 	.db #0x21	; 33
      000123 21                     336 	.db #0x21	; 33
      000124 12                     337 	.db #0x12	; 18
      000125 12                     338 	.db #0x12	; 18
      000126 1C                     339 	.db #0x1c	; 28
      000127 1C                     340 	.db #0x1c	; 28
      000128 24                     341 	.db #0x24	; 36
      000129 24                     342 	.db #0x24	; 36
      00012A 42                     343 	.db #0x42	; 66	'B'
      00012B 42                     344 	.db #0x42	; 66	'B'
      00012C 81                     345 	.db #0x81	; 129
      00012D 81                     346 	.db #0x81	; 129
      00012E 81                     347 	.db #0x81	; 129
      00012F 81                     348 	.db #0x81	; 129
      000130 01                     349 	.db #0x01	; 1
      000131 01                     350 	.db #0x01	; 1
      000132 6E                     351 	.db #0x6e	; 110	'n'
      000133 6E                     352 	.db #0x6e	; 110	'n'
      000134 90                     353 	.db #0x90	; 144
      000135 90                     354 	.db #0x90	; 144
      000136 10                     355 	.db #0x10	; 16
      000137 10                     356 	.db #0x10	; 16
      000138 20                     357 	.db #0x20	; 32
      000139 FF                     358 	.db #0xff	; 255
      00013A 40                     359 	.db #0x40	; 64
      00013B E7                     360 	.db #0xe7	; 231
      00013C 00                     361 	.db #0x00	; 0
      00013D C3                     362 	.db #0xc3	; 195
      00013E C2                     363 	.db #0xc2	; 194
      00013F C3                     364 	.db #0xc3	; 195
      000140 24                     365 	.db #0x24	; 36
      000141 24                     366 	.db #0x24	; 36
      000142 18                     367 	.db #0x18	; 24
      000143 18                     368 	.db #0x18	; 24
      000144 08                     369 	.db #0x08	; 8
      000145 08                     370 	.db #0x08	; 8
      000146 08                     371 	.db #0x08	; 8
      000147 08                     372 	.db #0x08	; 8
      000148 18                     373 	.db #0x18	; 24
      000149 18                     374 	.db #0x18	; 24
      00014A 24                     375 	.db #0x24	; 36
      00014B 24                     376 	.db #0x24	; 36
      00014C C2                     377 	.db #0xc2	; 194
      00014D C2                     378 	.db #0xc2	; 194
      00014E 03                     379 	.db #0x03	; 3
      00014F 03                     380 	.db #0x03	; 3
      000150 43                     381 	.db #0x43	; 67	'C'
      000151 43                     382 	.db #0x43	; 67	'C'
      000152 24                     383 	.db #0x24	; 36
      000153 25                     384 	.db #0x25	; 37
      000154 18                     385 	.db #0x18	; 24
      000155 9B                     386 	.db #0x9b	; 155
      000156 10                     387 	.db #0x10	; 16
      000157 FF                     388 	.db #0xff	; 255
      000158 88                     389 	.db #0x88	; 136
      000159 00                     390 	.db #0x00	; 0
      00015A 88                     391 	.db #0x88	; 136
      00015B 00                     392 	.db #0x00	; 0
      00015C 08                     393 	.db #0x08	; 8
      00015D 80                     394 	.db #0x80	; 128
      00015E 6C                     395 	.db #0x6c	; 108	'l'
      00015F 93                     396 	.db #0x93	; 147
      000160 02                     397 	.db #0x02	; 2
      000161 02                     398 	.db #0x02	; 2
      000162 04                     399 	.db #0x04	; 4
      000163 C5                     400 	.db #0xc5	; 197
      000164 88                     401 	.db #0x88	; 136
      000165 FB                     402 	.db #0xfb	; 251
      000166 60                     403 	.db #0x60	; 96
      000167 FF                     404 	.db #0xff	; 255
      000168 88                     405 	.db #0x88	; 136
      000169 00                     406 	.db #0x00	; 0
      00016A 08                     407 	.db #0x08	; 8
      00016B 80                     408 	.db #0x80	; 128
      00016C 80                     409 	.db #0x80	; 128
      00016D 08                     410 	.db #0x08	; 8
      00016E 0E                     411 	.db #0x0e	; 14
      00016F F1                     412 	.db #0xf1	; 241
      000170 10                     413 	.db #0x10	; 16
      000171 10                     414 	.db #0x10	; 16
      000172 38                     415 	.db #0x38	; 56	'8'
      000173 28                     416 	.db #0x28	; 40
      000174 FC                     417 	.db #0xfc	; 252
      000175 E4                     418 	.db #0xe4	; 228
      000176 FF                     419 	.db #0xff	; 255
      000177 27                     420 	.db #0x27	; 39
      000178 FB                     421 	.db #0xfb	; 251
      000179 25                     422 	.db #0x25	; 37
      00017A F9                     423 	.db #0xf9	; 249
      00017B 26                     424 	.db #0x26	; 38
      00017C FA                     425 	.db #0xfa	; 250
      00017D 25                     426 	.db #0x25	; 37
      00017E F9                     427 	.db #0xf9	; 249
      00017F 26                     428 	.db #0x26	; 38
      000180 FA                     429 	.db #0xfa	; 250
      000181 25                     430 	.db #0x25	; 37
      000182 F9                     431 	.db #0xf9	; 249
      000183 26                     432 	.db #0x26	; 38
      000184 FB                     433 	.db #0xfb	; 251
      000185 24                     434 	.db #0x24	; 36
      000186 FB                     435 	.db #0xfb	; 251
      000187 24                     436 	.db #0x24	; 36
      000188 FB                     437 	.db #0xfb	; 251
      000189 24                     438 	.db #0x24	; 36
      00018A FB                     439 	.db #0xfb	; 251
      00018B 24                     440 	.db #0x24	; 36
      00018C FB                     441 	.db #0xfb	; 251
      00018D 24                     442 	.db #0x24	; 36
      00018E FB                     443 	.db #0xfb	; 251
      00018F 24                     444 	.db #0x24	; 36
      000190 00                     445 	.db #0x00	; 0
      000191 00                     446 	.db #0x00	; 0
      000192 00                     447 	.db #0x00	; 0
      000193 00                     448 	.db #0x00	; 0
      000194 00                     449 	.db #0x00	; 0
      000195 00                     450 	.db #0x00	; 0
      000196 00                     451 	.db #0x00	; 0
      000197 00                     452 	.db #0x00	; 0
      000198 E0                     453 	.db #0xe0	; 224
      000199 E0                     454 	.db #0xe0	; 224
      00019A 5E                     455 	.db #0x5e	; 94
      00019B BE                     456 	.db #0xbe	; 190
      00019C AF                     457 	.db #0xaf	; 175
      00019D 57                     458 	.db #0x57	; 87	'W'
      00019E 55                     459 	.db #0x55	; 85	'U'
      00019F AA                     460 	.db #0xaa	; 170
      0001A0 AA                     461 	.db #0xaa	; 170
      0001A1 55                     462 	.db #0x55	; 85	'U'
      0001A2 55                     463 	.db #0x55	; 85	'U'
      0001A3 AA                     464 	.db #0xaa	; 170
      0001A4 AA                     465 	.db #0xaa	; 170
      0001A5 55                     466 	.db #0x55	; 85	'U'
      0001A6 F5                     467 	.db #0xf5	; 245
      0001A7 0A                     468 	.db #0x0a	; 10
      0001A8 FE                     469 	.db #0xfe	; 254
      0001A9 01                     470 	.db #0x01	; 1
      0001AA FF                     471 	.db #0xff	; 255
      0001AB 00                     472 	.db #0x00	; 0
      0001AC FF                     473 	.db #0xff	; 255
      0001AD 00                     474 	.db #0x00	; 0
      0001AE FF                     475 	.db #0xff	; 255
      0001AF 00                     476 	.db #0x00	; 0
      0001B0 FB                     477 	.db #0xfb	; 251
      0001B1 24                     478 	.db #0x24	; 36
      0001B2 FB                     479 	.db #0xfb	; 251
      0001B3 24                     480 	.db #0x24	; 36
      0001B4 FB                     481 	.db #0xfb	; 251
      0001B5 24                     482 	.db #0x24	; 36
      0001B6 FF                     483 	.db #0xff	; 255
      0001B7 27                     484 	.db #0x27	; 39
      0001B8 D8                     485 	.db #0xd8	; 216
      0001B9 27                     486 	.db #0x27	; 39
      0001BA F8                     487 	.db #0xf8	; 248
      0001BB E7                     488 	.db #0xe7	; 231
      0001BC 3F                     489 	.db #0x3f	; 63
      0001BD E7                     490 	.db #0xe7	; 231
      0001BE 38                     491 	.db #0x38	; 56	'8'
      0001BF E7                     492 	.db #0xe7	; 231
      0001C0 38                     493 	.db #0x38	; 56	'8'
      0001C1 E7                     494 	.db #0xe7	; 231
      0001C2 38                     495 	.db #0x38	; 56	'8'
      0001C3 E7                     496 	.db #0xe7	; 231
      0001C4 38                     497 	.db #0x38	; 56	'8'
      0001C5 E7                     498 	.db #0xe7	; 231
      0001C6 FF                     499 	.db #0xff	; 255
      0001C7 E7                     500 	.db #0xe7	; 231
      0001C8 38                     501 	.db #0x38	; 56	'8'
      0001C9 28                     502 	.db #0x28	; 40
      0001CA 10                     503 	.db #0x10	; 16
      0001CB 10                     504 	.db #0x10	; 16
      0001CC 00                     505 	.db #0x00	; 0
      0001CD 00                     506 	.db #0x00	; 0
      0001CE 00                     507 	.db #0x00	; 0
      0001CF 00                     508 	.db #0x00	; 0
      0001D0 FF                     509 	.db #0xff	; 255
      0001D1 00                     510 	.db #0x00	; 0
      0001D2 FF                     511 	.db #0xff	; 255
      0001D3 00                     512 	.db #0x00	; 0
      0001D4 FF                     513 	.db #0xff	; 255
      0001D5 00                     514 	.db #0x00	; 0
      0001D6 FF                     515 	.db #0xff	; 255
      0001D7 00                     516 	.db #0x00	; 0
      0001D8 FF                     517 	.db #0xff	; 255
      0001D9 F0                     518 	.db #0xf0	; 240
      0001DA 0F                     519 	.db #0x0f	; 15
      0001DB FF                     520 	.db #0xff	; 255
      0001DC 00                     521 	.db #0x00	; 0
      0001DD FF                     522 	.db #0xff	; 255
      0001DE FC                     523 	.db #0xfc	; 252
      0001DF FF                     524 	.db #0xff	; 255
      0001E0 03                     525 	.db #0x03	; 3
      0001E1 FF                     526 	.db #0xff	; 255
      0001E2 00                     527 	.db #0x00	; 0
      0001E3 FF                     528 	.db #0xff	; 255
      0001E4 00                     529 	.db #0x00	; 0
      0001E5 FF                     530 	.db #0xff	; 255
      0001E6 80                     531 	.db #0x80	; 128
      0001E7 FF                     532 	.db #0xff	; 255
      0001E8 78                     533 	.db #0x78	; 120	'x'
      0001E9 7F                     534 	.db #0x7f	; 127
      0001EA 1F                     535 	.db #0x1f	; 31
      0001EB 1F                     536 	.db #0x1f	; 31
      0001EC 00                     537 	.db #0x00	; 0
      0001ED 00                     538 	.db #0x00	; 0
      0001EE 00                     539 	.db #0x00	; 0
      0001EF 00                     540 	.db #0x00	; 0
      0001F0 E8                     541 	.db #0xe8	; 232
      0001F1 60                     542 	.db #0x60	; 96
      0001F2 A8                     543 	.db #0xa8	; 168
      0001F3 E0                     544 	.db #0xe0	; 224
      0001F4 A8                     545 	.db #0xa8	; 168
      0001F5 60                     546 	.db #0x60	; 96
      0001F6 EC                     547 	.db #0xec	; 236
      0001F7 F3                     548 	.db #0xf3	; 243
      0001F8 A0                     549 	.db #0xa0	; 160
      0001F9 68                     550 	.db #0x68	; 104	'h'
      0001FA A8                     551 	.db #0xa8	; 168
      0001FB E0                     552 	.db #0xe0	; 224
      0001FC E8                     553 	.db #0xe8	; 232
      0001FD E0                     554 	.db #0xe0	; 224
      0001FE 5F                     555 	.db #0x5f	; 95
      0001FF BE                     556 	.db #0xbe	; 190
      000200 AB                     557 	.db #0xab	; 171
      000201 57                     558 	.db #0x57	; 87	'W'
      000202 55                     559 	.db #0x55	; 85	'U'
      000203 AA                     560 	.db #0xaa	; 170
      000204 AA                     561 	.db #0xaa	; 170
      000205 55                     562 	.db #0x55	; 85	'U'
      000206 55                     563 	.db #0x55	; 85	'U'
      000207 AA                     564 	.db #0xaa	; 170
      000208 AA                     565 	.db #0xaa	; 170
      000209 55                     566 	.db #0x55	; 85	'U'
      00020A F5                     567 	.db #0xf5	; 245
      00020B 0A                     568 	.db #0x0a	; 10
      00020C FE                     569 	.db #0xfe	; 254
      00020D 01                     570 	.db #0x01	; 1
      00020E FF                     571 	.db #0xff	; 255
      00020F 00                     572 	.db #0x00	; 0
      000210 88                     573 	.db #0x88	; 136
      000211 00                     574 	.db #0x00	; 0
      000212 08                     575 	.db #0x08	; 8
      000213 80                     576 	.db #0x80	; 128
      000214 80                     577 	.db #0x80	; 128
      000215 08                     578 	.db #0x08	; 8
      000216 0E                     579 	.db #0x0e	; 14
      000217 F1                     580 	.db #0xf1	; 241
      000218 08                     581 	.db #0x08	; 8
      000219 80                     582 	.db #0x80	; 128
      00021A 08                     583 	.db #0x08	; 8
      00021B 88                     584 	.db #0x88	; 136
      00021C 1C                     585 	.db #0x1c	; 28
      00021D 94                     586 	.db #0x94	; 148
      00021E FF                     587 	.db #0xff	; 255
      00021F 74                     588 	.db #0x74	; 116	't'
      000220 DC                     589 	.db #0xdc	; 220
      000221 D4                     590 	.db #0xd4	; 212
      000222 7C                     591 	.db #0x7c	; 124
      000223 B4                     592 	.db #0xb4	; 180
      000224 BC                     593 	.db #0xbc	; 188
      000225 74                     594 	.db #0x74	; 116	't'
      000226 4D                     595 	.db #0x4d	; 77	'M'
      000227 B6                     596 	.db #0xb6	; 182
      000228 AC                     597 	.db #0xac	; 172
      000229 54                     598 	.db #0x54	; 84	'T'
      00022A 4C                     599 	.db #0x4c	; 76	'L'
      00022B B4                     600 	.db #0xb4	; 180
      00022C AC                     601 	.db #0xac	; 172
      00022D 54                     602 	.db #0x54	; 84	'T'
      00022E EE                     603 	.db #0xee	; 238
      00022F 15                     604 	.db #0x15	; 21
      000230 FF                     605 	.db #0xff	; 255
      000231 00                     606 	.db #0x00	; 0
      000232 FF                     607 	.db #0xff	; 255
      000233 00                     608 	.db #0x00	; 0
      000234 FF                     609 	.db #0xff	; 255
      000235 00                     610 	.db #0x00	; 0
      000236 FF                     611 	.db #0xff	; 255
      000237 00                     612 	.db #0x00	; 0
      000238 FF                     613 	.db #0xff	; 255
      000239 00                     614 	.db #0x00	; 0
      00023A FF                     615 	.db #0xff	; 255
      00023B 00                     616 	.db #0x00	; 0
      00023C FF                     617 	.db #0xff	; 255
      00023D F0                     618 	.db #0xf0	; 240
      00023E 0F                     619 	.db #0x0f	; 15
      00023F FF                     620 	.db #0xff	; 255
      000240 E0                     621 	.db #0xe0	; 224
      000241 FF                     622 	.db #0xff	; 255
      000242 1F                     623 	.db #0x1f	; 31
      000243 FF                     624 	.db #0xff	; 255
      000244 00                     625 	.db #0x00	; 0
      000245 FF                     626 	.db #0xff	; 255
      000246 00                     627 	.db #0x00	; 0
      000247 FF                     628 	.db #0xff	; 255
      000248 00                     629 	.db #0x00	; 0
      000249 FF                     630 	.db #0xff	; 255
      00024A FC                     631 	.db #0xfc	; 252
      00024B FF                     632 	.db #0xff	; 255
      00024C EB                     633 	.db #0xeb	; 235
      00024D 63                     634 	.db #0x63	; 99	'c'
      00024E BF                     635 	.db #0xbf	; 191
      00024F 60                     636 	.db #0x60	; 96
      000250 EC                     637 	.db #0xec	; 236
      000251 14                     638 	.db #0x14	; 20
      000252 EC                     639 	.db #0xec	; 236
      000253 14                     640 	.db #0x14	; 20
      000254 EC                     641 	.db #0xec	; 236
      000255 14                     642 	.db #0x14	; 20
      000256 EF                     643 	.db #0xef	; 239
      000257 15                     644 	.db #0x15	; 21
      000258 EC                     645 	.db #0xec	; 236
      000259 14                     646 	.db #0x14	; 20
      00025A EC                     647 	.db #0xec	; 236
      00025B 14                     648 	.db #0x14	; 20
      00025C EC                     649 	.db #0xec	; 236
      00025D 14                     650 	.db #0x14	; 20
      00025E EF                     651 	.db #0xef	; 239
      00025F 14                     652 	.db #0x14	; 20
      000260 FC                     653 	.db #0xfc	; 252
      000261 F4                     654 	.db #0xf4	; 244
      000262 8C                     655 	.db #0x8c	; 140
      000263 F4                     656 	.db #0xf4	; 244
      000264 7C                     657 	.db #0x7c	; 124
      000265 F4                     658 	.db #0xf4	; 244
      000266 3F                     659 	.db #0x3f	; 63
      000267 F6                     660 	.db #0xf6	; 246
      000268 3C                     661 	.db #0x3c	; 60
      000269 F4                     662 	.db #0xf4	; 244
      00026A 1C                     663 	.db #0x1c	; 28
      00026B F4                     664 	.db #0xf4	; 244
      00026C FC                     665 	.db #0xfc	; 252
      00026D F4                     666 	.db #0xf4	; 244
      00026E FF                     667 	.db #0xff	; 255
      00026F 08                     668 	.db #0x08	; 8
      000270 C0                     669 	.db #0xc0	; 192
      000271 C0                     670 	.db #0xc0	; 192
      000272 FE                     671 	.db #0xfe	; 254
      000273 3E                     672 	.db #0x3e	; 62
      000274 F9                     673 	.db #0xf9	; 249
      000275 07                     674 	.db #0x07	; 7
      000276 E1                     675 	.db #0xe1	; 225
      000277 1F                     676 	.db #0x1f	; 31
      000278 C1                     677 	.db #0xc1	; 193
      000279 3F                     678 	.db #0x3f	; 63
      00027A 01                     679 	.db #0x01	; 1
      00027B FF                     680 	.db #0xff	; 255
      00027C 01                     681 	.db #0x01	; 1
      00027D FF                     682 	.db #0xff	; 255
      00027E 01                     683 	.db #0x01	; 1
      00027F FF                     684 	.db #0xff	; 255
      000280 01                     685 	.db #0x01	; 1
      000281 FF                     686 	.db #0xff	; 255
      000282 02                     687 	.db #0x02	; 2
      000283 FE                     688 	.db #0xfe	; 254
      000284 02                     689 	.db #0x02	; 2
      000285 FE                     690 	.db #0xfe	; 254
      000286 0E                     691 	.db #0x0e	; 14
      000287 FE                     692 	.db #0xfe	; 254
      000288 33                     693 	.db #0x33	; 51	'3'
      000289 F3                     694 	.db #0xf3	; 243
      00028A 65                     695 	.db #0x65	; 101	'e'
      00028B E5                     696 	.db #0xe5	; 229
      00028C 55                     697 	.db #0x55	; 85	'U'
      00028D D5                     698 	.db #0xd5	; 213
      00028E 59                     699 	.db #0x59	; 89	'Y'
      00028F E9                     700 	.db #0xe9	; 233
      000290 FF                     701 	.db #0xff	; 255
      000291 FF                     702 	.db #0xff	; 255
      000292 FF                     703 	.db #0xff	; 255
      000293 00                     704 	.db #0x00	; 0
      000294 FF                     705 	.db #0xff	; 255
      000295 00                     706 	.db #0x00	; 0
      000296 FF                     707 	.db #0xff	; 255
      000297 00                     708 	.db #0x00	; 0
      000298 FF                     709 	.db #0xff	; 255
      000299 00                     710 	.db #0x00	; 0
      00029A FF                     711 	.db #0xff	; 255
      00029B 00                     712 	.db #0x00	; 0
      00029C FE                     713 	.db #0xfe	; 254
      00029D 01                     714 	.db #0x01	; 1
      00029E F8                     715 	.db #0xf8	; 248
      00029F 07                     716 	.db #0x07	; 7
      0002A0 A0                     717 	.db #0xa0	; 160
      0002A1 5F                     718 	.db #0x5f	; 95
      0002A2 40                     719 	.db #0x40	; 64
      0002A3 BF                     720 	.db #0xbf	; 191
      0002A4 80                     721 	.db #0x80	; 128
      0002A5 7F                     722 	.db #0x7f	; 127
      0002A6 00                     723 	.db #0x00	; 0
      0002A7 FF                     724 	.db #0xff	; 255
      0002A8 80                     725 	.db #0x80	; 128
      0002A9 7F                     726 	.db #0x7f	; 127
      0002AA 00                     727 	.db #0x00	; 0
      0002AB FF                     728 	.db #0xff	; 255
      0002AC 80                     729 	.db #0x80	; 128
      0002AD 7F                     730 	.db #0x7f	; 127
      0002AE 01                     731 	.db #0x01	; 1
      0002AF FE                     732 	.db #0xfe	; 254
      0002B0 59                     733 	.db #0x59	; 89	'Y'
      0002B1 E9                     734 	.db #0xe9	; 233
      0002B2 D5                     735 	.db #0xd5	; 213
      0002B3 D5                     736 	.db #0xd5	; 213
      0002B4 53                     737 	.db #0x53	; 83	'S'
      0002B5 53                     738 	.db #0x53	; 83	'S'
      0002B6 E3                     739 	.db #0xe3	; 227
      0002B7 62                     740 	.db #0x62	; 98	'b'
      0002B8 65                     741 	.db #0x65	; 101	'e'
      0002B9 64                     742 	.db #0x64	; 100	'd'
      0002BA 39                     743 	.db #0x39	; 57	'9'
      0002BB 38                     744 	.db #0x38	; 56	'8'
      0002BC 11                     745 	.db #0x11	; 17
      0002BD 00                     746 	.db #0x00	; 0
      0002BE DF                     747 	.db #0xdf	; 223
      0002BF 20                     748 	.db #0x20	; 32
      0002C0 83                     749 	.db #0x83	; 131
      0002C1 7C                     750 	.db #0x7c	; 124
      0002C2 0F                     751 	.db #0x0f	; 15
      0002C3 FF                     752 	.db #0xff	; 255
      0002C4 91                     753 	.db #0x91	; 145
      0002C5 70                     754 	.db #0x70	; 112	'p'
      0002C6 B8                     755 	.db #0xb8	; 184
      0002C7 67                     756 	.db #0x67	; 103	'g'
      0002C8 D0                     757 	.db #0xd0	; 208
      0002C9 C1                     758 	.db #0xc1	; 193
      0002CA 00                     759 	.db #0x00	; 0
      0002CB 11                     760 	.db #0x11	; 17
      0002CC 00                     761 	.db #0x00	; 0
      0002CD 11                     762 	.db #0x11	; 17
      0002CE C1                     763 	.db #0xc1	; 193
      0002CF 3E                     764 	.db #0x3e	; 62
      0002D0 11                     765 	.db #0x11	; 17
      0002D1 01                     766 	.db #0x01	; 1
      0002D2 16                     767 	.db #0x16	; 22
      0002D3 07                     768 	.db #0x07	; 7
      0002D4 3E                     769 	.db #0x3e	; 62
      0002D5 39                     770 	.db #0x39	; 57	'9'
      0002D6 FE                     771 	.db #0xfe	; 254
      0002D7 41                     772 	.db #0x41	; 65	'A'
      0002D8 FE                     773 	.db #0xfe	; 254
      0002D9 81                     774 	.db #0x81	; 129
      0002DA FE                     775 	.db #0xfe	; 254
      0002DB 01                     776 	.db #0x01	; 1
      0002DC FE                     777 	.db #0xfe	; 254
      0002DD 01                     778 	.db #0x01	; 1
      0002DE FE                     779 	.db #0xfe	; 254
      0002DF 01                     780 	.db #0x01	; 1
      0002E0 FE                     781 	.db #0xfe	; 254
      0002E1 01                     782 	.db #0x01	; 1
      0002E2 FD                     783 	.db #0xfd	; 253
      0002E3 02                     784 	.db #0x02	; 2
      0002E4 FA                     785 	.db #0xfa	; 250
      0002E5 05                     786 	.db #0x05	; 5
      0002E6 D5                     787 	.db #0xd5	; 213
      0002E7 2A                     788 	.db #0x2a	; 42
      0002E8 AA                     789 	.db #0xaa	; 170
      0002E9 55                     790 	.db #0x55	; 85	'U'
      0002EA 55                     791 	.db #0x55	; 85	'U'
      0002EB AA                     792 	.db #0xaa	; 170
      0002EC AA                     793 	.db #0xaa	; 170
      0002ED 55                     794 	.db #0x55	; 85	'U'
      0002EE 55                     795 	.db #0x55	; 85	'U'
      0002EF AA                     796 	.db #0xaa	; 170
      0002F0 11                     797 	.db #0x11	; 17
      0002F1 00                     798 	.db #0x00	; 0
      0002F2 10                     799 	.db #0x10	; 16
      0002F3 01                     800 	.db #0x01	; 1
      0002F4 01                     801 	.db #0x01	; 1
      0002F5 10                     802 	.db #0x10	; 16
      0002F6 73                     803 	.db #0x73	; 115	's'
      0002F7 8C                     804 	.db #0x8c	; 140
      0002F8 11                     805 	.db #0x11	; 17
      0002F9 01                     806 	.db #0x01	; 1
      0002FA 17                     807 	.db #0x17	; 23
      0002FB 06                     808 	.db #0x06	; 6
      0002FC 1F                     809 	.db #0x1f	; 31
      0002FD 08                     810 	.db #0x08	; 8
      0002FE FF                     811 	.db #0xff	; 255
      0002FF 30                     812 	.db #0x30	; 48	'0'
      000300 7F                     813 	.db #0x7f	; 127
      000301 40                     814 	.db #0x40	; 64
      000302 7F                     815 	.db #0x7f	; 127
      000303 40                     816 	.db #0x40	; 64
      000304 7F                     817 	.db #0x7f	; 127
      000305 40                     818 	.db #0x40	; 64
      000306 FF                     819 	.db #0xff	; 255
      000307 40                     820 	.db #0x40	; 64
      000308 7F                     821 	.db #0x7f	; 127
      000309 40                     822 	.db #0x40	; 64
      00030A 7D                     823 	.db #0x7d	; 125
      00030B 42                     824 	.db #0x42	; 66	'B'
      00030C 7A                     825 	.db #0x7a	; 122	'z'
      00030D 45                     826 	.db #0x45	; 69	'E'
      00030E FD                     827 	.db #0xfd	; 253
      00030F 22                     828 	.db #0x22	; 34
      000310 AA                     829 	.db #0xaa	; 170
      000311 55                     830 	.db #0x55	; 85	'U'
      000312 F5                     831 	.db #0xf5	; 245
      000313 0A                     832 	.db #0x0a	; 10
      000314 FE                     833 	.db #0xfe	; 254
      000315 F1                     834 	.db #0xf1	; 241
      000316 7F                     835 	.db #0x7f	; 127
      000317 46                     836 	.db #0x46	; 70	'F'
      000318 F9                     837 	.db #0xf9	; 249
      000319 99                     838 	.db #0x99	; 153
      00031A F1                     839 	.db #0xf1	; 241
      00031B 20                     840 	.db #0x20	; 32
      00031C D1                     841 	.db #0xd1	; 209
      00031D 40                     842 	.db #0x40	; 64
      00031E FF                     843 	.db #0xff	; 255
      00031F 80                     844 	.db #0x80	; 128
      000320 1F                     845 	.db #0x1f	; 31
      000321 18                     846 	.db #0x18	; 24
      000322 3F                     847 	.db #0x3f	; 63
      000323 33                     848 	.db #0x33	; 51	'3'
      000324 7C                     849 	.db #0x7c	; 124
      000325 44                     850 	.db #0x44	; 68	'D'
      000326 F8                     851 	.db #0xf8	; 248
      000327 98                     852 	.db #0x98	; 152
      000328 70                     853 	.db #0x70	; 112	'p'
      000329 60                     854 	.db #0x60	; 96
      00032A 11                     855 	.db #0x11	; 17
      00032B 01                     856 	.db #0x01	; 1
      00032C 03                     857 	.db #0x03	; 3
      00032D 12                     858 	.db #0x12	; 18
      00032E C7                     859 	.db #0xc7	; 199
      00032F 39                     860 	.db #0x39	; 57	'9'
      000330 88                     861 	.db #0x88	; 136
      000331 00                     862 	.db #0x00	; 0
      000332 08                     863 	.db #0x08	; 8
      000333 80                     864 	.db #0x80	; 128
      000334 80                     865 	.db #0x80	; 128
      000335 08                     866 	.db #0x08	; 8
      000336 0C                     867 	.db #0x0c	; 12
      000337 F3                     868 	.db #0xf3	; 243
      000338 08                     869 	.db #0x08	; 8
      000339 80                     870 	.db #0x80	; 128
      00033A 03                     871 	.db #0x03	; 3
      00033B 8B                     872 	.db #0x8b	; 139
      00033C 07                     873 	.db #0x07	; 7
      00033D 8C                     874 	.db #0x8c	; 140
      00033E 86                     875 	.db #0x86	; 134
      00033F 7F                     876 	.db #0x7f	; 127
      000340 1E                     877 	.db #0x1e	; 30
      000341 9F                     878 	.db #0x9f	; 159
      000342 29                     879 	.db #0x29	; 41
      000343 BE                     880 	.db #0xbe	; 190
      000344 2D                     881 	.db #0x2d	; 45
      000345 BB                     882 	.db #0xbb	; 187
      000346 FF                     883 	.db #0xff	; 255
      000347 36                     884 	.db #0x36	; 54	'6'
      000348 F7                     885 	.db #0xf7	; 247
      000349 69                     886 	.db #0x69	; 105	'i'
      00034A B0                     887 	.db #0xb0	; 176
      00034B FF                     888 	.db #0xff	; 255
      00034C 97                     889 	.db #0x97	; 151
      00034D FC                     890 	.db #0xfc	; 252
      00034E B6                     891 	.db #0xb6	; 182
      00034F E9                     892 	.db #0xe9	; 233
      000350 81                     893 	.db #0x81	; 129
      000351 09                     894 	.db #0x09	; 9
      000352 02                     895 	.db #0x02	; 2
      000353 8B                     896 	.db #0x8b	; 139
      000354 8E                     897 	.db #0x8e	; 142
      000355 07                     898 	.db #0x07	; 7
      000356 FF                     899 	.db #0xff	; 255
      000357 1A                     900 	.db #0x1a	; 26
      000358 EB                     901 	.db #0xeb	; 235
      000359 FE                     902 	.db #0xfe	; 254
      00035A 69                     903 	.db #0x69	; 105	'i'
      00035B 9F                     904 	.db #0x9f	; 159
      00035C 8A                     905 	.db #0x8a	; 138
      00035D 7F                     906 	.db #0x7f	; 127
      00035E F9                     907 	.db #0xf9	; 249
      00035F 97                     908 	.db #0x97	; 151
      000360 F7                     909 	.db #0xf7	; 247
      000361 DE                     910 	.db #0xde	; 222
      000362 9A                     911 	.db #0x9a	; 154
      000363 7D                     912 	.db #0x7d	; 125
      000364 2F                     913 	.db #0x2f	; 47
      000365 F9                     914 	.db #0xf9	; 249
      000366 6D                     915 	.db #0x6d	; 109	'm'
      000367 DB                     916 	.db #0xdb	; 219
      000368 FB                     917 	.db #0xfb	; 251
      000369 8E                     918 	.db #0x8e	; 142
      00036A DA                     919 	.db #0xda	; 218
      00036B AD                     920 	.db #0xad	; 173
      00036C F9                     921 	.db #0xf9	; 249
      00036D A7                     922 	.db #0xa7	; 167
      00036E BF                     923 	.db #0xbf	; 191
      00036F E2                     924 	.db #0xe2	; 226
      000370 EC                     925 	.db #0xec	; 236
      000371 97                     926 	.db #0x97	; 151
      000372 D3                     927 	.db #0xd3	; 211
      000373 AD                     928 	.db #0xad	; 173
      000374 B9                     929 	.db #0xb9	; 185
      000375 EF                     930 	.db #0xef	; 239
      000376 FB                     931 	.db #0xfb	; 251
      000377 9C                     932 	.db #0x9c	; 156
      000378 F8                     933 	.db #0xf8	; 248
      000379 A7                     934 	.db #0xa7	; 167
      00037A FF                     935 	.db #0xff	; 255
      00037B FF                     936 	.db #0xff	; 255
      00037C 08                     937 	.db #0x08	; 8
      00037D 80                     938 	.db #0x80	; 128
      00037E 32                     939 	.db #0x32	; 50	'2'
      00037F CD                     940 	.db #0xcd	; 205
      000380 7F                     941 	.db #0x7f	; 127
      000381 AB                     942 	.db #0xab	; 171
      000382 FB                     943 	.db #0xfb	; 251
      000383 B7                     944 	.db #0xb7	; 183
      000384 BF                     945 	.db #0xbf	; 191
      000385 E9                     946 	.db #0xe9	; 233
      000386 81                     947 	.db #0x81	; 129
      000387 7F                     948 	.db #0x7f	; 127
      000388 EB                     949 	.db #0xeb	; 235
      000389 1D                     950 	.db #0x1d	; 29
      00038A 55                     951 	.db #0x55	; 85	'U'
      00038B BF                     952 	.db #0xbf	; 191
      00038C F6                     953 	.db #0xf6	; 246
      00038D EF                     954 	.db #0xef	; 239
      00038E 1F                     955 	.db #0x1f	; 31
      00038F F9                     956 	.db #0xf9	; 249
      000390 08                     957 	.db #0x08	; 8
      000391 00                     958 	.db #0x00	; 0
      000392 E8                     959 	.db #0xe8	; 232
      000393 E0                     960 	.db #0xe0	; 224
      000394 78                     961 	.db #0x78	; 120	'x'
      000395 90                     962 	.db #0x90	; 144
      000396 EC                     963 	.db #0xec	; 236
      000397 FB                     964 	.db #0xfb	; 251
      000398 FC                     965 	.db #0xfc	; 252
      000399 6C                     966 	.db #0x6c	; 108	'l'
      00039A 56                     967 	.db #0x56	; 86	'V'
      00039B FA                     968 	.db #0xfa	; 250
      00039C FD                     969 	.db #0xfd	; 253
      00039D BF                     970 	.db #0xbf	; 191
      00039E FD                     971 	.db #0xfd	; 253
      00039F 4B                     972 	.db #0x4b	; 75	'K'
      0003A0 82                     973 	.db #0x82	; 130
      0003A1 FD                     974 	.db #0xfd	; 253
      0003A2 F3                     975 	.db #0xf3	; 243
      0003A3 3C                     976 	.db #0x3c	; 60
      0003A4 70                     977 	.db #0x70	; 112	'p'
      0003A5 BF                     978 	.db #0xbf	; 191
      0003A6 F7                     979 	.db #0xf7	; 247
      0003A7 8F                     980 	.db #0x8f	; 143
      0003A8 FF                     981 	.db #0xff	; 255
      0003A9 B7                     982 	.db #0xb7	; 183
      0003AA ED                     983 	.db #0xed	; 237
      0003AB BA                     984 	.db #0xba	; 186
      0003AC E3                     985 	.db #0xe3	; 227
      0003AD 1D                     986 	.db #0x1d	; 29
      0003AE 39                     987 	.db #0x39	; 57	'9'
      0003AF EE                     988 	.db #0xee	; 238
      0003B0 C8                     989 	.db #0xc8	; 200
      0003B1 C0                     990 	.db #0xc0	; 192
      0003B2 E0                     991 	.db #0xe0	; 224
      0003B3 68                     992 	.db #0x68	; 104	'h'
      0003B4 78                     993 	.db #0x78	; 120	'x'
      0003B5 B8                     994 	.db #0xb8	; 184
      0003B6 FC                     995 	.db #0xfc	; 252
      0003B7 57                     996 	.db #0x57	; 87	'W'
      0003B8 74                     997 	.db #0x74	; 116	't'
      0003B9 AC                     998 	.db #0xac	; 172
      0003BA 72                     999 	.db #0x72	; 114	'r'
      0003BB AE                    1000 	.db #0xae	; 174
      0003BC C2                    1001 	.db #0xc2	; 194
      0003BD 7E                    1002 	.db #0x7e	; 126
      0003BE D7                    1003 	.db #0xd7	; 215
      0003BF BA                    1004 	.db #0xba	; 186
      0003C0 FE                    1005 	.db #0xfe	; 254
      0003C1 53                    1006 	.db #0x53	; 83	'S'
      0003C2 ED                    1007 	.db #0xed	; 237
      0003C3 FF                    1008 	.db #0xff	; 255
      0003C4 BF                    1009 	.db #0xbf	; 191
      0003C5 DE                    1010 	.db #0xde	; 222
      0003C6 75                    1011 	.db #0x75	; 117	'u'
      0003C7 BB                    1012 	.db #0xbb	; 187
      0003C8 FF                    1013 	.db #0xff	; 255
      0003C9 8F                    1014 	.db #0x8f	; 143
      0003CA FB                    1015 	.db #0xfb	; 251
      0003CB F5                    1016 	.db #0xf5	; 245
      0003CC FF                    1017 	.db #0xff	; 255
      0003CD 68                    1018 	.db #0x68	; 104	'h'
      0003CE FF                    1019 	.db #0xff	; 255
      0003CF FF                    1020 	.db #0xff	; 255
      0003D0 7E                    1021 	.db #0x7e	; 126
      0003D1 96                    1022 	.db #0x96	; 150
      0003D2 FA                    1023 	.db #0xfa	; 250
      0003D3 8E                    1024 	.db #0x8e	; 142
      0003D4 D6                    1025 	.db #0xd6	; 214
      0003D5 6A                    1026 	.db #0x6a	; 106	'j'
      0003D6 CE                    1027 	.db #0xce	; 206
      0003D7 73                    1028 	.db #0x73	; 115	's'
      0003D8 5E                    1029 	.db #0x5e	; 94
      0003D9 E2                    1030 	.db #0xe2	; 226
      0003DA 3E                    1031 	.db #0x3e	; 62
      0003DB FE                    1032 	.db #0xfe	; 254
      0003DC 3E                    1033 	.db #0x3e	; 62
      0003DD C6                    1034 	.db #0xc6	; 198
      0003DE FF                    1035 	.db #0xff	; 255
      0003DF FE                    1036 	.db #0xfe	; 254
      0003E0 E8                    1037 	.db #0xe8	; 232
      0003E1 60                    1038 	.db #0x60	; 96
      0003E2 A8                    1039 	.db #0xa8	; 168
      0003E3 E0                    1040 	.db #0xe0	; 224
      0003E4 A8                    1041 	.db #0xa8	; 168
      0003E5 60                    1042 	.db #0x60	; 96
      0003E6 E1                    1043 	.db #0xe1	; 225
      0003E7 FE                    1044 	.db #0xfe	; 254
      0003E8 A0                    1045 	.db #0xa0	; 160
      0003E9 68                    1046 	.db #0x68	; 104	'h'
      0003EA A0                    1047 	.db #0xa0	; 160
      0003EB E8                    1048 	.db #0xe8	; 232
      0003EC E0                    1049 	.db #0xe0	; 224
      0003ED 68                    1050 	.db #0x68	; 104	'h'
      0003EE A0                    1051 	.db #0xa0	; 160
      0003EF 7F                    1052 	.db #0x7f	; 127
      0003F0 E0                    1053 	.db #0xe0	; 224
      0003F1 68                    1054 	.db #0x68	; 104	'h'
      0003F2 A0                    1055 	.db #0xa0	; 160
      0003F3 E8                    1056 	.db #0xe8	; 232
      0003F4 A0                    1057 	.db #0xa0	; 160
      0003F5 68                    1058 	.db #0x68	; 104	'h'
      0003F6 EF                    1059 	.db #0xef	; 239
      0003F7 F0                    1060 	.db #0xf0	; 240
      0003F8 A8                    1061 	.db #0xa8	; 168
      0003F9 60                    1062 	.db #0x60	; 96
      0003FA A8                    1063 	.db #0xa8	; 168
      0003FB E0                    1064 	.db #0xe0	; 224
      0003FC E0                    1065 	.db #0xe0	; 224
      0003FD 68                    1066 	.db #0x68	; 104	'h'
      0003FE BC                    1067 	.db #0xbc	; 188
      0003FF 63                    1068 	.db #0x63	; 99	'c'
      000400 07                    1069 	.db #0x07	; 7
      000401 8E                    1070 	.db #0x8e	; 142
      000402 05                    1071 	.db #0x05	; 5
      000403 8F                    1072 	.db #0x8f	; 143
      000404 0D                    1073 	.db #0x0d	; 13
      000405 86                    1074 	.db #0x86	; 134
      000406 9F                    1075 	.db #0x9f	; 159
      000407 67                    1076 	.db #0x67	; 103	'g'
      000408 0D                    1077 	.db #0x0d	; 13
      000409 86                    1078 	.db #0x86	; 134
      00040A 85                    1079 	.db #0x85	; 133
      00040B 0F                    1080 	.db #0x0f	; 15
      00040C 07                    1081 	.db #0x07	; 7
      00040D 8E                    1082 	.db #0x8e	; 142
      00040E E5                    1083 	.db #0xe5	; 229
      00040F 1E                    1084 	.db #0x1e	; 30
      000410 0F                    1085 	.db #0x0f	; 15
      000411 86                    1086 	.db #0x86	; 134
      000412 05                    1087 	.db #0x05	; 5
      000413 8F                    1088 	.db #0x8f	; 143
      000414 0D                    1089 	.db #0x0d	; 13
      000415 86                    1090 	.db #0x86	; 134
      000416 C7                    1091 	.db #0xc7	; 199
      000417 3F                    1092 	.db #0x3f	; 63
      000418 85                    1093 	.db #0x85	; 133
      000419 0E                    1094 	.db #0x0e	; 14
      00041A 85                    1095 	.db #0x85	; 133
      00041B 0F                    1096 	.db #0x0f	; 15
      00041C 8F                    1097 	.db #0x8f	; 143
      00041D 06                    1098 	.db #0x06	; 6
      00041E 25                    1099 	.db #0x25	; 37
      00041F DE                    1100 	.db #0xde	; 222
      000420 10                    1101 	.db #0x10	; 16
      000421 01                    1102 	.db #0x01	; 1
      000422 00                    1103 	.db #0x00	; 0
      000423 11                    1104 	.db #0x11	; 17
      000424 00                    1105 	.db #0x00	; 0
      000425 11                    1106 	.db #0x11	; 17
      000426 E0                    1107 	.db #0xe0	; 224
      000427 1F                    1108 	.db #0x1f	; 31
      000428 00                    1109 	.db #0x00	; 0
      000429 11                    1110 	.db #0x11	; 17
      00042A FF                    1111 	.db #0xff	; 255
      00042B FF                    1112 	.db #0xff	; 255
      00042C 92                    1113 	.db #0x92	; 146
      00042D FF                    1114 	.db #0xff	; 255
      00042E FF                    1115 	.db #0xff	; 255
      00042F 54                    1116 	.db #0x54	; 84	'T'
      000430 10                    1117 	.db #0x10	; 16
      000431 01                    1118 	.db #0x01	; 1
      000432 10                    1119 	.db #0x10	; 16
      000433 01                    1120 	.db #0x01	; 1
      000434 11                    1121 	.db #0x11	; 17
      000435 00                    1122 	.db #0x00	; 0
      000436 1D                    1123 	.db #0x1d	; 29
      000437 E2                    1124 	.db #0xe2	; 226
      000438 01                    1125 	.db #0x01	; 1
      000439 10                    1126 	.db #0x10	; 16
      00043A FF                    1127 	.db #0xff	; 255
      00043B FF                    1128 	.db #0xff	; 255
      00043C 92                    1129 	.db #0x92	; 146
      00043D FF                    1130 	.db #0xff	; 255
      00043E FF                    1131 	.db #0xff	; 255
      00043F 54                    1132 	.db #0x54	; 84	'T'
      000440 01                    1133 	.db #0x01	; 1
      000441 01                    1134 	.db #0x01	; 1
      000442 6E                    1135 	.db #0x6e	; 110	'n'
      000443 6E                    1136 	.db #0x6e	; 110	'n'
      000444 90                    1137 	.db #0x90	; 144
      000445 90                    1138 	.db #0x90	; 144
      000446 19                    1139 	.db #0x19	; 25
      000447 19                    1140 	.db #0x19	; 25
      000448 27                    1141 	.db #0x27	; 39
      000449 FE                    1142 	.db #0xfe	; 254
      00044A 45                    1143 	.db #0x45	; 69	'E'
      00044B E6                    1144 	.db #0xe6	; 230
      00044C 05                    1145 	.db #0x05	; 5
      00044D C7                    1146 	.db #0xc7	; 199
      00044E C7                    1147 	.db #0xc7	; 199
      00044F C6                    1148 	.db #0xc6	; 198
      000450 27                    1149 	.db #0x27	; 39
      000451 26                    1150 	.db #0x26	; 38
      000452 1D                    1151 	.db #0x1d	; 29
      000453 1F                    1152 	.db #0x1f	; 31
      000454 0D                    1153 	.db #0x0d	; 13
      000455 0E                    1154 	.db #0x0e	; 14
      000456 0F                    1155 	.db #0x0f	; 15
      000457 0F                    1156 	.db #0x0f	; 15
      000458 1D                    1157 	.db #0x1d	; 29
      000459 1E                    1158 	.db #0x1e	; 30
      00045A 25                    1159 	.db #0x25	; 37
      00045B 27                    1160 	.db #0x27	; 39
      00045C C7                    1161 	.db #0xc7	; 199
      00045D C6                    1162 	.db #0xc6	; 198
      00045E 05                    1163 	.db #0x05	; 5
      00045F 06                    1164 	.db #0x06	; 6
      000460 47                    1165 	.db #0x47	; 71	'G'
      000461 46                    1166 	.db #0x46	; 70	'F'
      000462 25                    1167 	.db #0x25	; 37
      000463 27                    1168 	.db #0x27	; 39
      000464 1D                    1169 	.db #0x1d	; 29
      000465 9E                    1170 	.db #0x9e	; 158
      000466 17                    1171 	.db #0x17	; 23
      000467 FF                    1172 	.db #0xff	; 255
      000468 8D                    1173 	.db #0x8d	; 141
      000469 06                    1174 	.db #0x06	; 6
      00046A 8D                    1175 	.db #0x8d	; 141
      00046B 07                    1176 	.db #0x07	; 7
      00046C 0F                    1177 	.db #0x0f	; 15
      00046D 86                    1178 	.db #0x86	; 134
      00046E 6D                    1179 	.db #0x6d	; 109	'm'
      00046F 96                    1180 	.db #0x96	; 150
      000470 80                    1181 	.db #0x80	; 128
      000471 80                    1182 	.db #0x80	; 128
      000472 70                    1183 	.db #0x70	; 112	'p'
      000473 70                    1184 	.db #0x70	; 112	'p'
      000474 0E                    1185 	.db #0x0e	; 14
      000475 0E                    1186 	.db #0x0e	; 14
      000476 99                    1187 	.db #0x99	; 153
      000477 99                    1188 	.db #0x99	; 153
      000478 E0                    1189 	.db #0xe0	; 224
      000479 7F                    1190 	.db #0x7f	; 127
      00047A A0                    1191 	.db #0xa0	; 160
      00047B 67                    1192 	.db #0x67	; 103	'g'
      00047C A0                    1193 	.db #0xa0	; 160
      00047D E3                    1194 	.db #0xe3	; 227
      00047E E0                    1195 	.db #0xe0	; 224
      00047F 63                    1196 	.db #0x63	; 99	'c'
      000480 F1                    1197 	.db #0xf1	; 241
      000481 71                    1198 	.db #0x71	; 113	'q'
      000482 AA                    1199 	.db #0xaa	; 170
      000483 EA                    1200 	.db #0xea	; 234
      000484 A4                    1201 	.db #0xa4	; 164
      000485 64                    1202 	.db #0x64	; 100	'd'
      000486 E4                    1203 	.db #0xe4	; 228
      000487 E4                    1204 	.db #0xe4	; 228
      000488 A4                    1205 	.db #0xa4	; 164
      000489 64                    1206 	.db #0x64	; 100	'd'
      00048A A8                    1207 	.db #0xa8	; 168
      00048B E8                    1208 	.db #0xe8	; 232
      00048C ED                    1209 	.db #0xed	; 237
      00048D 6D                    1210 	.db #0x6d	; 109	'm'
      00048E B2                    1211 	.db #0xb2	; 178
      00048F 72                    1212 	.db #0x72	; 114	'r'
      000490 E2                    1213 	.db #0xe2	; 226
      000491 62                    1214 	.db #0x62	; 98	'b'
      000492 A4                    1215 	.db #0xa4	; 164
      000493 E4                    1216 	.db #0xe4	; 228
      000494 B8                    1217 	.db #0xb8	; 184
      000495 79                    1218 	.db #0x79	; 121	'y'
      000496 E8                    1219 	.db #0xe8	; 232
      000497 FF                    1220 	.db #0xff	; 255
      000498 B1                    1221 	.db #0xb1	; 177
      000499 60                    1222 	.db #0x60	; 96
      00049A B1                    1223 	.db #0xb1	; 177
      00049B E0                    1224 	.db #0xe0	; 224
      00049C F0                    1225 	.db #0xf0	; 240
      00049D 61                    1226 	.db #0x61	; 97	'a'
      00049E B6                    1227 	.db #0xb6	; 182
      00049F 69                    1228 	.db #0x69	; 105	'i'
      0004A0 8F                    1229 	.db #0x8f	; 143
      0004A1 06                    1230 	.db #0x06	; 6
      0004A2 85                    1231 	.db #0x85	; 133
      0004A3 0F                    1232 	.db #0x0f	; 15
      0004A4 8D                    1233 	.db #0x8d	; 141
      0004A5 06                    1234 	.db #0x06	; 6
      0004A6 DF                    1235 	.db #0xdf	; 223
      0004A7 27                    1236 	.db #0x27	; 39
      0004A8 8D                    1237 	.db #0x8d	; 141
      0004A9 06                    1238 	.db #0x06	; 6
      0004AA FD                    1239 	.db #0xfd	; 253
      0004AB FE                    1240 	.db #0xfe	; 254
      0004AC 93                    1241 	.db #0x93	; 147
      0004AD FE                    1242 	.db #0xfe	; 254
      0004AE FF                    1243 	.db #0xff	; 255
      0004AF 51                    1244 	.db #0x51	; 81	'Q'
      0004B0 E8                    1245 	.db #0xe8	; 232
      0004B1 60                    1246 	.db #0x60	; 96
      0004B2 A8                    1247 	.db #0xa8	; 168
      0004B3 E0                    1248 	.db #0xe0	; 224
      0004B4 A0                    1249 	.db #0xa0	; 160
      0004B5 68                    1250 	.db #0x68	; 104	'h'
      0004B6 AE                    1251 	.db #0xae	; 174
      0004B7 71                    1252 	.db #0x71	; 113	'q'
      0004B8 E8                    1253 	.db #0xe8	; 232
      0004B9 E0                    1254 	.db #0xe0	; 224
      0004BA BF                    1255 	.db #0xbf	; 191
      0004BB 7F                    1256 	.db #0x7f	; 127
      0004BC D2                    1257 	.db #0xd2	; 210
      0004BD 7F                    1258 	.db #0x7f	; 127
      0004BE FF                    1259 	.db #0xff	; 255
      0004BF 94                    1260 	.db #0x94	; 148
                                   1261 	.area _INITIALIZER
                                   1262 	.area _CABS (ABS)
