                                      1 ;--------------------------------------------------------
                                      2 ; File Created by SDCC : free open source ISO C Compiler 
                                      3 ; Version 4.3.2 #14228 (MINGW64)
                                      4 ;--------------------------------------------------------
                                      5 	.module Level1_Door_sprite
                                      6 	.optsdcc -msm83
                                      7 	
                                      8 ;--------------------------------------------------------
                                      9 ; Public variables in this module
                                     10 ;--------------------------------------------------------
                                     11 	.globl _Level1_Door_sprite
                                     12 ;--------------------------------------------------------
                                     13 ; special function registers
                                     14 ;--------------------------------------------------------
                                     15 ;--------------------------------------------------------
                                     16 ; ram data
                                     17 ;--------------------------------------------------------
                                     18 	.area _DATA
                                     19 ;--------------------------------------------------------
                                     20 ; ram data
                                     21 ;--------------------------------------------------------
                                     22 	.area _INITIALIZED
                                     23 ;--------------------------------------------------------
                                     24 ; absolute external ram data
                                     25 ;--------------------------------------------------------
                                     26 	.area _DABS (ABS)
                                     27 ;--------------------------------------------------------
                                     28 ; global & static initialisations
                                     29 ;--------------------------------------------------------
                                     30 	.area _HOME
                                     31 	.area _GSINIT
                                     32 	.area _GSFINAL
                                     33 	.area _GSINIT
                                     34 ;--------------------------------------------------------
                                     35 ; Home
                                     36 ;--------------------------------------------------------
                                     37 	.area _HOME
                                     38 	.area _HOME
                                     39 ;--------------------------------------------------------
                                     40 ; code
                                     41 ;--------------------------------------------------------
                                     42 	.area _CODE
                                     43 	.area _CODE
      000000                         44 _Level1_Door_sprite:
      000000 F0                      45 	.db #0xf0	; 240
      000001 F0                      46 	.db #0xf0	; 240
      000002 8F                      47 	.db #0x8f	; 143
      000003 FF                      48 	.db #0xff	; 255
      000004 F0                      49 	.db #0xf0	; 240
      000005 FF                      50 	.db #0xff	; 255
      000006 FF                      51 	.db #0xff	; 255
      000007 AF                      52 	.db #0xaf	; 175
      000008 FF                      53 	.db #0xff	; 255
      000009 81                      54 	.db #0x81	; 129
      00000A 7F                      55 	.db #0x7f	; 127
      00000B 60                      56 	.db #0x60	; 96
      00000C 7F                      57 	.db #0x7f	; 127
      00000D 71                      58 	.db #0x71	; 113	'q'
      00000E 6F                      59 	.db #0x6f	; 111	'o'
      00000F 7F                      60 	.db #0x7f	; 127
      000010 7F                      61 	.db #0x7f	; 127
      000011 5F                      62 	.db #0x5f	; 95
      000012 7F                      63 	.db #0x7f	; 127
      000013 50                      64 	.db #0x50	; 80	'P'
      000014 7F                      65 	.db #0x7f	; 127
      000015 40                      66 	.db #0x40	; 64
      000016 7F                      67 	.db #0x7f	; 127
      000017 71                      68 	.db #0x71	; 113	'q'
      000018 5F                      69 	.db #0x5f	; 95
      000019 7F                      70 	.db #0x7f	; 127
      00001A 60                      71 	.db #0x60	; 96
      00001B 7F                      72 	.db #0x7f	; 127
      00001C 1F                      73 	.db #0x1f	; 31
      00001D 1F                      74 	.db #0x1f	; 31
      00001E 00                      75 	.db #0x00	; 0
      00001F 00                      76 	.db #0x00	; 0
      000020 00                      77 	.db #0x00	; 0
      000021 00                      78 	.db #0x00	; 0
      000022 FE                      79 	.db #0xfe	; 254
      000023 FE                      80 	.db #0xfe	; 254
      000024 02                      81 	.db #0x02	; 2
      000025 FE                      82 	.db #0xfe	; 254
      000026 FE                      83 	.db #0xfe	; 254
      000027 FE                      84 	.db #0xfe	; 254
      000028 FE                      85 	.db #0xfe	; 254
      000029 02                      86 	.db #0x02	; 2
      00002A FE                      87 	.db #0xfe	; 254
      00002B 06                      88 	.db #0x06	; 6
      00002C FE                      89 	.db #0xfe	; 254
      00002D 0A                      90 	.db #0x0a	; 10
      00002E FE                      91 	.db #0xfe	; 254
      00002F D6                      92 	.db #0xd6	; 214
      000030 3A                      93 	.db #0x3a	; 58
      000031 EE                      94 	.db #0xee	; 238
      000032 FF                      95 	.db #0xff	; 255
      000033 D7                      96 	.db #0xd7	; 215
      000034 FF                      97 	.db #0xff	; 255
      000035 A5                      98 	.db #0xa5	; 165
      000036 FF                      99 	.db #0xff	; 255
      000037 41                     100 	.db #0x41	; 65	'A'
      000038 FF                     101 	.db #0xff	; 255
      000039 85                     102 	.db #0x85	; 133
      00003A FF                     103 	.db #0xff	; 255
      00003B FF                     104 	.db #0xff	; 255
      00003C 01                     105 	.db #0x01	; 1
      00003D FF                     106 	.db #0xff	; 255
      00003E FF                     107 	.db #0xff	; 255
      00003F FF                     108 	.db #0xff	; 255
      000040 F0                     109 	.db #0xf0	; 240
      000041 F0                     110 	.db #0xf0	; 240
      000042 FF                     111 	.db #0xff	; 255
      000043 FF                     112 	.db #0xff	; 255
      000044 FF                     113 	.db #0xff	; 255
      000045 FF                     114 	.db #0xff	; 255
      000046 FF                     115 	.db #0xff	; 255
      000047 FF                     116 	.db #0xff	; 255
      000048 FF                     117 	.db #0xff	; 255
      000049 FF                     118 	.db #0xff	; 255
      00004A 7F                     119 	.db #0x7f	; 127
      00004B 7F                     120 	.db #0x7f	; 127
      00004C 7F                     121 	.db #0x7f	; 127
      00004D 7F                     122 	.db #0x7f	; 127
      00004E 7F                     123 	.db #0x7f	; 127
      00004F 7F                     124 	.db #0x7f	; 127
      000050 7F                     125 	.db #0x7f	; 127
      000051 7F                     126 	.db #0x7f	; 127
      000052 7F                     127 	.db #0x7f	; 127
      000053 7F                     128 	.db #0x7f	; 127
      000054 7F                     129 	.db #0x7f	; 127
      000055 7F                     130 	.db #0x7f	; 127
      000056 7F                     131 	.db #0x7f	; 127
      000057 7F                     132 	.db #0x7f	; 127
      000058 7F                     133 	.db #0x7f	; 127
      000059 7F                     134 	.db #0x7f	; 127
      00005A 7F                     135 	.db #0x7f	; 127
      00005B 7F                     136 	.db #0x7f	; 127
      00005C 1F                     137 	.db #0x1f	; 31
      00005D 1F                     138 	.db #0x1f	; 31
      00005E 00                     139 	.db #0x00	; 0
      00005F 00                     140 	.db #0x00	; 0
      000060 00                     141 	.db #0x00	; 0
      000061 00                     142 	.db #0x00	; 0
      000062 FE                     143 	.db #0xfe	; 254
      000063 FE                     144 	.db #0xfe	; 254
      000064 FE                     145 	.db #0xfe	; 254
      000065 FE                     146 	.db #0xfe	; 254
      000066 FE                     147 	.db #0xfe	; 254
      000067 FE                     148 	.db #0xfe	; 254
      000068 FE                     149 	.db #0xfe	; 254
      000069 FE                     150 	.db #0xfe	; 254
      00006A FE                     151 	.db #0xfe	; 254
      00006B FE                     152 	.db #0xfe	; 254
      00006C FE                     153 	.db #0xfe	; 254
      00006D FE                     154 	.db #0xfe	; 254
      00006E FE                     155 	.db #0xfe	; 254
      00006F FE                     156 	.db #0xfe	; 254
      000070 FE                     157 	.db #0xfe	; 254
      000071 FE                     158 	.db #0xfe	; 254
      000072 FF                     159 	.db #0xff	; 255
      000073 FF                     160 	.db #0xff	; 255
      000074 FF                     161 	.db #0xff	; 255
      000075 FF                     162 	.db #0xff	; 255
      000076 FF                     163 	.db #0xff	; 255
      000077 FF                     164 	.db #0xff	; 255
      000078 FF                     165 	.db #0xff	; 255
      000079 FF                     166 	.db #0xff	; 255
      00007A FF                     167 	.db #0xff	; 255
      00007B FF                     168 	.db #0xff	; 255
      00007C FF                     169 	.db #0xff	; 255
      00007D FF                     170 	.db #0xff	; 255
      00007E FF                     171 	.db #0xff	; 255
      00007F FF                     172 	.db #0xff	; 255
                                    173 	.area _INITIALIZER
                                    174 	.area _CABS (ABS)
