                                      1 ;--------------------------------------------------------
                                      2 ; File Created by SDCC : free open source ISO C Compiler 
                                      3 ; Version 4.3.2 #14228 (MINGW64)
                                      4 ;--------------------------------------------------------
                                      5 	.module MainCharacter_sprite
                                      6 	.optsdcc -msm83
                                      7 	
                                      8 ;--------------------------------------------------------
                                      9 ; Public variables in this module
                                     10 ;--------------------------------------------------------
                                     11 	.globl _MainCharacter_sprite
                                     12 	.globl _MainCharacter_walk_side_TR
                                     13 	.globl _MainCharacter_walk_side_TL
                                     14 	.globl _MainCharacter_walk_down_TR
                                     15 	.globl _MainCharacter_walk_down_TL
                                     16 	.globl _MainCharacter_walk_up_TR
                                     17 	.globl _MainCharacter_walk_up_TL
                                     18 	.globl _MainCharacter_idle_side_TR
                                     19 	.globl _MainCharacter_idle_side_TL
                                     20 	.globl _MainCharacter_idle_down_TR
                                     21 	.globl _MainCharacter_idle_down_TL
                                     22 	.globl _MainCharacter_idle_up_TR
                                     23 	.globl _MainCharacter_idle_up_TL
                                     24 ;--------------------------------------------------------
                                     25 ; special function registers
                                     26 ;--------------------------------------------------------
                                     27 ;--------------------------------------------------------
                                     28 ; ram data
                                     29 ;--------------------------------------------------------
                                     30 	.area _DATA
                                     31 ;--------------------------------------------------------
                                     32 ; ram data
                                     33 ;--------------------------------------------------------
                                     34 	.area _INITIALIZED
                                     35 ;--------------------------------------------------------
                                     36 ; absolute external ram data
                                     37 ;--------------------------------------------------------
                                     38 	.area _DABS (ABS)
                                     39 ;--------------------------------------------------------
                                     40 ; global & static initialisations
                                     41 ;--------------------------------------------------------
                                     42 	.area _HOME
                                     43 	.area _GSINIT
                                     44 	.area _GSFINAL
                                     45 	.area _GSINIT
                                     46 ;--------------------------------------------------------
                                     47 ; Home
                                     48 ;--------------------------------------------------------
                                     49 	.area _HOME
                                     50 	.area _HOME
                                     51 ;--------------------------------------------------------
                                     52 ; code
                                     53 ;--------------------------------------------------------
                                     54 	.area _CODE
                                     55 	.area _CODE
      000000                         56 _MainCharacter_idle_up_TL:
      000000 04                      57 	.db #0x04	; 4
      000001                         58 _MainCharacter_idle_up_TR:
      000001 06                      59 	.db #0x06	; 6
      000002                         60 _MainCharacter_idle_down_TL:
      000002 00                      61 	.db #0x00	; 0
      000003                         62 _MainCharacter_idle_down_TR:
      000003 02                      63 	.db #0x02	; 2
      000004                         64 _MainCharacter_idle_side_TL:
      000004 1C                      65 	.db #0x1c	; 28
      000005                         66 _MainCharacter_idle_side_TR:
      000005 1E                      67 	.db #0x1e	; 30
      000006                         68 _MainCharacter_walk_up_TL:
      000006 10                      69 	.db #0x10	; 16
      000007                         70 _MainCharacter_walk_up_TR:
      000007 12                      71 	.db #0x12	; 18
      000008                         72 _MainCharacter_walk_down_TL:
      000008 08                      73 	.db #0x08	; 8
      000009                         74 _MainCharacter_walk_down_TR:
      000009 0A                      75 	.db #0x0a	; 10
      00000A                         76 _MainCharacter_walk_side_TL:
      00000A 18                      77 	.db #0x18	; 24
      00000B                         78 _MainCharacter_walk_side_TR:
      00000B 1A                      79 	.db #0x1a	; 26
      00000C                         80 _MainCharacter_sprite:
      00000C 07                      81 	.db #0x07	; 7
      00000D 07                      82 	.db #0x07	; 7
      00000E 0F                      83 	.db #0x0f	; 15
      00000F 0F                      84 	.db #0x0f	; 15
      000010 0F                      85 	.db #0x0f	; 15
      000011 0D                      86 	.db #0x0d	; 13
      000012 0F                      87 	.db #0x0f	; 15
      000013 0F                      88 	.db #0x0f	; 15
      000014 07                      89 	.db #0x07	; 7
      000015 07                      90 	.db #0x07	; 7
      000016 07                      91 	.db #0x07	; 7
      000017 07                      92 	.db #0x07	; 7
      000018 69                      93 	.db #0x69	; 105	'i'
      000019 6E                      94 	.db #0x6e	; 110	'n'
      00001A F7                      95 	.db #0xf7	; 247
      00001B 98                      96 	.db #0x98	; 152
      00001C F1                      97 	.db #0xf1	; 241
      00001D 9E                      98 	.db #0x9e	; 158
      00001E F7                      99 	.db #0xf7	; 247
      00001F 98                     100 	.db #0x98	; 152
      000020 F9                     101 	.db #0xf9	; 249
      000021 9E                     102 	.db #0x9e	; 158
      000022 FA                     103 	.db #0xfa	; 250
      000023 9D                     104 	.db #0x9d	; 157
      000024 67                     105 	.db #0x67	; 103	'g'
      000025 67                     106 	.db #0x67	; 103	'g'
      000026 06                     107 	.db #0x06	; 6
      000027 06                     108 	.db #0x06	; 6
      000028 06                     109 	.db #0x06	; 6
      000029 06                     110 	.db #0x06	; 6
      00002A 0E                     111 	.db #0x0e	; 14
      00002B 0E                     112 	.db #0x0e	; 14
      00002C C0                     113 	.db #0xc0	; 192
      00002D C0                     114 	.db #0xc0	; 192
      00002E C0                     115 	.db #0xc0	; 192
      00002F C0                     116 	.db #0xc0	; 192
      000030 C0                     117 	.db #0xc0	; 192
      000031 40                     118 	.db #0x40	; 64
      000032 C0                     119 	.db #0xc0	; 192
      000033 C0                     120 	.db #0xc0	; 192
      000034 C0                     121 	.db #0xc0	; 192
      000035 C0                     122 	.db #0xc0	; 192
      000036 C0                     123 	.db #0xc0	; 192
      000037 C0                     124 	.db #0xc0	; 192
      000038 20                     125 	.db #0x20	; 32
      000039 E0                     126 	.db #0xe0	; 224
      00003A D8                     127 	.db #0xd8	; 216
      00003B 38                     128 	.db #0x38	; 56	'8'
      00003C 16                     129 	.db #0x16	; 22
      00003D F6                     130 	.db #0xf6	; 246
      00003E DF                     131 	.db #0xdf	; 223
      00003F 3D                     132 	.db #0x3d	; 61
      000040 3F                     133 	.db #0x3f	; 63
      000041 F1                     134 	.db #0xf1	; 241
      000042 BE                     135 	.db #0xbe	; 190
      000043 72                     136 	.db #0x72	; 114	'r'
      000044 DE                     137 	.db #0xde	; 222
      000045 D2                     138 	.db #0xd2	; 210
      000046 DE                     139 	.db #0xde	; 222
      000047 D2                     140 	.db #0xd2	; 210
      000048 CC                     141 	.db #0xcc	; 204
      000049 CC                     142 	.db #0xcc	; 204
      00004A E0                     143 	.db #0xe0	; 224
      00004B E0                     144 	.db #0xe0	; 224
      00004C 03                     145 	.db #0x03	; 3
      00004D 03                     146 	.db #0x03	; 3
      00004E 03                     147 	.db #0x03	; 3
      00004F 03                     148 	.db #0x03	; 3
      000050 03                     149 	.db #0x03	; 3
      000051 03                     150 	.db #0x03	; 3
      000052 03                     151 	.db #0x03	; 3
      000053 03                     152 	.db #0x03	; 3
      000054 03                     153 	.db #0x03	; 3
      000055 03                     154 	.db #0x03	; 3
      000056 03                     155 	.db #0x03	; 3
      000057 03                     156 	.db #0x03	; 3
      000058 07                     157 	.db #0x07	; 7
      000059 04                     158 	.db #0x04	; 4
      00005A 1C                     159 	.db #0x1c	; 28
      00005B 1B                     160 	.db #0x1b	; 27
      00005C 6F                     161 	.db #0x6f	; 111	'o'
      00005D 68                     162 	.db #0x68	; 104	'h'
      00005E BC                     163 	.db #0xbc	; 188
      00005F FB                     164 	.db #0xfb	; 251
      000060 8F                     165 	.db #0x8f	; 143
      000061 FC                     166 	.db #0xfc	; 252
      000062 4E                     167 	.db #0x4e	; 78	'N'
      000063 7D                     168 	.db #0x7d	; 125
      000064 4B                     169 	.db #0x4b	; 75	'K'
      000065 7B                     170 	.db #0x7b	; 123
      000066 4B                     171 	.db #0x4b	; 75	'K'
      000067 7B                     172 	.db #0x7b	; 123
      000068 33                     173 	.db #0x33	; 51	'3'
      000069 33                     174 	.db #0x33	; 51	'3'
      00006A 07                     175 	.db #0x07	; 7
      00006B 07                     176 	.db #0x07	; 7
      00006C E0                     177 	.db #0xe0	; 224
      00006D E0                     178 	.db #0xe0	; 224
      00006E F0                     179 	.db #0xf0	; 240
      00006F F0                     180 	.db #0xf0	; 240
      000070 F0                     181 	.db #0xf0	; 240
      000071 F0                     182 	.db #0xf0	; 240
      000072 F0                     183 	.db #0xf0	; 240
      000073 F0                     184 	.db #0xf0	; 240
      000074 E0                     185 	.db #0xe0	; 224
      000075 E0                     186 	.db #0xe0	; 224
      000076 E0                     187 	.db #0xe0	; 224
      000077 E0                     188 	.db #0xe0	; 224
      000078 F0                     189 	.db #0xf0	; 240
      000079 90                     190 	.db #0x90	; 144
      00007A 9E                     191 	.db #0x9e	; 158
      00007B EE                     192 	.db #0xee	; 238
      00007C FA                     193 	.db #0xfa	; 250
      00007D 8E                     194 	.db #0x8e	; 142
      00007E 99                     195 	.db #0x99	; 153
      00007F EF                     196 	.db #0xef	; 239
      000080 F9                     197 	.db #0xf9	; 249
      000081 9F                     198 	.db #0x9f	; 159
      000082 B9                     199 	.db #0xb9	; 185
      000083 5F                     200 	.db #0x5f	; 95
      000084 E6                     201 	.db #0xe6	; 230
      000085 E6                     202 	.db #0xe6	; 230
      000086 60                     203 	.db #0x60	; 96
      000087 60                     204 	.db #0x60	; 96
      000088 60                     205 	.db #0x60	; 96
      000089 60                     206 	.db #0x60	; 96
      00008A 70                     207 	.db #0x70	; 112	'p'
      00008B 70                     208 	.db #0x70	; 112	'p'
      00008C 07                     209 	.db #0x07	; 7
      00008D 07                     210 	.db #0x07	; 7
      00008E 0F                     211 	.db #0x0f	; 15
      00008F 0F                     212 	.db #0x0f	; 15
      000090 0F                     213 	.db #0x0f	; 15
      000091 0D                     214 	.db #0x0d	; 13
      000092 0F                     215 	.db #0x0f	; 15
      000093 0F                     216 	.db #0x0f	; 15
      000094 07                     217 	.db #0x07	; 7
      000095 07                     218 	.db #0x07	; 7
      000096 07                     219 	.db #0x07	; 7
      000097 07                     220 	.db #0x07	; 7
      000098 6E                     221 	.db #0x6e	; 110	'n'
      000099 69                     222 	.db #0x69	; 105	'i'
      00009A 98                     223 	.db #0x98	; 152
      00009B F7                     224 	.db #0xf7	; 247
      00009C 9E                     225 	.db #0x9e	; 158
      00009D F1                     226 	.db #0xf1	; 241
      00009E 98                     227 	.db #0x98	; 152
      00009F F7                     228 	.db #0xf7	; 247
      0000A0 9E                     229 	.db #0x9e	; 158
      0000A1 FF                     230 	.db #0xff	; 255
      0000A2 97                     231 	.db #0x97	; 151
      0000A3 F6                     232 	.db #0xf6	; 246
      0000A4 67                     233 	.db #0x67	; 103	'g'
      0000A5 67                     234 	.db #0x67	; 103	'g'
      0000A6 0E                     235 	.db #0x0e	; 14
      0000A7 0E                     236 	.db #0x0e	; 14
      0000A8 00                     237 	.db #0x00	; 0
      0000A9 00                     238 	.db #0x00	; 0
      0000AA 00                     239 	.db #0x00	; 0
      0000AB 00                     240 	.db #0x00	; 0
      0000AC C0                     241 	.db #0xc0	; 192
      0000AD C0                     242 	.db #0xc0	; 192
      0000AE C0                     243 	.db #0xc0	; 192
      0000AF C0                     244 	.db #0xc0	; 192
      0000B0 C0                     245 	.db #0xc0	; 192
      0000B1 40                     246 	.db #0x40	; 64
      0000B2 C0                     247 	.db #0xc0	; 192
      0000B3 C0                     248 	.db #0xc0	; 192
      0000B4 C0                     249 	.db #0xc0	; 192
      0000B5 C0                     250 	.db #0xc0	; 192
      0000B6 C8                     251 	.db #0xc8	; 200
      0000B7 C8                     252 	.db #0xc8	; 200
      0000B8 E6                     253 	.db #0xe6	; 230
      0000B9 26                     254 	.db #0x26	; 38
      0000BA 3D                     255 	.db #0x3d	; 61
      0000BB DF                     256 	.db #0xdf	; 223
      0000BC F1                     257 	.db #0xf1	; 241
      0000BD 1F                     258 	.db #0x1f	; 31
      0000BE 32                     259 	.db #0x32	; 50	'2'
      0000BF DE                     260 	.db #0xde	; 222
      0000C0 F2                     261 	.db #0xf2	; 242
      0000C1 3E                     262 	.db #0x3e	; 62
      0000C2 72                     263 	.db #0x72	; 114	'r'
      0000C3 BE                     264 	.db #0xbe	; 190
      0000C4 CC                     265 	.db #0xcc	; 204
      0000C5 CC                     266 	.db #0xcc	; 204
      0000C6 C0                     267 	.db #0xc0	; 192
      0000C7 C0                     268 	.db #0xc0	; 192
      0000C8 C0                     269 	.db #0xc0	; 192
      0000C9 C0                     270 	.db #0xc0	; 192
      0000CA E0                     271 	.db #0xe0	; 224
      0000CB E0                     272 	.db #0xe0	; 224
      0000CC 07                     273 	.db #0x07	; 7
      0000CD 07                     274 	.db #0x07	; 7
      0000CE 0F                     275 	.db #0x0f	; 15
      0000CF 0F                     276 	.db #0x0f	; 15
      0000D0 0F                     277 	.db #0x0f	; 15
      0000D1 0D                     278 	.db #0x0d	; 13
      0000D2 0F                     279 	.db #0x0f	; 15
      0000D3 0F                     280 	.db #0x0f	; 15
      0000D4 67                     281 	.db #0x67	; 103	'g'
      0000D5 67                     282 	.db #0x67	; 103	'g'
      0000D6 97                     283 	.db #0x97	; 151
      0000D7 F7                     284 	.db #0xf7	; 247
      0000D8 9E                     285 	.db #0x9e	; 158
      0000D9 F9                     286 	.db #0xf9	; 249
      0000DA 98                     287 	.db #0x98	; 152
      0000DB F7                     288 	.db #0xf7	; 247
      0000DC 9E                     289 	.db #0x9e	; 158
      0000DD F1                     290 	.db #0xf1	; 241
      0000DE 98                     291 	.db #0x98	; 152
      0000DF F7                     292 	.db #0xf7	; 247
      0000E0 7E                     293 	.db #0x7e	; 126
      0000E1 71                     294 	.db #0x71	; 113	'q'
      0000E2 0D                     295 	.db #0x0d	; 13
      0000E3 0A                     296 	.db #0x0a	; 10
      0000E4 07                     297 	.db #0x07	; 7
      0000E5 07                     298 	.db #0x07	; 7
      0000E6 06                     299 	.db #0x06	; 6
      0000E7 06                     300 	.db #0x06	; 6
      0000E8 06                     301 	.db #0x06	; 6
      0000E9 06                     302 	.db #0x06	; 6
      0000EA 0E                     303 	.db #0x0e	; 14
      0000EB 0E                     304 	.db #0x0e	; 14
      0000EC C0                     305 	.db #0xc0	; 192
      0000ED C0                     306 	.db #0xc0	; 192
      0000EE C0                     307 	.db #0xc0	; 192
      0000EF C0                     308 	.db #0xc0	; 192
      0000F0 C0                     309 	.db #0xc0	; 192
      0000F1 40                     310 	.db #0x40	; 64
      0000F2 C0                     311 	.db #0xc0	; 192
      0000F3 C0                     312 	.db #0xc0	; 192
      0000F4 C0                     313 	.db #0xc0	; 192
      0000F5 C0                     314 	.db #0xc0	; 192
      0000F6 C0                     315 	.db #0xc0	; 192
      0000F7 C0                     316 	.db #0xc0	; 192
      0000F8 E0                     317 	.db #0xe0	; 224
      0000F9 20                     318 	.db #0x20	; 32
      0000FA 38                     319 	.db #0x38	; 56	'8'
      0000FB D8                     320 	.db #0xd8	; 216
      0000FC F6                     321 	.db #0xf6	; 246
      0000FD 16                     322 	.db #0x16	; 22
      0000FE 3D                     323 	.db #0x3d	; 61
      0000FF DF                     324 	.db #0xdf	; 223
      000100 F1                     325 	.db #0xf1	; 241
      000101 FF                     326 	.db #0xff	; 255
      000102 D2                     327 	.db #0xd2	; 210
      000103 DE                     328 	.db #0xde	; 222
      000104 D2                     329 	.db #0xd2	; 210
      000105 DE                     330 	.db #0xde	; 222
      000106 F2                     331 	.db #0xf2	; 242
      000107 FE                     332 	.db #0xfe	; 254
      000108 0C                     333 	.db #0x0c	; 12
      000109 0C                     334 	.db #0x0c	; 12
      00010A 00                     335 	.db #0x00	; 0
      00010B 00                     336 	.db #0x00	; 0
      00010C 03                     337 	.db #0x03	; 3
      00010D 03                     338 	.db #0x03	; 3
      00010E 03                     339 	.db #0x03	; 3
      00010F 03                     340 	.db #0x03	; 3
      000110 03                     341 	.db #0x03	; 3
      000111 03                     342 	.db #0x03	; 3
      000112 03                     343 	.db #0x03	; 3
      000113 03                     344 	.db #0x03	; 3
      000114 03                     345 	.db #0x03	; 3
      000115 03                     346 	.db #0x03	; 3
      000116 03                     347 	.db #0x03	; 3
      000117 03                     348 	.db #0x03	; 3
      000118 07                     349 	.db #0x07	; 7
      000119 04                     350 	.db #0x04	; 4
      00011A 1C                     351 	.db #0x1c	; 28
      00011B 1B                     352 	.db #0x1b	; 27
      00011C 6F                     353 	.db #0x6f	; 111	'o'
      00011D 68                     354 	.db #0x68	; 104	'h'
      00011E AC                     355 	.db #0xac	; 172
      00011F EB                     356 	.db #0xeb	; 235
      000120 8F                     357 	.db #0x8f	; 143
      000121 FC                     358 	.db #0xfc	; 252
      000122 4E                     359 	.db #0x4e	; 78	'N'
      000123 7D                     360 	.db #0x7d	; 125
      000124 4B                     361 	.db #0x4b	; 75	'K'
      000125 7B                     362 	.db #0x7b	; 123
      000126 4F                     363 	.db #0x4f	; 79	'O'
      000127 7F                     364 	.db #0x7f	; 127
      000128 30                     365 	.db #0x30	; 48	'0'
      000129 30                     366 	.db #0x30	; 48	'0'
      00012A 00                     367 	.db #0x00	; 0
      00012B 00                     368 	.db #0x00	; 0
      00012C E0                     369 	.db #0xe0	; 224
      00012D E0                     370 	.db #0xe0	; 224
      00012E F0                     371 	.db #0xf0	; 240
      00012F F0                     372 	.db #0xf0	; 240
      000130 F0                     373 	.db #0xf0	; 240
      000131 F0                     374 	.db #0xf0	; 240
      000132 F0                     375 	.db #0xf0	; 240
      000133 F0                     376 	.db #0xf0	; 240
      000134 E0                     377 	.db #0xe0	; 224
      000135 E0                     378 	.db #0xe0	; 224
      000136 E6                     379 	.db #0xe6	; 230
      000137 E6                     380 	.db #0xe6	; 230
      000138 FA                     381 	.db #0xfa	; 250
      000139 9E                     382 	.db #0x9e	; 158
      00013A 99                     383 	.db #0x99	; 153
      00013B EF                     384 	.db #0xef	; 239
      00013C F9                     385 	.db #0xf9	; 249
      00013D 8F                     386 	.db #0x8f	; 143
      00013E 99                     387 	.db #0x99	; 153
      00013F EF                     388 	.db #0xef	; 239
      000140 F6                     389 	.db #0xf6	; 246
      000141 96                     390 	.db #0x96	; 150
      000142 B0                     391 	.db #0xb0	; 176
      000143 50                     392 	.db #0x50	; 80	'P'
      000144 E0                     393 	.db #0xe0	; 224
      000145 E0                     394 	.db #0xe0	; 224
      000146 60                     395 	.db #0x60	; 96
      000147 60                     396 	.db #0x60	; 96
      000148 60                     397 	.db #0x60	; 96
      000149 60                     398 	.db #0x60	; 96
      00014A 70                     399 	.db #0x70	; 112	'p'
      00014B 70                     400 	.db #0x70	; 112	'p'
      00014C 03                     401 	.db #0x03	; 3
      00014D 03                     402 	.db #0x03	; 3
      00014E 03                     403 	.db #0x03	; 3
      00014F 03                     404 	.db #0x03	; 3
      000150 03                     405 	.db #0x03	; 3
      000151 03                     406 	.db #0x03	; 3
      000152 03                     407 	.db #0x03	; 3
      000153 03                     408 	.db #0x03	; 3
      000154 03                     409 	.db #0x03	; 3
      000155 03                     410 	.db #0x03	; 3
      000156 13                     411 	.db #0x13	; 19
      000157 13                     412 	.db #0x13	; 19
      000158 67                     413 	.db #0x67	; 103	'g'
      000159 64                     414 	.db #0x64	; 100	'd'
      00015A BC                     415 	.db #0xbc	; 188
      00015B FB                     416 	.db #0xfb	; 251
      00015C 8F                     417 	.db #0x8f	; 143
      00015D F8                     418 	.db #0xf8	; 248
      00015E 4C                     419 	.db #0x4c	; 76	'L'
      00015F 7B                     420 	.db #0x7b	; 123
      000160 4F                     421 	.db #0x4f	; 79	'O'
      000161 7C                     422 	.db #0x7c	; 124
      000162 4E                     423 	.db #0x4e	; 78	'N'
      000163 7D                     424 	.db #0x7d	; 125
      000164 33                     425 	.db #0x33	; 51	'3'
      000165 33                     426 	.db #0x33	; 51	'3'
      000166 03                     427 	.db #0x03	; 3
      000167 03                     428 	.db #0x03	; 3
      000168 03                     429 	.db #0x03	; 3
      000169 03                     430 	.db #0x03	; 3
      00016A 07                     431 	.db #0x07	; 7
      00016B 07                     432 	.db #0x07	; 7
      00016C E0                     433 	.db #0xe0	; 224
      00016D E0                     434 	.db #0xe0	; 224
      00016E F0                     435 	.db #0xf0	; 240
      00016F F0                     436 	.db #0xf0	; 240
      000170 F0                     437 	.db #0xf0	; 240
      000171 F0                     438 	.db #0xf0	; 240
      000172 F0                     439 	.db #0xf0	; 240
      000173 F0                     440 	.db #0xf0	; 240
      000174 E0                     441 	.db #0xe0	; 224
      000175 E0                     442 	.db #0xe0	; 224
      000176 E0                     443 	.db #0xe0	; 224
      000177 E0                     444 	.db #0xe0	; 224
      000178 F0                     445 	.db #0xf0	; 240
      000179 90                     446 	.db #0x90	; 144
      00017A 9E                     447 	.db #0x9e	; 158
      00017B EE                     448 	.db #0xee	; 238
      00017C FA                     449 	.db #0xfa	; 250
      00017D 8E                     450 	.db #0x8e	; 142
      00017E 99                     451 	.db #0x99	; 153
      00017F EF                     452 	.db #0xef	; 239
      000180 F9                     453 	.db #0xf9	; 249
      000181 9F                     454 	.db #0x9f	; 159
      000182 B9                     455 	.db #0xb9	; 185
      000183 5F                     456 	.db #0x5f	; 95
      000184 E6                     457 	.db #0xe6	; 230
      000185 E6                     458 	.db #0xe6	; 230
      000186 70                     459 	.db #0x70	; 112	'p'
      000187 70                     460 	.db #0x70	; 112	'p'
      000188 00                     461 	.db #0x00	; 0
      000189 00                     462 	.db #0x00	; 0
      00018A 00                     463 	.db #0x00	; 0
      00018B 00                     464 	.db #0x00	; 0
      00018C 03                     465 	.db #0x03	; 3
      00018D 03                     466 	.db #0x03	; 3
      00018E 07                     467 	.db #0x07	; 7
      00018F 07                     468 	.db #0x07	; 7
      000190 0F                     469 	.db #0x0f	; 15
      000191 0F                     470 	.db #0x0f	; 15
      000192 0F                     471 	.db #0x0f	; 15
      000193 0F                     472 	.db #0x0f	; 15
      000194 07                     473 	.db #0x07	; 7
      000195 07                     474 	.db #0x07	; 7
      000196 03                     475 	.db #0x03	; 3
      000197 03                     476 	.db #0x03	; 3
      000198 07                     477 	.db #0x07	; 7
      000199 04                     478 	.db #0x04	; 4
      00019A 06                     479 	.db #0x06	; 6
      00019B 05                     480 	.db #0x05	; 5
      00019C 06                     481 	.db #0x06	; 6
      00019D 05                     482 	.db #0x05	; 5
      00019E 06                     483 	.db #0x06	; 6
      00019F 05                     484 	.db #0x05	; 5
      0001A0 06                     485 	.db #0x06	; 6
      0001A1 05                     486 	.db #0x05	; 5
      0001A2 06                     487 	.db #0x06	; 6
      0001A3 05                     488 	.db #0x05	; 5
      0001A4 0F                     489 	.db #0x0f	; 15
      0001A5 0F                     490 	.db #0x0f	; 15
      0001A6 1C                     491 	.db #0x1c	; 28
      0001A7 1C                     492 	.db #0x1c	; 28
      0001A8 0E                     493 	.db #0x0e	; 14
      0001A9 0E                     494 	.db #0x0e	; 14
      0001AA 06                     495 	.db #0x06	; 6
      0001AB 06                     496 	.db #0x06	; 6
      0001AC 80                     497 	.db #0x80	; 128
      0001AD 80                     498 	.db #0x80	; 128
      0001AE C0                     499 	.db #0xc0	; 192
      0001AF C0                     500 	.db #0xc0	; 192
      0001B0 C0                     501 	.db #0xc0	; 192
      0001B1 40                     502 	.db #0x40	; 64
      0001B2 C0                     503 	.db #0xc0	; 192
      0001B3 C0                     504 	.db #0xc0	; 192
      0001B4 C0                     505 	.db #0xc0	; 192
      0001B5 C0                     506 	.db #0xc0	; 192
      0001B6 C0                     507 	.db #0xc0	; 192
      0001B7 C0                     508 	.db #0xc0	; 192
      0001B8 E0                     509 	.db #0xe0	; 224
      0001B9 20                     510 	.db #0x20	; 32
      0001BA 60                     511 	.db #0x60	; 96
      0001BB A0                     512 	.db #0xa0	; 160
      0001BC 60                     513 	.db #0x60	; 96
      0001BD A0                     514 	.db #0xa0	; 160
      0001BE 60                     515 	.db #0x60	; 96
      0001BF A0                     516 	.db #0xa0	; 160
      0001C0 60                     517 	.db #0x60	; 96
      0001C1 A0                     518 	.db #0xa0	; 160
      0001C2 40                     519 	.db #0x40	; 64
      0001C3 C0                     520 	.db #0xc0	; 192
      0001C4 D8                     521 	.db #0xd8	; 216
      0001C5 D8                     522 	.db #0xd8	; 216
      0001C6 F8                     523 	.db #0xf8	; 248
      0001C7 F8                     524 	.db #0xf8	; 248
      0001C8 70                     525 	.db #0x70	; 112	'p'
      0001C9 70                     526 	.db #0x70	; 112	'p'
      0001CA 20                     527 	.db #0x20	; 32
      0001CB 20                     528 	.db #0x20	; 32
      0001CC 03                     529 	.db #0x03	; 3
      0001CD 03                     530 	.db #0x03	; 3
      0001CE 07                     531 	.db #0x07	; 7
      0001CF 07                     532 	.db #0x07	; 7
      0001D0 0F                     533 	.db #0x0f	; 15
      0001D1 0F                     534 	.db #0x0f	; 15
      0001D2 0F                     535 	.db #0x0f	; 15
      0001D3 0F                     536 	.db #0x0f	; 15
      0001D4 07                     537 	.db #0x07	; 7
      0001D5 07                     538 	.db #0x07	; 7
      0001D6 03                     539 	.db #0x03	; 3
      0001D7 03                     540 	.db #0x03	; 3
      0001D8 07                     541 	.db #0x07	; 7
      0001D9 04                     542 	.db #0x04	; 4
      0001DA 06                     543 	.db #0x06	; 6
      0001DB 05                     544 	.db #0x05	; 5
      0001DC 06                     545 	.db #0x06	; 6
      0001DD 05                     546 	.db #0x05	; 5
      0001DE 06                     547 	.db #0x06	; 6
      0001DF 05                     548 	.db #0x05	; 5
      0001E0 06                     549 	.db #0x06	; 6
      0001E1 05                     550 	.db #0x05	; 5
      0001E2 06                     551 	.db #0x06	; 6
      0001E3 05                     552 	.db #0x05	; 5
      0001E4 03                     553 	.db #0x03	; 3
      0001E5 03                     554 	.db #0x03	; 3
      0001E6 03                     555 	.db #0x03	; 3
      0001E7 03                     556 	.db #0x03	; 3
      0001E8 03                     557 	.db #0x03	; 3
      0001E9 03                     558 	.db #0x03	; 3
      0001EA 03                     559 	.db #0x03	; 3
      0001EB 03                     560 	.db #0x03	; 3
      0001EC 80                     561 	.db #0x80	; 128
      0001ED 80                     562 	.db #0x80	; 128
      0001EE C0                     563 	.db #0xc0	; 192
      0001EF C0                     564 	.db #0xc0	; 192
      0001F0 C0                     565 	.db #0xc0	; 192
      0001F1 40                     566 	.db #0x40	; 64
      0001F2 C0                     567 	.db #0xc0	; 192
      0001F3 C0                     568 	.db #0xc0	; 192
      0001F4 C0                     569 	.db #0xc0	; 192
      0001F5 C0                     570 	.db #0xc0	; 192
      0001F6 C0                     571 	.db #0xc0	; 192
      0001F7 C0                     572 	.db #0xc0	; 192
      0001F8 E0                     573 	.db #0xe0	; 224
      0001F9 20                     574 	.db #0x20	; 32
      0001FA 60                     575 	.db #0x60	; 96
      0001FB A0                     576 	.db #0xa0	; 160
      0001FC 60                     577 	.db #0x60	; 96
      0001FD A0                     578 	.db #0xa0	; 160
      0001FE 60                     579 	.db #0x60	; 96
      0001FF A0                     580 	.db #0xa0	; 160
      000200 60                     581 	.db #0x60	; 96
      000201 A0                     582 	.db #0xa0	; 160
      000202 40                     583 	.db #0x40	; 64
      000203 C0                     584 	.db #0xc0	; 192
      000204 80                     585 	.db #0x80	; 128
      000205 80                     586 	.db #0x80	; 128
      000206 00                     587 	.db #0x00	; 0
      000207 00                     588 	.db #0x00	; 0
      000208 C0                     589 	.db #0xc0	; 192
      000209 C0                     590 	.db #0xc0	; 192
      00020A C0                     591 	.db #0xc0	; 192
      00020B C0                     592 	.db #0xc0	; 192
      00020C 01                     593 	.db #0x01	; 1
      00020D 01                     594 	.db #0x01	; 1
      00020E 03                     595 	.db #0x03	; 3
      00020F 03                     596 	.db #0x03	; 3
      000210 03                     597 	.db #0x03	; 3
      000211 02                     598 	.db #0x02	; 2
      000212 03                     599 	.db #0x03	; 3
      000213 03                     600 	.db #0x03	; 3
      000214 03                     601 	.db #0x03	; 3
      000215 03                     602 	.db #0x03	; 3
      000216 03                     603 	.db #0x03	; 3
      000217 03                     604 	.db #0x03	; 3
      000218 07                     605 	.db #0x07	; 7
      000219 04                     606 	.db #0x04	; 4
      00021A 06                     607 	.db #0x06	; 6
      00021B 05                     608 	.db #0x05	; 5
      00021C 06                     609 	.db #0x06	; 6
      00021D 05                     610 	.db #0x05	; 5
      00021E 06                     611 	.db #0x06	; 6
      00021F 05                     612 	.db #0x05	; 5
      000220 06                     613 	.db #0x06	; 6
      000221 05                     614 	.db #0x05	; 5
      000222 02                     615 	.db #0x02	; 2
      000223 03                     616 	.db #0x03	; 3
      000224 01                     617 	.db #0x01	; 1
      000225 01                     618 	.db #0x01	; 1
      000226 00                     619 	.db #0x00	; 0
      000227 00                     620 	.db #0x00	; 0
      000228 03                     621 	.db #0x03	; 3
      000229 03                     622 	.db #0x03	; 3
      00022A 03                     623 	.db #0x03	; 3
      00022B 03                     624 	.db #0x03	; 3
      00022C C0                     625 	.db #0xc0	; 192
      00022D C0                     626 	.db #0xc0	; 192
      00022E E0                     627 	.db #0xe0	; 224
      00022F E0                     628 	.db #0xe0	; 224
      000230 F0                     629 	.db #0xf0	; 240
      000231 F0                     630 	.db #0xf0	; 240
      000232 F0                     631 	.db #0xf0	; 240
      000233 F0                     632 	.db #0xf0	; 240
      000234 E0                     633 	.db #0xe0	; 224
      000235 E0                     634 	.db #0xe0	; 224
      000236 C0                     635 	.db #0xc0	; 192
      000237 C0                     636 	.db #0xc0	; 192
      000238 E0                     637 	.db #0xe0	; 224
      000239 20                     638 	.db #0x20	; 32
      00023A 60                     639 	.db #0x60	; 96
      00023B A0                     640 	.db #0xa0	; 160
      00023C 60                     641 	.db #0x60	; 96
      00023D A0                     642 	.db #0xa0	; 160
      00023E 60                     643 	.db #0x60	; 96
      00023F A0                     644 	.db #0xa0	; 160
      000240 60                     645 	.db #0x60	; 96
      000241 A0                     646 	.db #0xa0	; 160
      000242 60                     647 	.db #0x60	; 96
      000243 A0                     648 	.db #0xa0	; 160
      000244 C0                     649 	.db #0xc0	; 192
      000245 C0                     650 	.db #0xc0	; 192
      000246 C0                     651 	.db #0xc0	; 192
      000247 C0                     652 	.db #0xc0	; 192
      000248 C0                     653 	.db #0xc0	; 192
      000249 C0                     654 	.db #0xc0	; 192
      00024A C0                     655 	.db #0xc0	; 192
      00024B C0                     656 	.db #0xc0	; 192
      00024C 01                     657 	.db #0x01	; 1
      00024D 01                     658 	.db #0x01	; 1
      00024E 03                     659 	.db #0x03	; 3
      00024F 03                     660 	.db #0x03	; 3
      000250 03                     661 	.db #0x03	; 3
      000251 02                     662 	.db #0x02	; 2
      000252 03                     663 	.db #0x03	; 3
      000253 03                     664 	.db #0x03	; 3
      000254 03                     665 	.db #0x03	; 3
      000255 03                     666 	.db #0x03	; 3
      000256 03                     667 	.db #0x03	; 3
      000257 03                     668 	.db #0x03	; 3
      000258 07                     669 	.db #0x07	; 7
      000259 04                     670 	.db #0x04	; 4
      00025A 06                     671 	.db #0x06	; 6
      00025B 05                     672 	.db #0x05	; 5
      00025C 06                     673 	.db #0x06	; 6
      00025D 05                     674 	.db #0x05	; 5
      00025E 06                     675 	.db #0x06	; 6
      00025F 05                     676 	.db #0x05	; 5
      000260 06                     677 	.db #0x06	; 6
      000261 05                     678 	.db #0x05	; 5
      000262 02                     679 	.db #0x02	; 2
      000263 03                     680 	.db #0x03	; 3
      000264 1B                     681 	.db #0x1b	; 27
      000265 1B                     682 	.db #0x1b	; 27
      000266 1F                     683 	.db #0x1f	; 31
      000267 1F                     684 	.db #0x1f	; 31
      000268 0E                     685 	.db #0x0e	; 14
      000269 0E                     686 	.db #0x0e	; 14
      00026A 04                     687 	.db #0x04	; 4
      00026B 04                     688 	.db #0x04	; 4
      00026C C0                     689 	.db #0xc0	; 192
      00026D C0                     690 	.db #0xc0	; 192
      00026E E0                     691 	.db #0xe0	; 224
      00026F E0                     692 	.db #0xe0	; 224
      000270 F0                     693 	.db #0xf0	; 240
      000271 F0                     694 	.db #0xf0	; 240
      000272 F0                     695 	.db #0xf0	; 240
      000273 F0                     696 	.db #0xf0	; 240
      000274 E0                     697 	.db #0xe0	; 224
      000275 E0                     698 	.db #0xe0	; 224
      000276 C0                     699 	.db #0xc0	; 192
      000277 C0                     700 	.db #0xc0	; 192
      000278 E0                     701 	.db #0xe0	; 224
      000279 20                     702 	.db #0x20	; 32
      00027A 60                     703 	.db #0x60	; 96
      00027B A0                     704 	.db #0xa0	; 160
      00027C 60                     705 	.db #0x60	; 96
      00027D A0                     706 	.db #0xa0	; 160
      00027E 60                     707 	.db #0x60	; 96
      00027F A0                     708 	.db #0xa0	; 160
      000280 60                     709 	.db #0x60	; 96
      000281 A0                     710 	.db #0xa0	; 160
      000282 60                     711 	.db #0x60	; 96
      000283 A0                     712 	.db #0xa0	; 160
      000284 F0                     713 	.db #0xf0	; 240
      000285 F0                     714 	.db #0xf0	; 240
      000286 38                     715 	.db #0x38	; 56	'8'
      000287 38                     716 	.db #0x38	; 56	'8'
      000288 70                     717 	.db #0x70	; 112	'p'
      000289 70                     718 	.db #0x70	; 112	'p'
      00028A 60                     719 	.db #0x60	; 96
      00028B 60                     720 	.db #0x60	; 96
                                    721 	.area _INITIALIZER
                                    722 	.area _CABS (ABS)
