                                      1 ;--------------------------------------------------------
                                      2 ; File Created by SDCC : free open source ISO C Compiler 
                                      3 ; Version 4.3.2 #14228 (MINGW64)
                                      4 ;--------------------------------------------------------
                                      5 	.module Parchment_Border_map
                                      6 	.optsdcc -msm83
                                      7 	
                                      8 ;--------------------------------------------------------
                                      9 ; Public variables in this module
                                     10 ;--------------------------------------------------------
                                     11 	.globl _Parchment_Border_map
                                     12 	.globl _Parchment_Border_spriteM
                                     13 ;--------------------------------------------------------
                                     14 ; special function registers
                                     15 ;--------------------------------------------------------
                                     16 ;--------------------------------------------------------
                                     17 ; ram data
                                     18 ;--------------------------------------------------------
                                     19 	.area _DATA
                                     20 ;--------------------------------------------------------
                                     21 ; ram data
                                     22 ;--------------------------------------------------------
                                     23 	.area _INITIALIZED
                                     24 ;--------------------------------------------------------
                                     25 ; absolute external ram data
                                     26 ;--------------------------------------------------------
                                     27 	.area _DABS (ABS)
                                     28 ;--------------------------------------------------------
                                     29 ; global & static initialisations
                                     30 ;--------------------------------------------------------
                                     31 	.area _HOME
                                     32 	.area _GSINIT
                                     33 	.area _GSFINAL
                                     34 	.area _GSINIT
                                     35 ;--------------------------------------------------------
                                     36 ; Home
                                     37 ;--------------------------------------------------------
                                     38 	.area _HOME
                                     39 	.area _HOME
                                     40 ;--------------------------------------------------------
                                     41 ; code
                                     42 ;--------------------------------------------------------
                                     43 	.area _CODE
                                     44 	.area _CODE
      000000                         45 _Parchment_Border_spriteM:
      000000 7B                      46 	.db #0x7b	; 123
      000001 00                      47 	.db #0x00	; 0
      000002 78                      48 	.db #0x78	; 120	'x'
      000003 00                      49 	.db #0x00	; 0
      000004 30                      50 	.db #0x30	; 48	'0'
      000005 00                      51 	.db #0x00	; 0
      000006 10                      52 	.db #0x10	; 16
      000007 00                      53 	.db #0x00	; 0
      000008 00                      54 	.db #0x00	; 0
      000009 00                      55 	.db #0x00	; 0
      00000A 00                      56 	.db #0x00	; 0
      00000B 00                      57 	.db #0x00	; 0
      00000C 00                      58 	.db #0x00	; 0
      00000D 00                      59 	.db #0x00	; 0
      00000E 00                      60 	.db #0x00	; 0
      00000F 00                      61 	.db #0x00	; 0
      000010 FF                      62 	.db #0xff	; 255
      000011 00                      63 	.db #0x00	; 0
      000012 FF                      64 	.db #0xff	; 255
      000013 00                      65 	.db #0x00	; 0
      000014 00                      66 	.db #0x00	; 0
      000015 00                      67 	.db #0x00	; 0
      000016 00                      68 	.db #0x00	; 0
      000017 00                      69 	.db #0x00	; 0
      000018 00                      70 	.db #0x00	; 0
      000019 00                      71 	.db #0x00	; 0
      00001A 00                      72 	.db #0x00	; 0
      00001B 00                      73 	.db #0x00	; 0
      00001C 00                      74 	.db #0x00	; 0
      00001D 00                      75 	.db #0x00	; 0
      00001E 00                      76 	.db #0x00	; 0
      00001F 00                      77 	.db #0x00	; 0
      000020 FF                      78 	.db #0xff	; 255
      000021 00                      79 	.db #0x00	; 0
      000022 FF                      80 	.db #0xff	; 255
      000023 00                      81 	.db #0x00	; 0
      000024 7F                      82 	.db #0x7f	; 127
      000025 00                      83 	.db #0x00	; 0
      000026 1F                      84 	.db #0x1f	; 31
      000027 00                      85 	.db #0x00	; 0
      000028 03                      86 	.db #0x03	; 3
      000029 00                      87 	.db #0x00	; 0
      00002A 01                      88 	.db #0x01	; 1
      00002B 00                      89 	.db #0x00	; 0
      00002C 00                      90 	.db #0x00	; 0
      00002D 00                      91 	.db #0x00	; 0
      00002E 00                      92 	.db #0x00	; 0
      00002F 00                      93 	.db #0x00	; 0
      000030 FF                      94 	.db #0xff	; 255
      000031 00                      95 	.db #0x00	; 0
      000032 FF                      96 	.db #0xff	; 255
      000033 00                      97 	.db #0x00	; 0
      000034 E0                      98 	.db #0xe0	; 224
      000035 00                      99 	.db #0x00	; 0
      000036 C0                     100 	.db #0xc0	; 192
      000037 00                     101 	.db #0x00	; 0
      000038 80                     102 	.db #0x80	; 128
      000039 00                     103 	.db #0x00	; 0
      00003A 00                     104 	.db #0x00	; 0
      00003B 00                     105 	.db #0x00	; 0
      00003C 00                     106 	.db #0x00	; 0
      00003D 00                     107 	.db #0x00	; 0
      00003E 00                     108 	.db #0x00	; 0
      00003F 00                     109 	.db #0x00	; 0
      000040 FF                     110 	.db #0xff	; 255
      000041 00                     111 	.db #0x00	; 0
      000042 FE                     112 	.db #0xfe	; 254
      000043 00                     113 	.db #0x00	; 0
      000044 00                     114 	.db #0x00	; 0
      000045 00                     115 	.db #0x00	; 0
      000046 00                     116 	.db #0x00	; 0
      000047 00                     117 	.db #0x00	; 0
      000048 00                     118 	.db #0x00	; 0
      000049 00                     119 	.db #0x00	; 0
      00004A 00                     120 	.db #0x00	; 0
      00004B 00                     121 	.db #0x00	; 0
      00004C 00                     122 	.db #0x00	; 0
      00004D 00                     123 	.db #0x00	; 0
      00004E 00                     124 	.db #0x00	; 0
      00004F 00                     125 	.db #0x00	; 0
      000050 FF                     126 	.db #0xff	; 255
      000051 00                     127 	.db #0x00	; 0
      000052 00                     128 	.db #0x00	; 0
      000053 00                     129 	.db #0x00	; 0
      000054 00                     130 	.db #0x00	; 0
      000055 00                     131 	.db #0x00	; 0
      000056 00                     132 	.db #0x00	; 0
      000057 00                     133 	.db #0x00	; 0
      000058 00                     134 	.db #0x00	; 0
      000059 00                     135 	.db #0x00	; 0
      00005A 00                     136 	.db #0x00	; 0
      00005B 00                     137 	.db #0x00	; 0
      00005C 00                     138 	.db #0x00	; 0
      00005D 00                     139 	.db #0x00	; 0
      00005E 00                     140 	.db #0x00	; 0
      00005F 00                     141 	.db #0x00	; 0
      000060 FE                     142 	.db #0xfe	; 254
      000061 00                     143 	.db #0x00	; 0
      000062 60                     144 	.db #0x60	; 96
      000063 00                     145 	.db #0x00	; 0
      000064 00                     146 	.db #0x00	; 0
      000065 00                     147 	.db #0x00	; 0
      000066 00                     148 	.db #0x00	; 0
      000067 00                     149 	.db #0x00	; 0
      000068 00                     150 	.db #0x00	; 0
      000069 00                     151 	.db #0x00	; 0
      00006A 00                     152 	.db #0x00	; 0
      00006B 00                     153 	.db #0x00	; 0
      00006C 00                     154 	.db #0x00	; 0
      00006D 00                     155 	.db #0x00	; 0
      00006E 00                     156 	.db #0x00	; 0
      00006F 00                     157 	.db #0x00	; 0
      000070 3F                     158 	.db #0x3f	; 63
      000071 00                     159 	.db #0x00	; 0
      000072 03                     160 	.db #0x03	; 3
      000073 00                     161 	.db #0x00	; 0
      000074 00                     162 	.db #0x00	; 0
      000075 00                     163 	.db #0x00	; 0
      000076 00                     164 	.db #0x00	; 0
      000077 00                     165 	.db #0x00	; 0
      000078 00                     166 	.db #0x00	; 0
      000079 00                     167 	.db #0x00	; 0
      00007A 00                     168 	.db #0x00	; 0
      00007B 00                     169 	.db #0x00	; 0
      00007C 00                     170 	.db #0x00	; 0
      00007D 00                     171 	.db #0x00	; 0
      00007E 00                     172 	.db #0x00	; 0
      00007F 00                     173 	.db #0x00	; 0
      000080 FB                     174 	.db #0xfb	; 251
      000081 00                     175 	.db #0x00	; 0
      000082 F3                     176 	.db #0xf3	; 243
      000083 00                     177 	.db #0x00	; 0
      000084 00                     178 	.db #0x00	; 0
      000085 00                     179 	.db #0x00	; 0
      000086 00                     180 	.db #0x00	; 0
      000087 00                     181 	.db #0x00	; 0
      000088 00                     182 	.db #0x00	; 0
      000089 00                     183 	.db #0x00	; 0
      00008A 00                     184 	.db #0x00	; 0
      00008B 00                     185 	.db #0x00	; 0
      00008C 00                     186 	.db #0x00	; 0
      00008D 00                     187 	.db #0x00	; 0
      00008E 00                     188 	.db #0x00	; 0
      00008F 00                     189 	.db #0x00	; 0
      000090 FD                     190 	.db #0xfd	; 253
      000091 00                     191 	.db #0x00	; 0
      000092 C1                     192 	.db #0xc1	; 193
      000093 00                     193 	.db #0x00	; 0
      000094 01                     194 	.db #0x01	; 1
      000095 00                     195 	.db #0x00	; 0
      000096 03                     196 	.db #0x03	; 3
      000097 00                     197 	.db #0x00	; 0
      000098 03                     198 	.db #0x03	; 3
      000099 00                     199 	.db #0x00	; 0
      00009A 31                     200 	.db #0x31	; 49	'1'
      00009B 00                     201 	.db #0x00	; 0
      00009C 71                     202 	.db #0x71	; 113	'q'
      00009D 00                     203 	.db #0x00	; 0
      00009E 71                     204 	.db #0x71	; 113	'q'
      00009F 00                     205 	.db #0x00	; 0
      0000A0 00                     206 	.db #0x00	; 0
      0000A1 00                     207 	.db #0x00	; 0
      0000A2 80                     208 	.db #0x80	; 128
      0000A3 00                     209 	.db #0x00	; 0
      0000A4 80                     210 	.db #0x80	; 128
      0000A5 00                     211 	.db #0x00	; 0
      0000A6 80                     212 	.db #0x80	; 128
      0000A7 00                     213 	.db #0x00	; 0
      0000A8 80                     214 	.db #0x80	; 128
      0000A9 00                     215 	.db #0x00	; 0
      0000AA 80                     216 	.db #0x80	; 128
      0000AB 00                     217 	.db #0x00	; 0
      0000AC 80                     218 	.db #0x80	; 128
      0000AD 00                     219 	.db #0x00	; 0
      0000AE C0                     220 	.db #0xc0	; 192
      0000AF 00                     221 	.db #0x00	; 0
      0000B0 00                     222 	.db #0x00	; 0
      0000B1 00                     223 	.db #0x00	; 0
      0000B2 00                     224 	.db #0x00	; 0
      0000B3 00                     225 	.db #0x00	; 0
      0000B4 00                     226 	.db #0x00	; 0
      0000B5 00                     227 	.db #0x00	; 0
      0000B6 00                     228 	.db #0x00	; 0
      0000B7 00                     229 	.db #0x00	; 0
      0000B8 00                     230 	.db #0x00	; 0
      0000B9 00                     231 	.db #0x00	; 0
      0000BA 00                     232 	.db #0x00	; 0
      0000BB 00                     233 	.db #0x00	; 0
      0000BC 00                     234 	.db #0x00	; 0
      0000BD 00                     235 	.db #0x00	; 0
      0000BE 00                     236 	.db #0x00	; 0
      0000BF 00                     237 	.db #0x00	; 0
      0000C0 00                     238 	.db #0x00	; 0
      0000C1 00                     239 	.db #0x00	; 0
      0000C2 00                     240 	.db #0x00	; 0
      0000C3 00                     241 	.db #0x00	; 0
      0000C4 00                     242 	.db #0x00	; 0
      0000C5 00                     243 	.db #0x00	; 0
      0000C6 00                     244 	.db #0x00	; 0
      0000C7 00                     245 	.db #0x00	; 0
      0000C8 00                     246 	.db #0x00	; 0
      0000C9 00                     247 	.db #0x00	; 0
      0000CA 00                     248 	.db #0x00	; 0
      0000CB 00                     249 	.db #0x00	; 0
      0000CC 00                     250 	.db #0x00	; 0
      0000CD 00                     251 	.db #0x00	; 0
      0000CE 00                     252 	.db #0x00	; 0
      0000CF 00                     253 	.db #0x00	; 0
      0000D0 00                     254 	.db #0x00	; 0
      0000D1 00                     255 	.db #0x00	; 0
      0000D2 00                     256 	.db #0x00	; 0
      0000D3 00                     257 	.db #0x00	; 0
      0000D4 00                     258 	.db #0x00	; 0
      0000D5 00                     259 	.db #0x00	; 0
      0000D6 00                     260 	.db #0x00	; 0
      0000D7 00                     261 	.db #0x00	; 0
      0000D8 00                     262 	.db #0x00	; 0
      0000D9 00                     263 	.db #0x00	; 0
      0000DA 00                     264 	.db #0x00	; 0
      0000DB 00                     265 	.db #0x00	; 0
      0000DC 00                     266 	.db #0x00	; 0
      0000DD 00                     267 	.db #0x00	; 0
      0000DE 00                     268 	.db #0x00	; 0
      0000DF 00                     269 	.db #0x00	; 0
      0000E0 00                     270 	.db #0x00	; 0
      0000E1 00                     271 	.db #0x00	; 0
      0000E2 00                     272 	.db #0x00	; 0
      0000E3 00                     273 	.db #0x00	; 0
      0000E4 00                     274 	.db #0x00	; 0
      0000E5 00                     275 	.db #0x00	; 0
      0000E6 00                     276 	.db #0x00	; 0
      0000E7 00                     277 	.db #0x00	; 0
      0000E8 00                     278 	.db #0x00	; 0
      0000E9 00                     279 	.db #0x00	; 0
      0000EA 00                     280 	.db #0x00	; 0
      0000EB 00                     281 	.db #0x00	; 0
      0000EC 00                     282 	.db #0x00	; 0
      0000ED 00                     283 	.db #0x00	; 0
      0000EE 00                     284 	.db #0x00	; 0
      0000EF 00                     285 	.db #0x00	; 0
      0000F0 00                     286 	.db #0x00	; 0
      0000F1 00                     287 	.db #0x00	; 0
      0000F2 00                     288 	.db #0x00	; 0
      0000F3 00                     289 	.db #0x00	; 0
      0000F4 00                     290 	.db #0x00	; 0
      0000F5 00                     291 	.db #0x00	; 0
      0000F6 00                     292 	.db #0x00	; 0
      0000F7 00                     293 	.db #0x00	; 0
      0000F8 00                     294 	.db #0x00	; 0
      0000F9 00                     295 	.db #0x00	; 0
      0000FA 00                     296 	.db #0x00	; 0
      0000FB 00                     297 	.db #0x00	; 0
      0000FC 00                     298 	.db #0x00	; 0
      0000FD 00                     299 	.db #0x00	; 0
      0000FE 00                     300 	.db #0x00	; 0
      0000FF 00                     301 	.db #0x00	; 0
      000100 00                     302 	.db #0x00	; 0
      000101 00                     303 	.db #0x00	; 0
      000102 00                     304 	.db #0x00	; 0
      000103 00                     305 	.db #0x00	; 0
      000104 00                     306 	.db #0x00	; 0
      000105 00                     307 	.db #0x00	; 0
      000106 00                     308 	.db #0x00	; 0
      000107 00                     309 	.db #0x00	; 0
      000108 00                     310 	.db #0x00	; 0
      000109 00                     311 	.db #0x00	; 0
      00010A 00                     312 	.db #0x00	; 0
      00010B 00                     313 	.db #0x00	; 0
      00010C 00                     314 	.db #0x00	; 0
      00010D 00                     315 	.db #0x00	; 0
      00010E 00                     316 	.db #0x00	; 0
      00010F 00                     317 	.db #0x00	; 0
      000110 00                     318 	.db #0x00	; 0
      000111 00                     319 	.db #0x00	; 0
      000112 00                     320 	.db #0x00	; 0
      000113 00                     321 	.db #0x00	; 0
      000114 00                     322 	.db #0x00	; 0
      000115 00                     323 	.db #0x00	; 0
      000116 00                     324 	.db #0x00	; 0
      000117 00                     325 	.db #0x00	; 0
      000118 00                     326 	.db #0x00	; 0
      000119 00                     327 	.db #0x00	; 0
      00011A 00                     328 	.db #0x00	; 0
      00011B 00                     329 	.db #0x00	; 0
      00011C 00                     330 	.db #0x00	; 0
      00011D 00                     331 	.db #0x00	; 0
      00011E 00                     332 	.db #0x00	; 0
      00011F 00                     333 	.db #0x00	; 0
      000120 00                     334 	.db #0x00	; 0
      000121 00                     335 	.db #0x00	; 0
      000122 00                     336 	.db #0x00	; 0
      000123 00                     337 	.db #0x00	; 0
      000124 00                     338 	.db #0x00	; 0
      000125 00                     339 	.db #0x00	; 0
      000126 00                     340 	.db #0x00	; 0
      000127 00                     341 	.db #0x00	; 0
      000128 00                     342 	.db #0x00	; 0
      000129 00                     343 	.db #0x00	; 0
      00012A 00                     344 	.db #0x00	; 0
      00012B 00                     345 	.db #0x00	; 0
      00012C 00                     346 	.db #0x00	; 0
      00012D 00                     347 	.db #0x00	; 0
      00012E 00                     348 	.db #0x00	; 0
      00012F 00                     349 	.db #0x00	; 0
      000130 33                     350 	.db #0x33	; 51	'3'
      000131 00                     351 	.db #0x00	; 0
      000132 03                     352 	.db #0x03	; 3
      000133 00                     353 	.db #0x00	; 0
      000134 03                     354 	.db #0x03	; 3
      000135 00                     355 	.db #0x00	; 0
      000136 03                     356 	.db #0x03	; 3
      000137 00                     357 	.db #0x00	; 0
      000138 01                     358 	.db #0x01	; 1
      000139 00                     359 	.db #0x00	; 0
      00013A 01                     360 	.db #0x01	; 1
      00013B 00                     361 	.db #0x00	; 0
      00013C 01                     362 	.db #0x01	; 1
      00013D 00                     363 	.db #0x00	; 0
      00013E 03                     364 	.db #0x03	; 3
      00013F 00                     365 	.db #0x00	; 0
      000140 E0                     366 	.db #0xe0	; 224
      000141 00                     367 	.db #0x00	; 0
      000142 E0                     368 	.db #0xe0	; 224
      000143 00                     369 	.db #0x00	; 0
      000144 E0                     370 	.db #0xe0	; 224
      000145 00                     371 	.db #0x00	; 0
      000146 C0                     372 	.db #0xc0	; 192
      000147 00                     373 	.db #0x00	; 0
      000148 80                     374 	.db #0x80	; 128
      000149 00                     375 	.db #0x00	; 0
      00014A 18                     376 	.db #0x18	; 24
      00014B 00                     377 	.db #0x00	; 0
      00014C 00                     378 	.db #0x00	; 0
      00014D 00                     379 	.db #0x00	; 0
      00014E 80                     380 	.db #0x80	; 128
      00014F 00                     381 	.db #0x00	; 0
      000150 00                     382 	.db #0x00	; 0
      000151 00                     383 	.db #0x00	; 0
      000152 00                     384 	.db #0x00	; 0
      000153 00                     385 	.db #0x00	; 0
      000154 00                     386 	.db #0x00	; 0
      000155 00                     387 	.db #0x00	; 0
      000156 00                     388 	.db #0x00	; 0
      000157 00                     389 	.db #0x00	; 0
      000158 00                     390 	.db #0x00	; 0
      000159 00                     391 	.db #0x00	; 0
      00015A 00                     392 	.db #0x00	; 0
      00015B 00                     393 	.db #0x00	; 0
      00015C 00                     394 	.db #0x00	; 0
      00015D 00                     395 	.db #0x00	; 0
      00015E 00                     396 	.db #0x00	; 0
      00015F 00                     397 	.db #0x00	; 0
      000160 00                     398 	.db #0x00	; 0
      000161 00                     399 	.db #0x00	; 0
      000162 00                     400 	.db #0x00	; 0
      000163 00                     401 	.db #0x00	; 0
      000164 00                     402 	.db #0x00	; 0
      000165 00                     403 	.db #0x00	; 0
      000166 00                     404 	.db #0x00	; 0
      000167 00                     405 	.db #0x00	; 0
      000168 00                     406 	.db #0x00	; 0
      000169 00                     407 	.db #0x00	; 0
      00016A 00                     408 	.db #0x00	; 0
      00016B 00                     409 	.db #0x00	; 0
      00016C 00                     410 	.db #0x00	; 0
      00016D 00                     411 	.db #0x00	; 0
      00016E 00                     412 	.db #0x00	; 0
      00016F 00                     413 	.db #0x00	; 0
      000170 00                     414 	.db #0x00	; 0
      000171 00                     415 	.db #0x00	; 0
      000172 00                     416 	.db #0x00	; 0
      000173 00                     417 	.db #0x00	; 0
      000174 00                     418 	.db #0x00	; 0
      000175 00                     419 	.db #0x00	; 0
      000176 00                     420 	.db #0x00	; 0
      000177 00                     421 	.db #0x00	; 0
      000178 00                     422 	.db #0x00	; 0
      000179 00                     423 	.db #0x00	; 0
      00017A 00                     424 	.db #0x00	; 0
      00017B 00                     425 	.db #0x00	; 0
      00017C 00                     426 	.db #0x00	; 0
      00017D 00                     427 	.db #0x00	; 0
      00017E 00                     428 	.db #0x00	; 0
      00017F 00                     429 	.db #0x00	; 0
      000180 00                     430 	.db #0x00	; 0
      000181 00                     431 	.db #0x00	; 0
      000182 00                     432 	.db #0x00	; 0
      000183 00                     433 	.db #0x00	; 0
      000184 00                     434 	.db #0x00	; 0
      000185 00                     435 	.db #0x00	; 0
      000186 00                     436 	.db #0x00	; 0
      000187 00                     437 	.db #0x00	; 0
      000188 00                     438 	.db #0x00	; 0
      000189 00                     439 	.db #0x00	; 0
      00018A 00                     440 	.db #0x00	; 0
      00018B 00                     441 	.db #0x00	; 0
      00018C 00                     442 	.db #0x00	; 0
      00018D 00                     443 	.db #0x00	; 0
      00018E 00                     444 	.db #0x00	; 0
      00018F 00                     445 	.db #0x00	; 0
      000190 00                     446 	.db #0x00	; 0
      000191 00                     447 	.db #0x00	; 0
      000192 00                     448 	.db #0x00	; 0
      000193 00                     449 	.db #0x00	; 0
      000194 00                     450 	.db #0x00	; 0
      000195 00                     451 	.db #0x00	; 0
      000196 00                     452 	.db #0x00	; 0
      000197 00                     453 	.db #0x00	; 0
      000198 00                     454 	.db #0x00	; 0
      000199 00                     455 	.db #0x00	; 0
      00019A 00                     456 	.db #0x00	; 0
      00019B 00                     457 	.db #0x00	; 0
      00019C 00                     458 	.db #0x00	; 0
      00019D 00                     459 	.db #0x00	; 0
      00019E 00                     460 	.db #0x00	; 0
      00019F 00                     461 	.db #0x00	; 0
      0001A0 00                     462 	.db #0x00	; 0
      0001A1 00                     463 	.db #0x00	; 0
      0001A2 00                     464 	.db #0x00	; 0
      0001A3 00                     465 	.db #0x00	; 0
      0001A4 00                     466 	.db #0x00	; 0
      0001A5 00                     467 	.db #0x00	; 0
      0001A6 00                     468 	.db #0x00	; 0
      0001A7 00                     469 	.db #0x00	; 0
      0001A8 00                     470 	.db #0x00	; 0
      0001A9 00                     471 	.db #0x00	; 0
      0001AA 00                     472 	.db #0x00	; 0
      0001AB 00                     473 	.db #0x00	; 0
      0001AC 00                     474 	.db #0x00	; 0
      0001AD 00                     475 	.db #0x00	; 0
      0001AE 00                     476 	.db #0x00	; 0
      0001AF 00                     477 	.db #0x00	; 0
      0001B0 00                     478 	.db #0x00	; 0
      0001B1 00                     479 	.db #0x00	; 0
      0001B2 00                     480 	.db #0x00	; 0
      0001B3 00                     481 	.db #0x00	; 0
      0001B4 00                     482 	.db #0x00	; 0
      0001B5 00                     483 	.db #0x00	; 0
      0001B6 00                     484 	.db #0x00	; 0
      0001B7 00                     485 	.db #0x00	; 0
      0001B8 00                     486 	.db #0x00	; 0
      0001B9 00                     487 	.db #0x00	; 0
      0001BA 00                     488 	.db #0x00	; 0
      0001BB 00                     489 	.db #0x00	; 0
      0001BC 00                     490 	.db #0x00	; 0
      0001BD 00                     491 	.db #0x00	; 0
      0001BE 00                     492 	.db #0x00	; 0
      0001BF 00                     493 	.db #0x00	; 0
      0001C0 00                     494 	.db #0x00	; 0
      0001C1 00                     495 	.db #0x00	; 0
      0001C2 00                     496 	.db #0x00	; 0
      0001C3 00                     497 	.db #0x00	; 0
      0001C4 00                     498 	.db #0x00	; 0
      0001C5 00                     499 	.db #0x00	; 0
      0001C6 00                     500 	.db #0x00	; 0
      0001C7 00                     501 	.db #0x00	; 0
      0001C8 00                     502 	.db #0x00	; 0
      0001C9 00                     503 	.db #0x00	; 0
      0001CA 00                     504 	.db #0x00	; 0
      0001CB 00                     505 	.db #0x00	; 0
      0001CC 00                     506 	.db #0x00	; 0
      0001CD 00                     507 	.db #0x00	; 0
      0001CE 00                     508 	.db #0x00	; 0
      0001CF 00                     509 	.db #0x00	; 0
      0001D0 0F                     510 	.db #0x0f	; 15
      0001D1 00                     511 	.db #0x00	; 0
      0001D2 0F                     512 	.db #0x0f	; 15
      0001D3 00                     513 	.db #0x00	; 0
      0001D4 0F                     514 	.db #0x0f	; 15
      0001D5 00                     515 	.db #0x00	; 0
      0001D6 0F                     516 	.db #0x0f	; 15
      0001D7 00                     517 	.db #0x00	; 0
      0001D8 0F                     518 	.db #0x0f	; 15
      0001D9 00                     519 	.db #0x00	; 0
      0001DA 03                     520 	.db #0x03	; 3
      0001DB 00                     521 	.db #0x00	; 0
      0001DC 03                     522 	.db #0x03	; 3
      0001DD 00                     523 	.db #0x00	; 0
      0001DE 03                     524 	.db #0x03	; 3
      0001DF 00                     525 	.db #0x00	; 0
      0001E0 80                     526 	.db #0x80	; 128
      0001E1 00                     527 	.db #0x00	; 0
      0001E2 80                     528 	.db #0x80	; 128
      0001E3 00                     529 	.db #0x00	; 0
      0001E4 80                     530 	.db #0x80	; 128
      0001E5 00                     531 	.db #0x00	; 0
      0001E6 80                     532 	.db #0x80	; 128
      0001E7 00                     533 	.db #0x00	; 0
      0001E8 80                     534 	.db #0x80	; 128
      0001E9 00                     535 	.db #0x00	; 0
      0001EA 80                     536 	.db #0x80	; 128
      0001EB 00                     537 	.db #0x00	; 0
      0001EC 80                     538 	.db #0x80	; 128
      0001ED 00                     539 	.db #0x00	; 0
      0001EE C0                     540 	.db #0xc0	; 192
      0001EF 00                     541 	.db #0x00	; 0
      0001F0 00                     542 	.db #0x00	; 0
      0001F1 00                     543 	.db #0x00	; 0
      0001F2 00                     544 	.db #0x00	; 0
      0001F3 00                     545 	.db #0x00	; 0
      0001F4 00                     546 	.db #0x00	; 0
      0001F5 00                     547 	.db #0x00	; 0
      0001F6 00                     548 	.db #0x00	; 0
      0001F7 00                     549 	.db #0x00	; 0
      0001F8 00                     550 	.db #0x00	; 0
      0001F9 00                     551 	.db #0x00	; 0
      0001FA 00                     552 	.db #0x00	; 0
      0001FB 00                     553 	.db #0x00	; 0
      0001FC 00                     554 	.db #0x00	; 0
      0001FD 00                     555 	.db #0x00	; 0
      0001FE 00                     556 	.db #0x00	; 0
      0001FF 00                     557 	.db #0x00	; 0
      000200 00                     558 	.db #0x00	; 0
      000201 00                     559 	.db #0x00	; 0
      000202 00                     560 	.db #0x00	; 0
      000203 00                     561 	.db #0x00	; 0
      000204 00                     562 	.db #0x00	; 0
      000205 00                     563 	.db #0x00	; 0
      000206 00                     564 	.db #0x00	; 0
      000207 00                     565 	.db #0x00	; 0
      000208 00                     566 	.db #0x00	; 0
      000209 00                     567 	.db #0x00	; 0
      00020A 00                     568 	.db #0x00	; 0
      00020B 00                     569 	.db #0x00	; 0
      00020C 00                     570 	.db #0x00	; 0
      00020D 00                     571 	.db #0x00	; 0
      00020E 00                     572 	.db #0x00	; 0
      00020F 00                     573 	.db #0x00	; 0
      000210 00                     574 	.db #0x00	; 0
      000211 00                     575 	.db #0x00	; 0
      000212 00                     576 	.db #0x00	; 0
      000213 00                     577 	.db #0x00	; 0
      000214 00                     578 	.db #0x00	; 0
      000215 00                     579 	.db #0x00	; 0
      000216 00                     580 	.db #0x00	; 0
      000217 00                     581 	.db #0x00	; 0
      000218 00                     582 	.db #0x00	; 0
      000219 00                     583 	.db #0x00	; 0
      00021A 00                     584 	.db #0x00	; 0
      00021B 00                     585 	.db #0x00	; 0
      00021C 00                     586 	.db #0x00	; 0
      00021D 00                     587 	.db #0x00	; 0
      00021E 00                     588 	.db #0x00	; 0
      00021F 00                     589 	.db #0x00	; 0
      000220 00                     590 	.db #0x00	; 0
      000221 00                     591 	.db #0x00	; 0
      000222 00                     592 	.db #0x00	; 0
      000223 00                     593 	.db #0x00	; 0
      000224 00                     594 	.db #0x00	; 0
      000225 00                     595 	.db #0x00	; 0
      000226 00                     596 	.db #0x00	; 0
      000227 00                     597 	.db #0x00	; 0
      000228 00                     598 	.db #0x00	; 0
      000229 00                     599 	.db #0x00	; 0
      00022A 00                     600 	.db #0x00	; 0
      00022B 00                     601 	.db #0x00	; 0
      00022C 00                     602 	.db #0x00	; 0
      00022D 00                     603 	.db #0x00	; 0
      00022E 00                     604 	.db #0x00	; 0
      00022F 00                     605 	.db #0x00	; 0
      000230 00                     606 	.db #0x00	; 0
      000231 00                     607 	.db #0x00	; 0
      000232 00                     608 	.db #0x00	; 0
      000233 00                     609 	.db #0x00	; 0
      000234 00                     610 	.db #0x00	; 0
      000235 00                     611 	.db #0x00	; 0
      000236 00                     612 	.db #0x00	; 0
      000237 00                     613 	.db #0x00	; 0
      000238 00                     614 	.db #0x00	; 0
      000239 00                     615 	.db #0x00	; 0
      00023A 00                     616 	.db #0x00	; 0
      00023B 00                     617 	.db #0x00	; 0
      00023C 00                     618 	.db #0x00	; 0
      00023D 00                     619 	.db #0x00	; 0
      00023E 00                     620 	.db #0x00	; 0
      00023F 00                     621 	.db #0x00	; 0
      000240 00                     622 	.db #0x00	; 0
      000241 00                     623 	.db #0x00	; 0
      000242 00                     624 	.db #0x00	; 0
      000243 00                     625 	.db #0x00	; 0
      000244 00                     626 	.db #0x00	; 0
      000245 00                     627 	.db #0x00	; 0
      000246 00                     628 	.db #0x00	; 0
      000247 00                     629 	.db #0x00	; 0
      000248 00                     630 	.db #0x00	; 0
      000249 00                     631 	.db #0x00	; 0
      00024A 00                     632 	.db #0x00	; 0
      00024B 00                     633 	.db #0x00	; 0
      00024C 00                     634 	.db #0x00	; 0
      00024D 00                     635 	.db #0x00	; 0
      00024E 00                     636 	.db #0x00	; 0
      00024F 00                     637 	.db #0x00	; 0
      000250 00                     638 	.db #0x00	; 0
      000251 00                     639 	.db #0x00	; 0
      000252 00                     640 	.db #0x00	; 0
      000253 00                     641 	.db #0x00	; 0
      000254 00                     642 	.db #0x00	; 0
      000255 00                     643 	.db #0x00	; 0
      000256 00                     644 	.db #0x00	; 0
      000257 00                     645 	.db #0x00	; 0
      000258 00                     646 	.db #0x00	; 0
      000259 00                     647 	.db #0x00	; 0
      00025A 00                     648 	.db #0x00	; 0
      00025B 00                     649 	.db #0x00	; 0
      00025C 00                     650 	.db #0x00	; 0
      00025D 00                     651 	.db #0x00	; 0
      00025E 00                     652 	.db #0x00	; 0
      00025F 00                     653 	.db #0x00	; 0
      000260 00                     654 	.db #0x00	; 0
      000261 00                     655 	.db #0x00	; 0
      000262 00                     656 	.db #0x00	; 0
      000263 00                     657 	.db #0x00	; 0
      000264 00                     658 	.db #0x00	; 0
      000265 00                     659 	.db #0x00	; 0
      000266 00                     660 	.db #0x00	; 0
      000267 00                     661 	.db #0x00	; 0
      000268 00                     662 	.db #0x00	; 0
      000269 00                     663 	.db #0x00	; 0
      00026A 00                     664 	.db #0x00	; 0
      00026B 00                     665 	.db #0x00	; 0
      00026C 00                     666 	.db #0x00	; 0
      00026D 00                     667 	.db #0x00	; 0
      00026E 00                     668 	.db #0x00	; 0
      00026F 00                     669 	.db #0x00	; 0
      000270 03                     670 	.db #0x03	; 3
      000271 00                     671 	.db #0x00	; 0
      000272 03                     672 	.db #0x03	; 3
      000273 00                     673 	.db #0x00	; 0
      000274 03                     674 	.db #0x03	; 3
      000275 00                     675 	.db #0x00	; 0
      000276 03                     676 	.db #0x03	; 3
      000277 00                     677 	.db #0x00	; 0
      000278 03                     678 	.db #0x03	; 3
      000279 00                     679 	.db #0x00	; 0
      00027A 03                     680 	.db #0x03	; 3
      00027B 00                     681 	.db #0x00	; 0
      00027C 03                     682 	.db #0x03	; 3
      00027D 00                     683 	.db #0x00	; 0
      00027E 0F                     684 	.db #0x0f	; 15
      00027F 00                     685 	.db #0x00	; 0
      000280 C0                     686 	.db #0xc0	; 192
      000281 00                     687 	.db #0x00	; 0
      000282 C0                     688 	.db #0xc0	; 192
      000283 00                     689 	.db #0x00	; 0
      000284 C0                     690 	.db #0xc0	; 192
      000285 00                     691 	.db #0x00	; 0
      000286 C0                     692 	.db #0xc0	; 192
      000287 00                     693 	.db #0x00	; 0
      000288 C0                     694 	.db #0xc0	; 192
      000289 00                     695 	.db #0x00	; 0
      00028A C0                     696 	.db #0xc0	; 192
      00028B 00                     697 	.db #0x00	; 0
      00028C 80                     698 	.db #0x80	; 128
      00028D 00                     699 	.db #0x00	; 0
      00028E 80                     700 	.db #0x80	; 128
      00028F 00                     701 	.db #0x00	; 0
      000290 00                     702 	.db #0x00	; 0
      000291 00                     703 	.db #0x00	; 0
      000292 00                     704 	.db #0x00	; 0
      000293 00                     705 	.db #0x00	; 0
      000294 00                     706 	.db #0x00	; 0
      000295 00                     707 	.db #0x00	; 0
      000296 00                     708 	.db #0x00	; 0
      000297 00                     709 	.db #0x00	; 0
      000298 00                     710 	.db #0x00	; 0
      000299 00                     711 	.db #0x00	; 0
      00029A 00                     712 	.db #0x00	; 0
      00029B 00                     713 	.db #0x00	; 0
      00029C 00                     714 	.db #0x00	; 0
      00029D 00                     715 	.db #0x00	; 0
      00029E 00                     716 	.db #0x00	; 0
      00029F 00                     717 	.db #0x00	; 0
      0002A0 00                     718 	.db #0x00	; 0
      0002A1 00                     719 	.db #0x00	; 0
      0002A2 00                     720 	.db #0x00	; 0
      0002A3 00                     721 	.db #0x00	; 0
      0002A4 00                     722 	.db #0x00	; 0
      0002A5 00                     723 	.db #0x00	; 0
      0002A6 00                     724 	.db #0x00	; 0
      0002A7 00                     725 	.db #0x00	; 0
      0002A8 00                     726 	.db #0x00	; 0
      0002A9 00                     727 	.db #0x00	; 0
      0002AA 00                     728 	.db #0x00	; 0
      0002AB 00                     729 	.db #0x00	; 0
      0002AC 00                     730 	.db #0x00	; 0
      0002AD 00                     731 	.db #0x00	; 0
      0002AE 00                     732 	.db #0x00	; 0
      0002AF 00                     733 	.db #0x00	; 0
      0002B0 00                     734 	.db #0x00	; 0
      0002B1 00                     735 	.db #0x00	; 0
      0002B2 00                     736 	.db #0x00	; 0
      0002B3 00                     737 	.db #0x00	; 0
      0002B4 00                     738 	.db #0x00	; 0
      0002B5 00                     739 	.db #0x00	; 0
      0002B6 00                     740 	.db #0x00	; 0
      0002B7 00                     741 	.db #0x00	; 0
      0002B8 00                     742 	.db #0x00	; 0
      0002B9 00                     743 	.db #0x00	; 0
      0002BA 00                     744 	.db #0x00	; 0
      0002BB 00                     745 	.db #0x00	; 0
      0002BC 00                     746 	.db #0x00	; 0
      0002BD 00                     747 	.db #0x00	; 0
      0002BE 00                     748 	.db #0x00	; 0
      0002BF 00                     749 	.db #0x00	; 0
      0002C0 00                     750 	.db #0x00	; 0
      0002C1 00                     751 	.db #0x00	; 0
      0002C2 00                     752 	.db #0x00	; 0
      0002C3 00                     753 	.db #0x00	; 0
      0002C4 00                     754 	.db #0x00	; 0
      0002C5 00                     755 	.db #0x00	; 0
      0002C6 00                     756 	.db #0x00	; 0
      0002C7 00                     757 	.db #0x00	; 0
      0002C8 00                     758 	.db #0x00	; 0
      0002C9 00                     759 	.db #0x00	; 0
      0002CA 00                     760 	.db #0x00	; 0
      0002CB 00                     761 	.db #0x00	; 0
      0002CC 00                     762 	.db #0x00	; 0
      0002CD 00                     763 	.db #0x00	; 0
      0002CE 00                     764 	.db #0x00	; 0
      0002CF 00                     765 	.db #0x00	; 0
      0002D0 00                     766 	.db #0x00	; 0
      0002D1 00                     767 	.db #0x00	; 0
      0002D2 00                     768 	.db #0x00	; 0
      0002D3 00                     769 	.db #0x00	; 0
      0002D4 00                     770 	.db #0x00	; 0
      0002D5 00                     771 	.db #0x00	; 0
      0002D6 00                     772 	.db #0x00	; 0
      0002D7 00                     773 	.db #0x00	; 0
      0002D8 00                     774 	.db #0x00	; 0
      0002D9 00                     775 	.db #0x00	; 0
      0002DA 00                     776 	.db #0x00	; 0
      0002DB 00                     777 	.db #0x00	; 0
      0002DC 00                     778 	.db #0x00	; 0
      0002DD 00                     779 	.db #0x00	; 0
      0002DE 00                     780 	.db #0x00	; 0
      0002DF 00                     781 	.db #0x00	; 0
      0002E0 00                     782 	.db #0x00	; 0
      0002E1 00                     783 	.db #0x00	; 0
      0002E2 00                     784 	.db #0x00	; 0
      0002E3 00                     785 	.db #0x00	; 0
      0002E4 00                     786 	.db #0x00	; 0
      0002E5 00                     787 	.db #0x00	; 0
      0002E6 00                     788 	.db #0x00	; 0
      0002E7 00                     789 	.db #0x00	; 0
      0002E8 00                     790 	.db #0x00	; 0
      0002E9 00                     791 	.db #0x00	; 0
      0002EA 00                     792 	.db #0x00	; 0
      0002EB 00                     793 	.db #0x00	; 0
      0002EC 00                     794 	.db #0x00	; 0
      0002ED 00                     795 	.db #0x00	; 0
      0002EE 00                     796 	.db #0x00	; 0
      0002EF 00                     797 	.db #0x00	; 0
      0002F0 00                     798 	.db #0x00	; 0
      0002F1 00                     799 	.db #0x00	; 0
      0002F2 00                     800 	.db #0x00	; 0
      0002F3 00                     801 	.db #0x00	; 0
      0002F4 00                     802 	.db #0x00	; 0
      0002F5 00                     803 	.db #0x00	; 0
      0002F6 00                     804 	.db #0x00	; 0
      0002F7 00                     805 	.db #0x00	; 0
      0002F8 00                     806 	.db #0x00	; 0
      0002F9 00                     807 	.db #0x00	; 0
      0002FA 00                     808 	.db #0x00	; 0
      0002FB 00                     809 	.db #0x00	; 0
      0002FC 00                     810 	.db #0x00	; 0
      0002FD 00                     811 	.db #0x00	; 0
      0002FE 00                     812 	.db #0x00	; 0
      0002FF 00                     813 	.db #0x00	; 0
      000300 00                     814 	.db #0x00	; 0
      000301 00                     815 	.db #0x00	; 0
      000302 00                     816 	.db #0x00	; 0
      000303 00                     817 	.db #0x00	; 0
      000304 00                     818 	.db #0x00	; 0
      000305 00                     819 	.db #0x00	; 0
      000306 00                     820 	.db #0x00	; 0
      000307 00                     821 	.db #0x00	; 0
      000308 00                     822 	.db #0x00	; 0
      000309 00                     823 	.db #0x00	; 0
      00030A 00                     824 	.db #0x00	; 0
      00030B 00                     825 	.db #0x00	; 0
      00030C 00                     826 	.db #0x00	; 0
      00030D 00                     827 	.db #0x00	; 0
      00030E 00                     828 	.db #0x00	; 0
      00030F 00                     829 	.db #0x00	; 0
      000310 07                     830 	.db #0x07	; 7
      000311 00                     831 	.db #0x00	; 0
      000312 03                     832 	.db #0x03	; 3
      000313 00                     833 	.db #0x00	; 0
      000314 03                     834 	.db #0x03	; 3
      000315 00                     835 	.db #0x00	; 0
      000316 03                     836 	.db #0x03	; 3
      000317 00                     837 	.db #0x00	; 0
      000318 03                     838 	.db #0x03	; 3
      000319 00                     839 	.db #0x00	; 0
      00031A 03                     840 	.db #0x03	; 3
      00031B 00                     841 	.db #0x00	; 0
      00031C 03                     842 	.db #0x03	; 3
      00031D 00                     843 	.db #0x00	; 0
      00031E 03                     844 	.db #0x03	; 3
      00031F 00                     845 	.db #0x00	; 0
      000320 80                     846 	.db #0x80	; 128
      000321 00                     847 	.db #0x00	; 0
      000322 80                     848 	.db #0x80	; 128
      000323 00                     849 	.db #0x00	; 0
      000324 80                     850 	.db #0x80	; 128
      000325 00                     851 	.db #0x00	; 0
      000326 80                     852 	.db #0x80	; 128
      000327 00                     853 	.db #0x00	; 0
      000328 80                     854 	.db #0x80	; 128
      000329 00                     855 	.db #0x00	; 0
      00032A 80                     856 	.db #0x80	; 128
      00032B 00                     857 	.db #0x00	; 0
      00032C 00                     858 	.db #0x00	; 0
      00032D 00                     859 	.db #0x00	; 0
      00032E 00                     860 	.db #0x00	; 0
      00032F 00                     861 	.db #0x00	; 0
      000330 00                     862 	.db #0x00	; 0
      000331 00                     863 	.db #0x00	; 0
      000332 00                     864 	.db #0x00	; 0
      000333 00                     865 	.db #0x00	; 0
      000334 00                     866 	.db #0x00	; 0
      000335 00                     867 	.db #0x00	; 0
      000336 00                     868 	.db #0x00	; 0
      000337 00                     869 	.db #0x00	; 0
      000338 00                     870 	.db #0x00	; 0
      000339 00                     871 	.db #0x00	; 0
      00033A 00                     872 	.db #0x00	; 0
      00033B 00                     873 	.db #0x00	; 0
      00033C 00                     874 	.db #0x00	; 0
      00033D 00                     875 	.db #0x00	; 0
      00033E 00                     876 	.db #0x00	; 0
      00033F 00                     877 	.db #0x00	; 0
      000340 00                     878 	.db #0x00	; 0
      000341 00                     879 	.db #0x00	; 0
      000342 00                     880 	.db #0x00	; 0
      000343 00                     881 	.db #0x00	; 0
      000344 00                     882 	.db #0x00	; 0
      000345 00                     883 	.db #0x00	; 0
      000346 00                     884 	.db #0x00	; 0
      000347 00                     885 	.db #0x00	; 0
      000348 00                     886 	.db #0x00	; 0
      000349 00                     887 	.db #0x00	; 0
      00034A 00                     888 	.db #0x00	; 0
      00034B 00                     889 	.db #0x00	; 0
      00034C 00                     890 	.db #0x00	; 0
      00034D 00                     891 	.db #0x00	; 0
      00034E 00                     892 	.db #0x00	; 0
      00034F 00                     893 	.db #0x00	; 0
      000350 00                     894 	.db #0x00	; 0
      000351 00                     895 	.db #0x00	; 0
      000352 00                     896 	.db #0x00	; 0
      000353 00                     897 	.db #0x00	; 0
      000354 00                     898 	.db #0x00	; 0
      000355 00                     899 	.db #0x00	; 0
      000356 00                     900 	.db #0x00	; 0
      000357 00                     901 	.db #0x00	; 0
      000358 00                     902 	.db #0x00	; 0
      000359 00                     903 	.db #0x00	; 0
      00035A 00                     904 	.db #0x00	; 0
      00035B 00                     905 	.db #0x00	; 0
      00035C 00                     906 	.db #0x00	; 0
      00035D 00                     907 	.db #0x00	; 0
      00035E 00                     908 	.db #0x00	; 0
      00035F 00                     909 	.db #0x00	; 0
      000360 00                     910 	.db #0x00	; 0
      000361 00                     911 	.db #0x00	; 0
      000362 00                     912 	.db #0x00	; 0
      000363 00                     913 	.db #0x00	; 0
      000364 00                     914 	.db #0x00	; 0
      000365 00                     915 	.db #0x00	; 0
      000366 00                     916 	.db #0x00	; 0
      000367 00                     917 	.db #0x00	; 0
      000368 00                     918 	.db #0x00	; 0
      000369 00                     919 	.db #0x00	; 0
      00036A 00                     920 	.db #0x00	; 0
      00036B 00                     921 	.db #0x00	; 0
      00036C 00                     922 	.db #0x00	; 0
      00036D 00                     923 	.db #0x00	; 0
      00036E 00                     924 	.db #0x00	; 0
      00036F 00                     925 	.db #0x00	; 0
      000370 00                     926 	.db #0x00	; 0
      000371 00                     927 	.db #0x00	; 0
      000372 00                     928 	.db #0x00	; 0
      000373 00                     929 	.db #0x00	; 0
      000374 00                     930 	.db #0x00	; 0
      000375 00                     931 	.db #0x00	; 0
      000376 00                     932 	.db #0x00	; 0
      000377 00                     933 	.db #0x00	; 0
      000378 00                     934 	.db #0x00	; 0
      000379 00                     935 	.db #0x00	; 0
      00037A 00                     936 	.db #0x00	; 0
      00037B 00                     937 	.db #0x00	; 0
      00037C 00                     938 	.db #0x00	; 0
      00037D 00                     939 	.db #0x00	; 0
      00037E 00                     940 	.db #0x00	; 0
      00037F 00                     941 	.db #0x00	; 0
      000380 00                     942 	.db #0x00	; 0
      000381 00                     943 	.db #0x00	; 0
      000382 00                     944 	.db #0x00	; 0
      000383 00                     945 	.db #0x00	; 0
      000384 00                     946 	.db #0x00	; 0
      000385 00                     947 	.db #0x00	; 0
      000386 00                     948 	.db #0x00	; 0
      000387 00                     949 	.db #0x00	; 0
      000388 00                     950 	.db #0x00	; 0
      000389 00                     951 	.db #0x00	; 0
      00038A 00                     952 	.db #0x00	; 0
      00038B 00                     953 	.db #0x00	; 0
      00038C 00                     954 	.db #0x00	; 0
      00038D 00                     955 	.db #0x00	; 0
      00038E 00                     956 	.db #0x00	; 0
      00038F 00                     957 	.db #0x00	; 0
      000390 00                     958 	.db #0x00	; 0
      000391 00                     959 	.db #0x00	; 0
      000392 00                     960 	.db #0x00	; 0
      000393 00                     961 	.db #0x00	; 0
      000394 00                     962 	.db #0x00	; 0
      000395 00                     963 	.db #0x00	; 0
      000396 00                     964 	.db #0x00	; 0
      000397 00                     965 	.db #0x00	; 0
      000398 00                     966 	.db #0x00	; 0
      000399 00                     967 	.db #0x00	; 0
      00039A 00                     968 	.db #0x00	; 0
      00039B 00                     969 	.db #0x00	; 0
      00039C 00                     970 	.db #0x00	; 0
      00039D 00                     971 	.db #0x00	; 0
      00039E 00                     972 	.db #0x00	; 0
      00039F 00                     973 	.db #0x00	; 0
      0003A0 00                     974 	.db #0x00	; 0
      0003A1 00                     975 	.db #0x00	; 0
      0003A2 00                     976 	.db #0x00	; 0
      0003A3 00                     977 	.db #0x00	; 0
      0003A4 00                     978 	.db #0x00	; 0
      0003A5 00                     979 	.db #0x00	; 0
      0003A6 00                     980 	.db #0x00	; 0
      0003A7 00                     981 	.db #0x00	; 0
      0003A8 00                     982 	.db #0x00	; 0
      0003A9 00                     983 	.db #0x00	; 0
      0003AA 00                     984 	.db #0x00	; 0
      0003AB 00                     985 	.db #0x00	; 0
      0003AC 00                     986 	.db #0x00	; 0
      0003AD 00                     987 	.db #0x00	; 0
      0003AE 00                     988 	.db #0x00	; 0
      0003AF 00                     989 	.db #0x00	; 0
      0003B0 03                     990 	.db #0x03	; 3
      0003B1 00                     991 	.db #0x00	; 0
      0003B2 03                     992 	.db #0x03	; 3
      0003B3 00                     993 	.db #0x00	; 0
      0003B4 03                     994 	.db #0x03	; 3
      0003B5 00                     995 	.db #0x00	; 0
      0003B6 03                     996 	.db #0x03	; 3
      0003B7 00                     997 	.db #0x00	; 0
      0003B8 03                     998 	.db #0x03	; 3
      0003B9 00                     999 	.db #0x00	; 0
      0003BA 01                    1000 	.db #0x01	; 1
      0003BB 00                    1001 	.db #0x00	; 0
      0003BC 03                    1002 	.db #0x03	; 3
      0003BD 00                    1003 	.db #0x00	; 0
      0003BE 03                    1004 	.db #0x03	; 3
      0003BF 00                    1005 	.db #0x00	; 0
      0003C0 00                    1006 	.db #0x00	; 0
      0003C1 00                    1007 	.db #0x00	; 0
      0003C2 00                    1008 	.db #0x00	; 0
      0003C3 00                    1009 	.db #0x00	; 0
      0003C4 00                    1010 	.db #0x00	; 0
      0003C5 00                    1011 	.db #0x00	; 0
      0003C6 00                    1012 	.db #0x00	; 0
      0003C7 00                    1013 	.db #0x00	; 0
      0003C8 00                    1014 	.db #0x00	; 0
      0003C9 00                    1015 	.db #0x00	; 0
      0003CA 00                    1016 	.db #0x00	; 0
      0003CB 00                    1017 	.db #0x00	; 0
      0003CC 00                    1018 	.db #0x00	; 0
      0003CD 00                    1019 	.db #0x00	; 0
      0003CE 00                    1020 	.db #0x00	; 0
      0003CF 00                    1021 	.db #0x00	; 0
      0003D0 00                    1022 	.db #0x00	; 0
      0003D1 00                    1023 	.db #0x00	; 0
      0003D2 00                    1024 	.db #0x00	; 0
      0003D3 00                    1025 	.db #0x00	; 0
      0003D4 00                    1026 	.db #0x00	; 0
      0003D5 00                    1027 	.db #0x00	; 0
      0003D6 00                    1028 	.db #0x00	; 0
      0003D7 00                    1029 	.db #0x00	; 0
      0003D8 00                    1030 	.db #0x00	; 0
      0003D9 00                    1031 	.db #0x00	; 0
      0003DA 00                    1032 	.db #0x00	; 0
      0003DB 00                    1033 	.db #0x00	; 0
      0003DC 00                    1034 	.db #0x00	; 0
      0003DD 00                    1035 	.db #0x00	; 0
      0003DE 00                    1036 	.db #0x00	; 0
      0003DF 00                    1037 	.db #0x00	; 0
      0003E0 00                    1038 	.db #0x00	; 0
      0003E1 00                    1039 	.db #0x00	; 0
      0003E2 00                    1040 	.db #0x00	; 0
      0003E3 00                    1041 	.db #0x00	; 0
      0003E4 00                    1042 	.db #0x00	; 0
      0003E5 00                    1043 	.db #0x00	; 0
      0003E6 00                    1044 	.db #0x00	; 0
      0003E7 00                    1045 	.db #0x00	; 0
      0003E8 00                    1046 	.db #0x00	; 0
      0003E9 00                    1047 	.db #0x00	; 0
      0003EA 00                    1048 	.db #0x00	; 0
      0003EB 00                    1049 	.db #0x00	; 0
      0003EC 00                    1050 	.db #0x00	; 0
      0003ED 00                    1051 	.db #0x00	; 0
      0003EE 00                    1052 	.db #0x00	; 0
      0003EF 00                    1053 	.db #0x00	; 0
      0003F0 00                    1054 	.db #0x00	; 0
      0003F1 00                    1055 	.db #0x00	; 0
      0003F2 00                    1056 	.db #0x00	; 0
      0003F3 00                    1057 	.db #0x00	; 0
      0003F4 00                    1058 	.db #0x00	; 0
      0003F5 00                    1059 	.db #0x00	; 0
      0003F6 00                    1060 	.db #0x00	; 0
      0003F7 00                    1061 	.db #0x00	; 0
      0003F8 00                    1062 	.db #0x00	; 0
      0003F9 00                    1063 	.db #0x00	; 0
      0003FA 00                    1064 	.db #0x00	; 0
      0003FB 00                    1065 	.db #0x00	; 0
      0003FC 00                    1066 	.db #0x00	; 0
      0003FD 00                    1067 	.db #0x00	; 0
      0003FE 00                    1068 	.db #0x00	; 0
      0003FF 00                    1069 	.db #0x00	; 0
      000400 00                    1070 	.db #0x00	; 0
      000401 00                    1071 	.db #0x00	; 0
      000402 00                    1072 	.db #0x00	; 0
      000403 00                    1073 	.db #0x00	; 0
      000404 00                    1074 	.db #0x00	; 0
      000405 00                    1075 	.db #0x00	; 0
      000406 00                    1076 	.db #0x00	; 0
      000407 00                    1077 	.db #0x00	; 0
      000408 00                    1078 	.db #0x00	; 0
      000409 00                    1079 	.db #0x00	; 0
      00040A 00                    1080 	.db #0x00	; 0
      00040B 00                    1081 	.db #0x00	; 0
      00040C 00                    1082 	.db #0x00	; 0
      00040D 00                    1083 	.db #0x00	; 0
      00040E 00                    1084 	.db #0x00	; 0
      00040F 00                    1085 	.db #0x00	; 0
      000410 00                    1086 	.db #0x00	; 0
      000411 00                    1087 	.db #0x00	; 0
      000412 00                    1088 	.db #0x00	; 0
      000413 00                    1089 	.db #0x00	; 0
      000414 00                    1090 	.db #0x00	; 0
      000415 00                    1091 	.db #0x00	; 0
      000416 00                    1092 	.db #0x00	; 0
      000417 00                    1093 	.db #0x00	; 0
      000418 00                    1094 	.db #0x00	; 0
      000419 00                    1095 	.db #0x00	; 0
      00041A 00                    1096 	.db #0x00	; 0
      00041B 00                    1097 	.db #0x00	; 0
      00041C 00                    1098 	.db #0x00	; 0
      00041D 00                    1099 	.db #0x00	; 0
      00041E 00                    1100 	.db #0x00	; 0
      00041F 00                    1101 	.db #0x00	; 0
      000420 00                    1102 	.db #0x00	; 0
      000421 00                    1103 	.db #0x00	; 0
      000422 00                    1104 	.db #0x00	; 0
      000423 00                    1105 	.db #0x00	; 0
      000424 00                    1106 	.db #0x00	; 0
      000425 00                    1107 	.db #0x00	; 0
      000426 00                    1108 	.db #0x00	; 0
      000427 00                    1109 	.db #0x00	; 0
      000428 00                    1110 	.db #0x00	; 0
      000429 00                    1111 	.db #0x00	; 0
      00042A 00                    1112 	.db #0x00	; 0
      00042B 00                    1113 	.db #0x00	; 0
      00042C 00                    1114 	.db #0x00	; 0
      00042D 00                    1115 	.db #0x00	; 0
      00042E 00                    1116 	.db #0x00	; 0
      00042F 00                    1117 	.db #0x00	; 0
      000430 00                    1118 	.db #0x00	; 0
      000431 00                    1119 	.db #0x00	; 0
      000432 00                    1120 	.db #0x00	; 0
      000433 00                    1121 	.db #0x00	; 0
      000434 00                    1122 	.db #0x00	; 0
      000435 00                    1123 	.db #0x00	; 0
      000436 00                    1124 	.db #0x00	; 0
      000437 00                    1125 	.db #0x00	; 0
      000438 00                    1126 	.db #0x00	; 0
      000439 00                    1127 	.db #0x00	; 0
      00043A 00                    1128 	.db #0x00	; 0
      00043B 00                    1129 	.db #0x00	; 0
      00043C 00                    1130 	.db #0x00	; 0
      00043D 00                    1131 	.db #0x00	; 0
      00043E 00                    1132 	.db #0x00	; 0
      00043F 00                    1133 	.db #0x00	; 0
      000440 00                    1134 	.db #0x00	; 0
      000441 00                    1135 	.db #0x00	; 0
      000442 00                    1136 	.db #0x00	; 0
      000443 00                    1137 	.db #0x00	; 0
      000444 00                    1138 	.db #0x00	; 0
      000445 00                    1139 	.db #0x00	; 0
      000446 00                    1140 	.db #0x00	; 0
      000447 00                    1141 	.db #0x00	; 0
      000448 00                    1142 	.db #0x00	; 0
      000449 00                    1143 	.db #0x00	; 0
      00044A 00                    1144 	.db #0x00	; 0
      00044B 00                    1145 	.db #0x00	; 0
      00044C 00                    1146 	.db #0x00	; 0
      00044D 00                    1147 	.db #0x00	; 0
      00044E 00                    1148 	.db #0x00	; 0
      00044F 00                    1149 	.db #0x00	; 0
      000450 03                    1150 	.db #0x03	; 3
      000451 00                    1151 	.db #0x00	; 0
      000452 03                    1152 	.db #0x03	; 3
      000453 00                    1153 	.db #0x00	; 0
      000454 03                    1154 	.db #0x03	; 3
      000455 00                    1155 	.db #0x00	; 0
      000456 01                    1156 	.db #0x01	; 1
      000457 00                    1157 	.db #0x00	; 0
      000458 01                    1158 	.db #0x01	; 1
      000459 00                    1159 	.db #0x00	; 0
      00045A 03                    1160 	.db #0x03	; 3
      00045B 00                    1161 	.db #0x00	; 0
      00045C 03                    1162 	.db #0x03	; 3
      00045D 00                    1163 	.db #0x00	; 0
      00045E 03                    1164 	.db #0x03	; 3
      00045F 00                    1165 	.db #0x00	; 0
      000460 00                    1166 	.db #0x00	; 0
      000461 00                    1167 	.db #0x00	; 0
      000462 00                    1168 	.db #0x00	; 0
      000463 00                    1169 	.db #0x00	; 0
      000464 00                    1170 	.db #0x00	; 0
      000465 00                    1171 	.db #0x00	; 0
      000466 80                    1172 	.db #0x80	; 128
      000467 00                    1173 	.db #0x00	; 0
      000468 80                    1174 	.db #0x80	; 128
      000469 00                    1175 	.db #0x00	; 0
      00046A 80                    1176 	.db #0x80	; 128
      00046B 00                    1177 	.db #0x00	; 0
      00046C 80                    1178 	.db #0x80	; 128
      00046D 00                    1179 	.db #0x00	; 0
      00046E 80                    1180 	.db #0x80	; 128
      00046F 00                    1181 	.db #0x00	; 0
      000470 00                    1182 	.db #0x00	; 0
      000471 00                    1183 	.db #0x00	; 0
      000472 00                    1184 	.db #0x00	; 0
      000473 00                    1185 	.db #0x00	; 0
      000474 00                    1186 	.db #0x00	; 0
      000475 00                    1187 	.db #0x00	; 0
      000476 00                    1188 	.db #0x00	; 0
      000477 00                    1189 	.db #0x00	; 0
      000478 00                    1190 	.db #0x00	; 0
      000479 00                    1191 	.db #0x00	; 0
      00047A 00                    1192 	.db #0x00	; 0
      00047B 00                    1193 	.db #0x00	; 0
      00047C 00                    1194 	.db #0x00	; 0
      00047D 00                    1195 	.db #0x00	; 0
      00047E 00                    1196 	.db #0x00	; 0
      00047F 00                    1197 	.db #0x00	; 0
      000480 00                    1198 	.db #0x00	; 0
      000481 00                    1199 	.db #0x00	; 0
      000482 00                    1200 	.db #0x00	; 0
      000483 00                    1201 	.db #0x00	; 0
      000484 00                    1202 	.db #0x00	; 0
      000485 00                    1203 	.db #0x00	; 0
      000486 00                    1204 	.db #0x00	; 0
      000487 00                    1205 	.db #0x00	; 0
      000488 00                    1206 	.db #0x00	; 0
      000489 00                    1207 	.db #0x00	; 0
      00048A 00                    1208 	.db #0x00	; 0
      00048B 00                    1209 	.db #0x00	; 0
      00048C 00                    1210 	.db #0x00	; 0
      00048D 00                    1211 	.db #0x00	; 0
      00048E 00                    1212 	.db #0x00	; 0
      00048F 00                    1213 	.db #0x00	; 0
      000490 00                    1214 	.db #0x00	; 0
      000491 00                    1215 	.db #0x00	; 0
      000492 00                    1216 	.db #0x00	; 0
      000493 00                    1217 	.db #0x00	; 0
      000494 00                    1218 	.db #0x00	; 0
      000495 00                    1219 	.db #0x00	; 0
      000496 00                    1220 	.db #0x00	; 0
      000497 00                    1221 	.db #0x00	; 0
      000498 00                    1222 	.db #0x00	; 0
      000499 00                    1223 	.db #0x00	; 0
      00049A 00                    1224 	.db #0x00	; 0
      00049B 00                    1225 	.db #0x00	; 0
      00049C 00                    1226 	.db #0x00	; 0
      00049D 00                    1227 	.db #0x00	; 0
      00049E 00                    1228 	.db #0x00	; 0
      00049F 00                    1229 	.db #0x00	; 0
      0004A0 00                    1230 	.db #0x00	; 0
      0004A1 00                    1231 	.db #0x00	; 0
      0004A2 00                    1232 	.db #0x00	; 0
      0004A3 00                    1233 	.db #0x00	; 0
      0004A4 00                    1234 	.db #0x00	; 0
      0004A5 00                    1235 	.db #0x00	; 0
      0004A6 00                    1236 	.db #0x00	; 0
      0004A7 00                    1237 	.db #0x00	; 0
      0004A8 00                    1238 	.db #0x00	; 0
      0004A9 00                    1239 	.db #0x00	; 0
      0004AA 00                    1240 	.db #0x00	; 0
      0004AB 00                    1241 	.db #0x00	; 0
      0004AC 00                    1242 	.db #0x00	; 0
      0004AD 00                    1243 	.db #0x00	; 0
      0004AE 00                    1244 	.db #0x00	; 0
      0004AF 00                    1245 	.db #0x00	; 0
      0004B0 00                    1246 	.db #0x00	; 0
      0004B1 00                    1247 	.db #0x00	; 0
      0004B2 00                    1248 	.db #0x00	; 0
      0004B3 00                    1249 	.db #0x00	; 0
      0004B4 00                    1250 	.db #0x00	; 0
      0004B5 00                    1251 	.db #0x00	; 0
      0004B6 00                    1252 	.db #0x00	; 0
      0004B7 00                    1253 	.db #0x00	; 0
      0004B8 00                    1254 	.db #0x00	; 0
      0004B9 00                    1255 	.db #0x00	; 0
      0004BA 00                    1256 	.db #0x00	; 0
      0004BB 00                    1257 	.db #0x00	; 0
      0004BC 00                    1258 	.db #0x00	; 0
      0004BD 00                    1259 	.db #0x00	; 0
      0004BE 00                    1260 	.db #0x00	; 0
      0004BF 00                    1261 	.db #0x00	; 0
      0004C0 00                    1262 	.db #0x00	; 0
      0004C1 00                    1263 	.db #0x00	; 0
      0004C2 00                    1264 	.db #0x00	; 0
      0004C3 00                    1265 	.db #0x00	; 0
      0004C4 00                    1266 	.db #0x00	; 0
      0004C5 00                    1267 	.db #0x00	; 0
      0004C6 00                    1268 	.db #0x00	; 0
      0004C7 00                    1269 	.db #0x00	; 0
      0004C8 00                    1270 	.db #0x00	; 0
      0004C9 00                    1271 	.db #0x00	; 0
      0004CA 00                    1272 	.db #0x00	; 0
      0004CB 00                    1273 	.db #0x00	; 0
      0004CC 00                    1274 	.db #0x00	; 0
      0004CD 00                    1275 	.db #0x00	; 0
      0004CE 00                    1276 	.db #0x00	; 0
      0004CF 00                    1277 	.db #0x00	; 0
      0004D0 00                    1278 	.db #0x00	; 0
      0004D1 00                    1279 	.db #0x00	; 0
      0004D2 00                    1280 	.db #0x00	; 0
      0004D3 00                    1281 	.db #0x00	; 0
      0004D4 00                    1282 	.db #0x00	; 0
      0004D5 00                    1283 	.db #0x00	; 0
      0004D6 00                    1284 	.db #0x00	; 0
      0004D7 00                    1285 	.db #0x00	; 0
      0004D8 00                    1286 	.db #0x00	; 0
      0004D9 00                    1287 	.db #0x00	; 0
      0004DA 00                    1288 	.db #0x00	; 0
      0004DB 00                    1289 	.db #0x00	; 0
      0004DC 00                    1290 	.db #0x00	; 0
      0004DD 00                    1291 	.db #0x00	; 0
      0004DE 00                    1292 	.db #0x00	; 0
      0004DF 00                    1293 	.db #0x00	; 0
      0004E0 00                    1294 	.db #0x00	; 0
      0004E1 00                    1295 	.db #0x00	; 0
      0004E2 00                    1296 	.db #0x00	; 0
      0004E3 00                    1297 	.db #0x00	; 0
      0004E4 00                    1298 	.db #0x00	; 0
      0004E5 00                    1299 	.db #0x00	; 0
      0004E6 00                    1300 	.db #0x00	; 0
      0004E7 00                    1301 	.db #0x00	; 0
      0004E8 00                    1302 	.db #0x00	; 0
      0004E9 00                    1303 	.db #0x00	; 0
      0004EA 00                    1304 	.db #0x00	; 0
      0004EB 00                    1305 	.db #0x00	; 0
      0004EC 00                    1306 	.db #0x00	; 0
      0004ED 00                    1307 	.db #0x00	; 0
      0004EE 00                    1308 	.db #0x00	; 0
      0004EF 00                    1309 	.db #0x00	; 0
      0004F0 01                    1310 	.db #0x01	; 1
      0004F1 00                    1311 	.db #0x00	; 0
      0004F2 01                    1312 	.db #0x01	; 1
      0004F3 00                    1313 	.db #0x00	; 0
      0004F4 01                    1314 	.db #0x01	; 1
      0004F5 00                    1315 	.db #0x00	; 0
      0004F6 03                    1316 	.db #0x03	; 3
      0004F7 00                    1317 	.db #0x00	; 0
      0004F8 03                    1318 	.db #0x03	; 3
      0004F9 00                    1319 	.db #0x00	; 0
      0004FA 03                    1320 	.db #0x03	; 3
      0004FB 00                    1321 	.db #0x00	; 0
      0004FC 03                    1322 	.db #0x03	; 3
      0004FD 00                    1323 	.db #0x00	; 0
      0004FE 01                    1324 	.db #0x01	; 1
      0004FF 00                    1325 	.db #0x00	; 0
      000500 80                    1326 	.db #0x80	; 128
      000501 00                    1327 	.db #0x00	; 0
      000502 80                    1328 	.db #0x80	; 128
      000503 00                    1329 	.db #0x00	; 0
      000504 80                    1330 	.db #0x80	; 128
      000505 00                    1331 	.db #0x00	; 0
      000506 C0                    1332 	.db #0xc0	; 192
      000507 00                    1333 	.db #0x00	; 0
      000508 E0                    1334 	.db #0xe0	; 224
      000509 00                    1335 	.db #0x00	; 0
      00050A E1                    1336 	.db #0xe1	; 225
      00050B 00                    1337 	.db #0x00	; 0
      00050C FF                    1338 	.db #0xff	; 255
      00050D 00                    1339 	.db #0x00	; 0
      00050E FF                    1340 	.db #0xff	; 255
      00050F 00                    1341 	.db #0x00	; 0
      000510 00                    1342 	.db #0x00	; 0
      000511 00                    1343 	.db #0x00	; 0
      000512 00                    1344 	.db #0x00	; 0
      000513 00                    1345 	.db #0x00	; 0
      000514 38                    1346 	.db #0x38	; 56	'8'
      000515 00                    1347 	.db #0x00	; 0
      000516 7C                    1348 	.db #0x7c	; 124
      000517 00                    1349 	.db #0x00	; 0
      000518 FC                    1350 	.db #0xfc	; 252
      000519 00                    1351 	.db #0x00	; 0
      00051A FF                    1352 	.db #0xff	; 255
      00051B 00                    1353 	.db #0x00	; 0
      00051C FF                    1354 	.db #0xff	; 255
      00051D 00                    1355 	.db #0x00	; 0
      00051E FF                    1356 	.db #0xff	; 255
      00051F 00                    1357 	.db #0x00	; 0
      000520 00                    1358 	.db #0x00	; 0
      000521 00                    1359 	.db #0x00	; 0
      000522 00                    1360 	.db #0x00	; 0
      000523 00                    1361 	.db #0x00	; 0
      000524 00                    1362 	.db #0x00	; 0
      000525 00                    1363 	.db #0x00	; 0
      000526 00                    1364 	.db #0x00	; 0
      000527 00                    1365 	.db #0x00	; 0
      000528 00                    1366 	.db #0x00	; 0
      000529 00                    1367 	.db #0x00	; 0
      00052A 02                    1368 	.db #0x02	; 2
      00052B 00                    1369 	.db #0x00	; 0
      00052C 37                    1370 	.db #0x37	; 55	'7'
      00052D 00                    1371 	.db #0x00	; 0
      00052E FF                    1372 	.db #0xff	; 255
      00052F 00                    1373 	.db #0x00	; 0
      000530 00                    1374 	.db #0x00	; 0
      000531 00                    1375 	.db #0x00	; 0
      000532 00                    1376 	.db #0x00	; 0
      000533 00                    1377 	.db #0x00	; 0
      000534 00                    1378 	.db #0x00	; 0
      000535 00                    1379 	.db #0x00	; 0
      000536 10                    1380 	.db #0x10	; 16
      000537 00                    1381 	.db #0x00	; 0
      000538 00                    1382 	.db #0x00	; 0
      000539 00                    1383 	.db #0x00	; 0
      00053A 20                    1384 	.db #0x20	; 32
      00053B 00                    1385 	.db #0x00	; 0
      00053C FF                    1386 	.db #0xff	; 255
      00053D 00                    1387 	.db #0x00	; 0
      00053E FF                    1388 	.db #0xff	; 255
      00053F 00                    1389 	.db #0x00	; 0
      000540 00                    1390 	.db #0x00	; 0
      000541 00                    1391 	.db #0x00	; 0
      000542 00                    1392 	.db #0x00	; 0
      000543 00                    1393 	.db #0x00	; 0
      000544 00                    1394 	.db #0x00	; 0
      000545 00                    1395 	.db #0x00	; 0
      000546 00                    1396 	.db #0x00	; 0
      000547 00                    1397 	.db #0x00	; 0
      000548 00                    1398 	.db #0x00	; 0
      000549 00                    1399 	.db #0x00	; 0
      00054A 00                    1400 	.db #0x00	; 0
      00054B 00                    1401 	.db #0x00	; 0
      00054C EF                    1402 	.db #0xef	; 239
      00054D 00                    1403 	.db #0x00	; 0
      00054E FF                    1404 	.db #0xff	; 255
      00054F 00                    1405 	.db #0x00	; 0
      000550 00                    1406 	.db #0x00	; 0
      000551 00                    1407 	.db #0x00	; 0
      000552 00                    1408 	.db #0x00	; 0
      000553 00                    1409 	.db #0x00	; 0
      000554 00                    1410 	.db #0x00	; 0
      000555 00                    1411 	.db #0x00	; 0
      000556 00                    1412 	.db #0x00	; 0
      000557 00                    1413 	.db #0x00	; 0
      000558 00                    1414 	.db #0x00	; 0
      000559 00                    1415 	.db #0x00	; 0
      00055A 00                    1416 	.db #0x00	; 0
      00055B 00                    1417 	.db #0x00	; 0
      00055C ED                    1418 	.db #0xed	; 237
      00055D 00                    1419 	.db #0x00	; 0
      00055E FF                    1420 	.db #0xff	; 255
      00055F 00                    1421 	.db #0x00	; 0
      000560 00                    1422 	.db #0x00	; 0
      000561 00                    1423 	.db #0x00	; 0
      000562 00                    1424 	.db #0x00	; 0
      000563 00                    1425 	.db #0x00	; 0
      000564 00                    1426 	.db #0x00	; 0
      000565 00                    1427 	.db #0x00	; 0
      000566 00                    1428 	.db #0x00	; 0
      000567 00                    1429 	.db #0x00	; 0
      000568 00                    1430 	.db #0x00	; 0
      000569 00                    1431 	.db #0x00	; 0
      00056A 00                    1432 	.db #0x00	; 0
      00056B 00                    1433 	.db #0x00	; 0
      00056C F8                    1434 	.db #0xf8	; 248
      00056D 00                    1435 	.db #0x00	; 0
      00056E FF                    1436 	.db #0xff	; 255
      00056F 00                    1437 	.db #0x00	; 0
      000570 00                    1438 	.db #0x00	; 0
      000571 00                    1439 	.db #0x00	; 0
      000572 00                    1440 	.db #0x00	; 0
      000573 00                    1441 	.db #0x00	; 0
      000574 00                    1442 	.db #0x00	; 0
      000575 00                    1443 	.db #0x00	; 0
      000576 00                    1444 	.db #0x00	; 0
      000577 00                    1445 	.db #0x00	; 0
      000578 00                    1446 	.db #0x00	; 0
      000579 00                    1447 	.db #0x00	; 0
      00057A 00                    1448 	.db #0x00	; 0
      00057B 00                    1449 	.db #0x00	; 0
      00057C 00                    1450 	.db #0x00	; 0
      00057D 00                    1451 	.db #0x00	; 0
      00057E FF                    1452 	.db #0xff	; 255
      00057F 00                    1453 	.db #0x00	; 0
      000580 00                    1454 	.db #0x00	; 0
      000581 00                    1455 	.db #0x00	; 0
      000582 00                    1456 	.db #0x00	; 0
      000583 00                    1457 	.db #0x00	; 0
      000584 00                    1458 	.db #0x00	; 0
      000585 00                    1459 	.db #0x00	; 0
      000586 00                    1460 	.db #0x00	; 0
      000587 00                    1461 	.db #0x00	; 0
      000588 00                    1462 	.db #0x00	; 0
      000589 00                    1463 	.db #0x00	; 0
      00058A F0                    1464 	.db #0xf0	; 240
      00058B 00                    1465 	.db #0x00	; 0
      00058C FF                    1466 	.db #0xff	; 255
      00058D 00                    1467 	.db #0x00	; 0
      00058E FF                    1468 	.db #0xff	; 255
      00058F 00                    1469 	.db #0x00	; 0
      000590 01                    1470 	.db #0x01	; 1
      000591 00                    1471 	.db #0x00	; 0
      000592 03                    1472 	.db #0x03	; 3
      000593 00                    1473 	.db #0x00	; 0
      000594 03                    1474 	.db #0x03	; 3
      000595 00                    1475 	.db #0x00	; 0
      000596 03                    1476 	.db #0x03	; 3
      000597 00                    1477 	.db #0x00	; 0
      000598 01                    1478 	.db #0x01	; 1
      000599 00                    1479 	.db #0x00	; 0
      00059A 01                    1480 	.db #0x01	; 1
      00059B 00                    1481 	.db #0x00	; 0
      00059C FF                    1482 	.db #0xff	; 255
      00059D 00                    1483 	.db #0x00	; 0
      00059E FF                    1484 	.db #0xff	; 255
      00059F 00                    1485 	.db #0x00	; 0
      0005A0                       1486 _Parchment_Border_map:
      0005A0 00                    1487 	.db #0x00	; 0
      0005A1 01                    1488 	.db #0x01	; 1
      0005A2 02                    1489 	.db #0x02	; 2
      0005A3 03                    1490 	.db #0x03	; 3
      0005A4 04                    1491 	.db #0x04	; 4
      0005A5 05                    1492 	.db #0x05	; 5
      0005A6 06                    1493 	.db #0x06	; 6
      0005A7 07                    1494 	.db #0x07	; 7
      0005A8 08                    1495 	.db #0x08	; 8
      0005A9 09                    1496 	.db #0x09	; 9
      0005AA 0A                    1497 	.db #0x0a	; 10
      0005AB 0B                    1498 	.db #0x0b	; 11
      0005AC 0C                    1499 	.db #0x0c	; 12
      0005AD 0D                    1500 	.db #0x0d	; 13
      0005AE 0E                    1501 	.db #0x0e	; 14
      0005AF 0F                    1502 	.db #0x0f	; 15
      0005B0 10                    1503 	.db #0x10	; 16
      0005B1 11                    1504 	.db #0x11	; 17
      0005B2 12                    1505 	.db #0x12	; 18
      0005B3 13                    1506 	.db #0x13	; 19
      0005B4 14                    1507 	.db #0x14	; 20
      0005B5 15                    1508 	.db #0x15	; 21
      0005B6 16                    1509 	.db #0x16	; 22
      0005B7 17                    1510 	.db #0x17	; 23
      0005B8 18                    1511 	.db #0x18	; 24
      0005B9 19                    1512 	.db #0x19	; 25
      0005BA 1A                    1513 	.db #0x1a	; 26
      0005BB 1B                    1514 	.db #0x1b	; 27
      0005BC 1C                    1515 	.db #0x1c	; 28
      0005BD 1D                    1516 	.db #0x1d	; 29
      0005BE 1E                    1517 	.db #0x1e	; 30
      0005BF 1F                    1518 	.db #0x1f	; 31
      0005C0 20                    1519 	.db #0x20	; 32
      0005C1 21                    1520 	.db #0x21	; 33
      0005C2 22                    1521 	.db #0x22	; 34
      0005C3 23                    1522 	.db #0x23	; 35
      0005C4 24                    1523 	.db #0x24	; 36
      0005C5 25                    1524 	.db #0x25	; 37
      0005C6 26                    1525 	.db #0x26	; 38
      0005C7 27                    1526 	.db #0x27	; 39
      0005C8 28                    1527 	.db #0x28	; 40
      0005C9 29                    1528 	.db #0x29	; 41
      0005CA 2A                    1529 	.db #0x2a	; 42
      0005CB 2B                    1530 	.db #0x2b	; 43
      0005CC 2C                    1531 	.db #0x2c	; 44
      0005CD 2D                    1532 	.db #0x2d	; 45
      0005CE 2E                    1533 	.db #0x2e	; 46
      0005CF 2F                    1534 	.db #0x2f	; 47
      0005D0 30                    1535 	.db #0x30	; 48	'0'
      0005D1 31                    1536 	.db #0x31	; 49	'1'
      0005D2 32                    1537 	.db #0x32	; 50	'2'
      0005D3 33                    1538 	.db #0x33	; 51	'3'
      0005D4 34                    1539 	.db #0x34	; 52	'4'
      0005D5 35                    1540 	.db #0x35	; 53	'5'
      0005D6 36                    1541 	.db #0x36	; 54	'6'
      0005D7 37                    1542 	.db #0x37	; 55	'7'
      0005D8 38                    1543 	.db #0x38	; 56	'8'
      0005D9 39                    1544 	.db #0x39	; 57	'9'
      0005DA 3A                    1545 	.db #0x3a	; 58
      0005DB 3B                    1546 	.db #0x3b	; 59
      0005DC 3C                    1547 	.db #0x3c	; 60
      0005DD 3D                    1548 	.db #0x3d	; 61
      0005DE 3E                    1549 	.db #0x3e	; 62
      0005DF 3F                    1550 	.db #0x3f	; 63
      0005E0 40                    1551 	.db #0x40	; 64
      0005E1 41                    1552 	.db #0x41	; 65	'A'
      0005E2 42                    1553 	.db #0x42	; 66	'B'
      0005E3 43                    1554 	.db #0x43	; 67	'C'
      0005E4 44                    1555 	.db #0x44	; 68	'D'
      0005E5 45                    1556 	.db #0x45	; 69	'E'
      0005E6 46                    1557 	.db #0x46	; 70	'F'
      0005E7 47                    1558 	.db #0x47	; 71	'G'
      0005E8 48                    1559 	.db #0x48	; 72	'H'
      0005E9 49                    1560 	.db #0x49	; 73	'I'
      0005EA 4A                    1561 	.db #0x4a	; 74	'J'
      0005EB 4B                    1562 	.db #0x4b	; 75	'K'
      0005EC 4C                    1563 	.db #0x4c	; 76	'L'
      0005ED 4D                    1564 	.db #0x4d	; 77	'M'
      0005EE 4E                    1565 	.db #0x4e	; 78	'N'
      0005EF 4F                    1566 	.db #0x4f	; 79	'O'
      0005F0 50                    1567 	.db #0x50	; 80	'P'
      0005F1 51                    1568 	.db #0x51	; 81	'Q'
      0005F2 52                    1569 	.db #0x52	; 82	'R'
      0005F3 53                    1570 	.db #0x53	; 83	'S'
      0005F4 54                    1571 	.db #0x54	; 84	'T'
      0005F5 55                    1572 	.db #0x55	; 85	'U'
      0005F6 56                    1573 	.db #0x56	; 86	'V'
      0005F7 57                    1574 	.db #0x57	; 87	'W'
      0005F8 58                    1575 	.db #0x58	; 88	'X'
      0005F9 59                    1576 	.db #0x59	; 89	'Y'
      0005FA 00                    1577 	.db #0x00	; 0
      0005FB 00                    1578 	.db #0x00	; 0
      0005FC 00                    1579 	.db #0x00	; 0
      0005FD 00                    1580 	.db #0x00	; 0
      0005FE 00                    1581 	.db #0x00	; 0
      0005FF 00                    1582 	.db #0x00	; 0
      000600 00                    1583 	.db #0x00	; 0
      000601 00                    1584 	.db #0x00	; 0
      000602 00                    1585 	.db #0x00	; 0
      000603 00                    1586 	.db #0x00	; 0
                                   1587 	.area _INITIALIZER
                                   1588 	.area _CABS (ABS)
